<!DOCTYPE html PUBLIC "-//W3C//DTD XHTML 1.1//EN" "http://www.w3.org/TR/xhtml11/DTD/xhtml11.dtd">
<!-- saved from url=(0063)file:///C:/MobilityAutomation/test-output/emailable-report.html -->
<html xmlns="http://www.w3.org/1999/xhtml"><head><meta http-equiv="Content-Type" content="text/html; charset=UTF-8">

<title>TestNG Report</title>
<style type="text/css">table {margin-bottom:10px;border-collapse:collapse;empty-cells:show}th,td {border:1px solid #009;padding:.25em .5em}th {vertical-align:bottom}td {vertical-align:top}table a {font-weight:bold}.stripe td {background-color: #E6EBF9}.num {text-align:right}.passedodd td {background-color: #3F3}.passedeven td {background-color: #0A0}.skippedodd td {background-color: #DDD}.skippedeven td {background-color: #CCC}.failedodd td,.attn {background-color: #F33}.failedeven td,.stripe .attn {background-color: #D00}.stacktrace {white-space:pre;font-family:monospace}.totop {font-size:85%;text-align:center;border-bottom:2px solid #000}.invisible {display:none}</style>
</head>
<body>
<table>
<tbody><tr><th>Test</th><th># Passed</th><th># Skipped</th><th># Failed</th><th>Time (ms)</th><th>Included Groups</th><th>Excluded Groups</th></tr>
<tr><th colspan="7">Default suite</th></tr>
<tr><td><a href="file:///C:/MobilityAutomation/test-output/emailable-report.html#t0">Default test</a></td><td class="num">27</td><td class="num attn">1</td><td class="num attn">69</td><td class="num">6,299,969</td><td></td><td></td></tr>
</tbody></table>
<table id="summary"><thead><tr><th>Class</th><th>Method</th><th>Start</th><th>Time (ms)</th></tr></thead><tbody><tr><th colspan="4">Default suite</th></tr></tbody><tbody id="t0"><tr><th colspan="4">Default test — failed (configuration methods)</th></tr><tr class="failedeven"><td rowspan="1">automationTestCases.Exchange_9_Gas_Initial_Risk_Assessment_Gas_Abort_Chrome</td><td><a href="file:///C:/MobilityAutomation/test-output/emailable-report.html#m0">beforeMethod</a></td><td rowspan="1">1505899040457</td><td rowspan="1">2281</td></tr><tr><th colspan="4">Default test — failed</th></tr><tr class="failedeven"><td rowspan="1">automationTestCases.Exchange_11_Appointment_Details_Page_Abort_No_Access_Chrome</td><td><a href="file:///C:/MobilityAutomation/test-output/emailable-report.html#m1">main</a></td><td rowspan="1">1505902753227</td><td rowspan="1">58938</td></tr><tr class="failedodd"><td rowspan="1">automationTestCases.Exchange_11_Elec_Initial_Polarity_Check_At_Meter_Page_Abort_Chrome</td><td><a href="file:///C:/MobilityAutomation/test-output/emailable-report.html#m2">main</a></td><td rowspan="1">1505900051692</td><td rowspan="1">60991</td></tr><tr class="failedeven"><td rowspan="1">automationTestCases.Exchange_11_End_To_End_Chrome</td><td><a href="file:///C:/MobilityAutomation/test-output/emailable-report.html#m3">main</a></td><td rowspan="1">1505903549544</td><td rowspan="1">66419</td></tr><tr class="failedodd"><td rowspan="1">automationTestCases.Exchange_1_Appointment_Details_Page_Abort_No_Access_Chrome</td><td><a href="file:///C:/MobilityAutomation/test-output/emailable-report.html#m4">main</a></td><td rowspan="1">1505898655301</td><td rowspan="1">53967</td></tr><tr class="failedeven"><td rowspan="1">automationTestCases.Exchange_1_End_To_End_Chrome</td><td><a href="file:///C:/MobilityAutomation/test-output/emailable-report.html#m5">main</a></td><td rowspan="1">1505903248020</td><td rowspan="1">64730</td></tr><tr class="failedodd"><td rowspan="1">automationTestCases.Exchange_1_Gas_Meter_Initial_Risk_Assessment_Gas_Abort_Chrome</td><td><a href="file:///C:/MobilityAutomation/test-output/emailable-report.html#m6">main</a></td><td rowspan="1">1505900822463</td><td rowspan="1">42055</td></tr><tr class="failedeven"><td rowspan="1">automationTestCases.Exchange_1_Gas_Meter_Post_Installation_Gas_Tightness_Test_Abort_Chrome</td><td><a href="file:///C:/MobilityAutomation/test-output/emailable-report.html#m7">main</a></td><td rowspan="1">1505899764979</td><td rowspan="1">39874</td></tr><tr class="failedodd"><td rowspan="1">automationTestCases.Exchange_1_Gas_Meter_Pre_Installation_Gas_Tightness_Test_Failed_Test_Abort_Chrome</td><td><a href="file:///C:/MobilityAutomation/test-output/emailable-report.html#m8">main</a></td><td rowspan="1">1505900572824</td><td rowspan="1">40332</td></tr><tr class="failedeven"><td rowspan="1">automationTestCases.Exchange_1_Gas_Meter_Pre_Installation_Gas_Tightness_Test_Low_Pressure_Abort_Chrome</td><td><a href="file:///C:/MobilityAutomation/test-output/emailable-report.html#m9">main</a></td><td rowspan="1">1505898472040</td><td rowspan="1">37510</td></tr><tr class="failedodd"><td rowspan="1">automationTestCases.Exchange_1_Gas_Risk_Assessment_Gas_Abort_Low_Pressure_Chrome</td><td><a href="file:///C:/MobilityAutomation/test-output/emailable-report.html#m10">main</a></td><td rowspan="1">1505898949742</td><td rowspan="1">40803</td></tr><tr class="failedeven"><td rowspan="1">automationTestCases.Exchange_1_Gas_Risk_Assessment_Gas_Abort_Med_Pressure_Chrome</td><td><a href="file:///C:/MobilityAutomation/test-output/emailable-report.html#m11">main</a></td><td rowspan="1">1505904476299</td><td rowspan="1">43778</td></tr><tr class="failedodd"><td rowspan="1">automationTestCases.Exchange_2_Appointment_Details_Page_Abort_No_Access_Chrome</td><td><a href="file:///C:/MobilityAutomation/test-output/emailable-report.html#m12">main</a></td><td rowspan="1">1505902121777</td><td rowspan="1">37677</td></tr><tr class="failedeven"><td rowspan="1">automationTestCases.Exchange_2_Elec_HAN_WAN_Checks_Page_Abort_Chrome</td><td><a href="file:///C:/MobilityAutomation/test-output/emailable-report.html#m13">main</a></td><td rowspan="1">1505902248251</td><td rowspan="1">81084</td></tr><tr class="failedodd"><td rowspan="1">automationTestCases.Exchange_2_Elec_Initial_Polarity_Check_At_Meter_Page_Abort_Chrome</td><td><a href="file:///C:/MobilityAutomation/test-output/emailable-report.html#m14">main</a></td><td rowspan="1">1505899674895</td><td rowspan="1">80063</td></tr><tr class="failedeven"><td rowspan="1">automationTestCases.Exchange_2_Elec_Suitable_For_Smart_Installation_Page_Abort_Chrome</td><td><a href="file:///C:/MobilityAutomation/test-output/emailable-report.html#m15">main</a></td><td rowspan="1">1505901694770</td><td rowspan="1">85080</td></tr><tr class="failedodd"><td rowspan="1">automationTestCases.Exchange_2_End_To_End_Chrome</td><td><a href="file:///C:/MobilityAutomation/test-output/emailable-report.html#m16">main</a></td><td rowspan="1">1505901390570</td><td rowspan="1">82778</td></tr><tr class="failedeven"><td rowspan="1">automationTestCases.Exchange_3_Appointment_Details_Page_Abort_No_Access_Chrome</td><td><a href="file:///C:/MobilityAutomation/test-output/emailable-report.html#m17">main</a></td><td rowspan="1">1505899049697</td><td rowspan="1">33545</td></tr><tr class="failedodd"><td rowspan="1">automationTestCases.Exchange_3_Elec_HAN_WAN_Checks_Page_Abort_Chrome</td><td><a href="file:///C:/MobilityAutomation/test-output/emailable-report.html#m18">main</a></td><td rowspan="1">1505903150991</td><td rowspan="1">87590</td></tr><tr class="failedeven"><td rowspan="1">automationTestCases.Exchange_3_Elec_Initial_Polarity_Check_At_Meter_Page_Abort_Chrome</td><td><a href="file:///C:/MobilityAutomation/test-output/emailable-report.html#m19">main</a></td><td rowspan="1">1505899134109</td><td rowspan="1">84988</td></tr><tr class="failedodd"><td rowspan="1">automationTestCases.Exchange_3_End_To_End_Chrome</td><td><a href="file:///C:/MobilityAutomation/test-output/emailable-report.html#m20">main</a></td><td rowspan="1">1505901875331</td><td rowspan="1">107678</td></tr><tr class="failedeven"><td rowspan="1">automationTestCases.Exchange_3_Gas_Meter_Post_Installation_Gas_Tightness_Test_Abort_Chrome</td><td><a href="file:///C:/MobilityAutomation/test-output/emailable-report.html#m21">main</a></td><td rowspan="1">1505899556770</td><td rowspan="1">109101</td></tr><tr class="failedodd"><td rowspan="1">automationTestCases.Exchange_3_Gas_Meter_Pre_Installation_Gas_Tightness_Test_Failed_Test_Abort_Chrome</td><td><a href="file:///C:/MobilityAutomation/test-output/emailable-report.html#m22">main</a></td><td rowspan="1">1505904600344</td><td rowspan="1">106799</td></tr><tr class="failedeven"><td rowspan="1">automationTestCases.Exchange_3_Gas_Meter_Pre_Installation_Gas_Tightness_Test_Low_Pressure_Abort_Chrome</td><td><a href="file:///C:/MobilityAutomation/test-output/emailable-report.html#m23">main</a></td><td rowspan="1">1505901221628</td><td rowspan="1">106010</td></tr><tr class="failedodd"><td rowspan="1">automationTestCases.Exchange_3_Gas_Risk_Assessment_Gas_Abort_Low_Pressure_Chrome</td><td><a href="file:///C:/MobilityAutomation/test-output/emailable-report.html#m24">main</a></td><td rowspan="1">1505902560950</td><td rowspan="1">109724</td></tr><tr class="failedeven"><td rowspan="1">automationTestCases.Exchange_3_Gas_Risk_Assessment_Gas_Abort_Med_Pressure_Chrome</td><td><a href="file:///C:/MobilityAutomation/test-output/emailable-report.html#m25">main</a></td><td rowspan="1">1505901575517</td><td rowspan="1">107944</td></tr><tr class="failedodd"><td rowspan="1">automationTestCases.Exchange_3_Gas_Suitable_For_Smart_Installation_Abort_Chrome</td><td><a href="file:///C:/MobilityAutomation/test-output/emailable-report.html#m26">main</a></td><td rowspan="1">1505900457093</td><td rowspan="1">107140</td></tr><tr class="failedeven"><td rowspan="1">automationTestCases.Exchange_5_Appointment_Details_Page_Abort_No_Access_Chrome</td><td><a href="file:///C:/MobilityAutomation/test-output/emailable-report.html#m27">main</a></td><td rowspan="1">1505899395071</td><td rowspan="1">54613</td></tr><tr class="failedodd"><td rowspan="1">automationTestCases.Exchange_5_Doorstep_Protocol_Page_Abort_Doorstep_Procedure_Fail_Chrome</td><td><a href="file:///C:/MobilityAutomation/test-output/emailable-report.html#m28">main</a></td><td rowspan="1">1505904002455</td><td rowspan="1">99940</td></tr><tr class="failedeven"><td rowspan="1">automationTestCases.Exchange_5_Elec_Initial_Polarity_Check_At_Meter_Page_Abort_Chrome</td><td><a href="file:///C:/MobilityAutomation/test-output/emailable-report.html#m29">main</a></td><td rowspan="1">1505904217412</td><td rowspan="1">26410</td></tr><tr class="failedodd"><td rowspan="1">automationTestCases.Exchange_5_Elec_Initial_Risk_Assessment_Page_Abort_Chrome</td><td><a href="file:///C:/MobilityAutomation/test-output/emailable-report.html#m30">main</a></td><td rowspan="1">1505902961062</td><td rowspan="1">26746</td></tr><tr class="failedeven"><td rowspan="1">automationTestCases.Exchange_5_End_To_End_Chrome</td><td><a href="file:///C:/MobilityAutomation/test-output/emailable-report.html#m31">main</a></td><td rowspan="1">1505903003435</td><td rowspan="1">87407</td></tr><tr class="failedodd"><td rowspan="1">automationTestCases.Exchange_9_Appointment_Details_Page_Abort_No_Access_Chrome</td><td><a href="file:///C:/MobilityAutomation/test-output/emailable-report.html#m32">main</a></td><td rowspan="1">1505903747581</td><td rowspan="1">34936</td></tr><tr class="failedeven"><td rowspan="1">automationTestCases.Exchange_9_Elec_HAN_WAN_Checks_Page_Abort_Chrome</td><td><a href="file:///C:/MobilityAutomation/test-output/emailable-report.html#m33">main</a></td><td rowspan="1">1505900226167</td><td rowspan="1">42228</td></tr><tr class="failedodd"><td rowspan="1">automationTestCases.Exchange_9_Elec_Initial_Polarity_Check_At_Meter_Page_Abort_Chrome</td><td><a href="file:///C:/MobilityAutomation/test-output/emailable-report.html#m34">main</a></td><td rowspan="1">1505900349324</td><td rowspan="1">40382</td></tr><tr class="failedeven"><td rowspan="1">automationTestCases.Exchange_9_Elec_Suitable_For_Smart_Installation_Page_Abort_Chrome</td><td><a href="file:///C:/MobilityAutomation/test-output/emailable-report.html#m35">main</a></td><td rowspan="1">1505899941372</td><td rowspan="1">14864</td></tr><tr class="failedodd"><td rowspan="1">automationTestCases.Exchange_9_End_To_End_Chrome</td><td><a href="file:///C:/MobilityAutomation/test-output/emailable-report.html#m36">main</a></td><td rowspan="1">1505898605757</td><td rowspan="1">41022</td></tr><tr class="failedeven"><td rowspan="1">automationTestCases.Exchange_9_Gas_Meter_Post_Installation_Gas_Tightness_Test_Abort_Chrome</td><td><a href="file:///C:/MobilityAutomation/test-output/emailable-report.html#m37">main</a></td><td rowspan="1">1505900970245</td><td rowspan="1">41197</td></tr><tr class="failedodd"><td rowspan="1">automationTestCases.Exchange_9_Gas_Meter_Pre_Installation_Gas_Tightness_Test_Failed_Test_Abort_Chrome</td><td><a href="file:///C:/MobilityAutomation/test-output/emailable-report.html#m38">main</a></td><td rowspan="1">1505904254821</td><td rowspan="1">41574</td></tr><tr class="failedeven"><td rowspan="1">automationTestCases.Exchange_9_Gas_Meter_Pre_Installation_Gas_Tightness_Test_Low_Pressure_Abort_Chrome</td><td><a href="file:///C:/MobilityAutomation/test-output/emailable-report.html#m39">main</a></td><td rowspan="1">1505902691983</td><td rowspan="1">48333</td></tr><tr class="failedodd"><td rowspan="1">automationTestCases.Exchange_9_Gas_Risk_Assessment_Gas_Abort_Low_Pressure_Chrome</td><td><a href="file:///C:/MobilityAutomation/test-output/emailable-report.html#m40">main</a></td><td rowspan="1">1505901484440</td><td rowspan="1">44205</td></tr><tr class="failedeven"><td rowspan="1">automationTestCases.Exchange_9_Gas_Risk_Assessment_Gas_Abort_Med_Pressure_Chrome</td><td><a href="file:///C:/MobilityAutomation/test-output/emailable-report.html#m41">main</a></td><td rowspan="1">1505900000250</td><td rowspan="1">41264</td></tr><tr class="failedodd"><td rowspan="1">automationTestCases.FLTY_17_Appointment_Details_Page_Abort_No_Access_Chrome</td><td><a href="file:///C:/MobilityAutomation/test-output/emailable-report.html#m42">main</a></td><td rowspan="1">1505902827944</td><td rowspan="1">60567</td></tr><tr class="failedeven"><td rowspan="1">automationTestCases.FLTY_17_Elec_Initial_Polarity_Check_At_Meter_Page_Abort_Chrome</td><td><a href="file:///C:/MobilityAutomation/test-output/emailable-report.html#m43">main</a></td><td rowspan="1">1505902044947</td><td rowspan="1">65504</td></tr><tr class="failedodd"><td rowspan="1">automationTestCases.FLTY_17_Elec_Suitable_For_Smart_Installation_Page_Abort_Chrome</td><td><a href="file:///C:/MobilityAutomation/test-output/emailable-report.html#m44">main</a></td><td rowspan="1">1505901020340</td><td rowspan="1">60802</td></tr><tr class="failedeven"><td rowspan="1">automationTestCases.FLTY_17_End_To_End_Chrome</td><td><a href="file:///C:/MobilityAutomation/test-output/emailable-report.html#m45">main</a></td><td rowspan="1">1505903829927</td><td rowspan="1">111187</td></tr><tr class="failedodd"><td rowspan="1">automationTestCases.FLTY_17_Gas_Meter_Post_Installation_Gas_Tightness_Test_Abort_Chrome</td><td><a href="file:///C:/MobilityAutomation/test-output/emailable-report.html#m46">main</a></td><td rowspan="1">1505898834202</td><td rowspan="1">107123</td></tr><tr class="failedeven"><td rowspan="1">automationTestCases.FLTY_17_Gas_Meter_Pre_Installation_Gas_Tightness_Test_Failed_Test_Abort_Chrome</td><td><a href="file:///C:/MobilityAutomation/test-output/emailable-report.html#m47">main</a></td><td rowspan="1">1505898718898</td><td rowspan="1">41416</td></tr><tr class="failedodd"><td rowspan="1">automationTestCases.FLTY_17_Gas_Meter_Pre_Installation_Gas_Tightness_Test_Low_Pressure_Abort_Chrome</td><td><a href="file:///C:/MobilityAutomation/test-output/emailable-report.html#m48">main</a></td><td rowspan="1">1505903491117</td><td rowspan="1">41960</td></tr><tr class="failedeven"><td rowspan="1">automationTestCases.FLTY_17_Gas_Risk_Assessment_Gas_Abort_Low_Pressure_Chrome</td><td><a href="file:///C:/MobilityAutomation/test-output/emailable-report.html#m49">main</a></td><td rowspan="1">1505900872684</td><td rowspan="1">40215</td></tr><tr class="failedodd"><td rowspan="1">automationTestCases.FLTY_17_Gas_Risk_Assessment_Gas_Abort_Med_Pressure_Chrome</td><td><a href="file:///C:/MobilityAutomation/test-output/emailable-report.html#m50">main</a></td><td rowspan="1">1505903100622</td><td rowspan="1">41503</td></tr><tr class="failedeven"><td rowspan="1">automationTestCases.FLTY_17_Gas_Suitable_For_Smart_Installation_Abort_Chrome</td><td><a href="file:///C:/MobilityAutomation/test-output/emailable-report.html#m51">main</a></td><td rowspan="1">1505898998831</td><td rowspan="1">40313</td></tr><tr class="failedodd"><td rowspan="1">automationTestCases.FLTY_2_Appointment_Details_Page_Abort_No_Access_Chrome</td><td><a href="file:///C:/MobilityAutomation/test-output/emailable-report.html#m52">main</a></td><td rowspan="1">1505899091476</td><td rowspan="1">34226</td></tr><tr class="failedeven"><td rowspan="1">automationTestCases.FLTY_2_Elec_Determine_Emergency_Call_Out_Page_Abort_Chrome</td><td><a href="file:///C:/MobilityAutomation/test-output/emailable-report.html#m53">main</a></td><td rowspan="1">1505901136181</td><td rowspan="1">77382</td></tr><tr class="failedodd"><td rowspan="1">automationTestCases.FLTY_2_Elec_Initial_Polarity_Check_At_Meter_Page_Abort_Chrome</td><td><a href="file:///C:/MobilityAutomation/test-output/emailable-report.html#m54">main</a></td><td rowspan="1">1505900621498</td><td rowspan="1">78201</td></tr><tr class="failedeven"><td rowspan="1">automationTestCases.FLTY_2_Elec_Initial_Risk_Assessment_Page_Abort_Chrome</td><td><a href="file:///C:/MobilityAutomation/test-output/emailable-report.html#m55">main</a></td><td rowspan="1">1505899228528</td><td rowspan="1">157835</td></tr><tr class="failedodd"><td rowspan="1">automationTestCases.FLTY_2_Elec_Risk_Assessment_Page_Abort_Chrome</td><td><a href="file:///C:/MobilityAutomation/test-output/emailable-report.html#m56">main</a></td><td rowspan="1">1505903656989</td><td rowspan="1">81478</td></tr><tr class="failedeven"><td rowspan="1">automationTestCases.FLTY_2_End_To_End_Chrome</td><td><a href="file:///C:/MobilityAutomation/test-output/emailable-report.html#m57">main</a></td><td rowspan="1">1505898519549</td><td rowspan="1">77936</td></tr><tr class="failedodd"><td rowspan="1">automationTestCases.INST_5_Appointment_Details_Page_Abort_No_Access_Chrome</td><td><a href="file:///C:/MobilityAutomation/test-output/emailable-report.html#m58">main</a></td><td rowspan="1">1505900152621</td><td rowspan="1">54262</td></tr><tr class="failedeven"><td rowspan="1">automationTestCases.INST_5_Elec_Initial_Polarity_Check_At_Meter_Page_Abort_Chrome</td><td><a href="file:///C:/MobilityAutomation/test-output/emailable-report.html#m59">main</a></td><td rowspan="1">1505899458530</td><td rowspan="1">63401</td></tr><tr class="failedodd"><td rowspan="1">automationTestCases.INST_5_End_To_End_Chrome</td><td><a href="file:///C:/MobilityAutomation/test-output/emailable-report.html#m60">main</a></td><td rowspan="1">1505904528844</td><td rowspan="1">62777</td></tr><tr class="failedeven"><td rowspan="1">automationTestCases.NMEX_5_Appointment_Details_Page_Abort_No_Access_Chrome</td><td><a href="file:///C:/MobilityAutomation/test-output/emailable-report.html#m61">main</a></td><td rowspan="1">1505901994475</td><td rowspan="1">36374</td></tr><tr class="failedodd"><td rowspan="1">automationTestCases.NMEX_5_Elec_Initial_Risk_Assessment_Page_Abort_Chrome</td><td><a href="file:///C:/MobilityAutomation/test-output/emailable-report.html#m62">main</a></td><td rowspan="1">1505904306449</td><td rowspan="1">160159</td></tr><tr class="failedeven"><td rowspan="1">automationTestCases.NMEX_5_Elec_Risk_Assessment_Page_Abort_Chrome</td><td><a href="file:///C:/MobilityAutomation/test-output/emailable-report.html#m63">main</a></td><td rowspan="1">1505902408410</td><td rowspan="1">82282</td></tr><tr class="failedodd"><td rowspan="1">automationTestCases.NMEX_5_End_To_End_Chrome</td><td><a href="file:///C:/MobilityAutomation/test-output/emailable-report.html#m64">main</a></td><td rowspan="1">1505900711830</td><td rowspan="1">77298</td></tr><tr class="failedeven"><td rowspan="1">automationTestCases.RMVE_1_Appointment_Details_Page_Abort_No_Access_Chrome</td><td><a href="file:///C:/MobilityAutomation/test-output/emailable-report.html#m65">main</a></td><td rowspan="1">1505903321231</td><td rowspan="1">36480</td></tr><tr class="failedodd"><td rowspan="1">automationTestCases.RMVE_1_End_To_End_Chrome</td><td><a href="file:///C:/MobilityAutomation/test-output/emailable-report.html#m66">main</a></td><td rowspan="1">1505902507174</td><td rowspan="1">41914</td></tr><tr class="failedeven"><td rowspan="1">automationTestCases.RMVE_1_Gas_Meter_Initial_Risk_Assessment_Gas_Abort_Chrome</td><td><a href="file:///C:/MobilityAutomation/test-output/emailable-report.html#m67">main</a></td><td rowspan="1">1505902905915</td><td rowspan="1">42320</td></tr><tr class="failedodd"><td rowspan="1">automationTestCases.RMVE_1_Gas_Risk_Assessment_Gas_Abort_Low_Pressure_Chrome</td><td><a href="file:///C:/MobilityAutomation/test-output/emailable-report.html#m68">main</a></td><td rowspan="1">1505903409314</td><td rowspan="1">38558</td></tr><tr class="failedeven"><td rowspan="1">automationTestCases.RMVE_1_Gas_Risk_Assessment_Gas_Abort_Med_Pressure_Chrome</td><td><a href="file:///C:/MobilityAutomation/test-output/emailable-report.html#m69">main</a></td><td rowspan="1">1505898769783</td><td rowspan="1">36999</td></tr><tr><th colspan="4">Default test — skipped (configuration methods)</th></tr><tr class="skippedeven"><td rowspan="1">automationTestCases.Exchange_9_Gas_Initial_Risk_Assessment_Gas_Abort_Chrome</td><td><a href="file:///C:/MobilityAutomation/test-output/emailable-report.html#m70">afterMethod</a></td><td rowspan="1">1505899042765</td><td rowspan="1">0</td></tr><tr><th colspan="4">Default test — skipped</th></tr><tr class="skippedeven"><td rowspan="1">automationTestCases.Exchange_9_Gas_Initial_Risk_Assessment_Gas_Abort_Chrome</td><td><a href="file:///C:/MobilityAutomation/test-output/emailable-report.html#m71">main</a></td><td rowspan="1">1505899042752</td><td rowspan="1">0</td></tr><tr><th colspan="4">Default test — passed</th></tr><tr class="passedeven"><td rowspan="1">automationTestCases.Asset_Management_Add_Assets_Chrome</td><td><a href="file:///C:/MobilityAutomation/test-output/emailable-report.html#m72">main</a></td><td rowspan="1">1505900797659</td><td rowspan="1">15250</td></tr><tr class="passedodd"><td rowspan="1">automationTestCases.Asset_Management_Stock_Take_Chrome</td><td><a href="file:///C:/MobilityAutomation/test-output/emailable-report.html#m73">main</a></td><td rowspan="1">1505901846775</td><td rowspan="1">15187</td></tr><tr class="passedeven"><td rowspan="1">automationTestCases.Exchange_11_Doorstep_Protocol_Page_Abort_Doorstep_Procedure_Fail_Chrome</td><td><a href="file:///C:/MobilityAutomation/test-output/emailable-report.html#m74">main</a></td><td rowspan="1">1505901089435</td><td rowspan="1">38028</td></tr><tr class="passedodd"><td rowspan="1">automationTestCases.Exchange_11_Elec_Initial_Risk_Assessment_Page_Abort_Chrome</td><td><a href="file:///C:/MobilityAutomation/test-output/emailable-report.html#m75">main</a></td><td rowspan="1">1505904111299</td><td rowspan="1">42209</td></tr><tr class="passedeven"><td rowspan="1">automationTestCases.Exchange_11_Elec_Risk_Assessment_Page_Abort_Chrome</td><td><a href="file:///C:/MobilityAutomation/test-output/emailable-report.html#m76">main</a></td><td rowspan="1">1505898419672</td><td rowspan="1">43775</td></tr><tr class="passedodd"><td rowspan="1">automationTestCases.Exchange_1_Doorstep_Protocol_Page_Abort_Doorstep_Procedure_Fail_Chrome</td><td><a href="file:///C:/MobilityAutomation/test-output/emailable-report.html#m77">main</a></td><td rowspan="1">1505901790114</td><td rowspan="1">45844</td></tr><tr class="passedeven"><td rowspan="1">automationTestCases.Exchange_2_Doorstep_Protocol_Page_Abort_Doorstep_Procedure_Fail_Chrome</td><td><a href="file:///C:/MobilityAutomation/test-output/emailable-report.html#m78">main</a></td><td rowspan="1">1505901541684</td><td rowspan="1">22133</td></tr><tr class="passedodd"><td rowspan="1">automationTestCases.Exchange_2_Elec_Initial_Risk_Assessment_Page_Abort_Chrome</td><td><a href="file:///C:/MobilityAutomation/test-output/emailable-report.html#m79">main</a></td><td rowspan="1">1505899814786</td><td rowspan="1">61991</td></tr><tr class="passedeven"><td rowspan="1">automationTestCases.Exchange_2_Elec_Risk_Assessment_Page_Abort_Chrome</td><td><a href="file:///C:/MobilityAutomation/test-output/emailable-report.html#m80">main</a></td><td rowspan="1">1505902169847</td><td rowspan="1">67081</td></tr><tr class="passedodd"><td rowspan="1">automationTestCases.Exchange_3_Doorstep_Protocol_Page_Abort_Doorstep_Procedure_Fail_Chrome</td><td><a href="file:///C:/MobilityAutomation/test-output/emailable-report.html#m81">main</a></td><td rowspan="1">1505902340695</td><td rowspan="1">22203</td></tr><tr class="passedeven"><td rowspan="1">automationTestCases.Exchange_3_Elec_Initial_Risk_Assessment_Page_Abort_Chrome</td><td><a href="file:///C:/MobilityAutomation/test-output/emailable-report.html#m82">main</a></td><td rowspan="1">1505903373562</td><td rowspan="1">23138</td></tr><tr class="passedodd"><td rowspan="1">automationTestCases.Exchange_3_Elec_Risk_Assessment_Page_Abort_Chrome</td><td><a href="file:///C:/MobilityAutomation/test-output/emailable-report.html#m83">main</a></td><td rowspan="1">1505900121360</td><td rowspan="1">22687</td></tr><tr class="passedeven"><td rowspan="1">automationTestCases.Exchange_3_Elec_Suitable_For_Smart_Installation_Page_Abort_Chrome</td><td><a href="file:///C:/MobilityAutomation/test-output/emailable-report.html#m84">main</a></td><td rowspan="1">1505899885741</td><td rowspan="1">45726</td></tr><tr class="passedodd"><td rowspan="1">automationTestCases.Exchange_3_Return_To_Appointments_List_Page_From_Appointment_Details_Page_Chrome</td><td><a href="file:///C:/MobilityAutomation/test-output/emailable-report.html#m85">main</a></td><td rowspan="1">1505898815041</td><td rowspan="1">9626</td></tr><tr class="passedeven"><td rowspan="1">automationTestCases.Exchange_5_Elec_Risk_Assessment_Page_Abort_Chrome</td><td><a href="file:///C:/MobilityAutomation/test-output/emailable-report.html#m86">main</a></td><td rowspan="1">1505900277210</td><td rowspan="1">63694</td></tr><tr class="passedodd"><td rowspan="1">automationTestCases.Exchange_9_Doorstep_Protocol_Page_Abort_Doorstep_Procedure_Fail_Chrome</td><td><a href="file:///C:/MobilityAutomation/test-output/emailable-report.html#m87">main</a></td><td rowspan="1">1505903459343</td><td rowspan="1">22100</td></tr><tr class="passedeven"><td rowspan="1">automationTestCases.Exchange_9_Elec_Initial_Risk_Assessment_Page_Abort_Chrome</td><td><a href="file:///C:/MobilityAutomation/test-output/emailable-report.html#m88">main</a></td><td rowspan="1">1505903625153</td><td rowspan="1">21488</td></tr><tr class="passedodd"><td rowspan="1">automationTestCases.Exchange_9_Elec_Risk_Assessment_Page_Abort_Chrome</td><td><a href="file:///C:/MobilityAutomation/test-output/emailable-report.html#m89">main</a></td><td rowspan="1">1505899967957</td><td rowspan="1">23102</td></tr><tr class="passedeven"><td rowspan="1">automationTestCases.FLTY_17_Doorstep_Protocol_Page_Abort_Doorstep_Procedure_Fail_Chrome</td><td><a href="file:///C:/MobilityAutomation/test-output/emailable-report.html#m90">main</a></td><td rowspan="1">1505900216168</td><td rowspan="1">0</td></tr><tr class="passedodd"><td rowspan="1">automationTestCases.FLTY_17_Elec_Initial_Risk_Assessment_Page_Abort_Chrome</td><td><a href="file:///C:/MobilityAutomation/test-output/emailable-report.html#m91">main</a></td><td rowspan="1">1505900922115</td><td rowspan="1">39608</td></tr><tr class="passedeven"><td rowspan="1">automationTestCases.FLTY_17_Elec_Risk_Assessment_Page_Abort_Chrome</td><td><a href="file:///C:/MobilityAutomation/test-output/emailable-report.html#m92">main</a></td><td rowspan="1">1505904162811</td><td rowspan="1">43448</td></tr><tr class="passedodd"><td rowspan="1">automationTestCases.FLTY_2_Doorstep_Protocol_Page_Abort_Doorstep_Procedure_Fail_Chrome</td><td><a href="file:///C:/MobilityAutomation/test-output/emailable-report.html#m93">main</a></td><td rowspan="1">1505903794522</td><td rowspan="1">23491</td></tr><tr class="passedeven"><td rowspan="1">automationTestCases.INST_5_Doorstep_Protocol_Page_Abort_Doorstep_Procedure_Fail_Chrome</td><td><a href="file:///C:/MobilityAutomation/test-output/emailable-report.html#m94">main</a></td><td rowspan="1">1505903950664</td><td rowspan="1">42416</td></tr><tr class="passedodd"><td rowspan="1">automationTestCases.INST_5_Elec_Initial_Risk_Assessment_Page_Abort_Chrome</td><td><a href="file:///C:/MobilityAutomation/test-output/emailable-report.html#m95">main</a></td><td rowspan="1">1505900397930</td><td rowspan="1">45730</td></tr><tr class="passedeven"><td rowspan="1">automationTestCases.INST_5_Elec_Risk_Assessment_Page_Abort_Chrome</td><td><a href="file:///C:/MobilityAutomation/test-output/emailable-report.html#m96">main</a></td><td rowspan="1">1505901338664</td><td rowspan="1">43088</td></tr><tr class="passedodd"><td rowspan="1">automationTestCases.NMEX_5_Doorstep_Protocol_Page_Abort_Doorstep_Procedure_Fail_Chrome</td><td><a href="file:///C:/MobilityAutomation/test-output/emailable-report.html#m97">main</a></td><td rowspan="1">1505902375630</td><td rowspan="1">20806</td></tr><tr class="passedeven"><td rowspan="1">automationTestCases.RMVE_1_Doorstep_Protocol_Page_Abort_Doorstep_Procedure_Fail_Chrome</td><td><a href="file:///C:/MobilityAutomation/test-output/emailable-report.html#m98">main</a></td><td rowspan="1">1505899530236</td><td rowspan="1">17952</td></tr></tbody>
</table>
<h2>Default test</h2><h3 id="m0">automationTestCases.Exchange_9_Gas_Initial_Risk_Assessment_Gas_Abort_Chrome#beforeMethod</h3><table class="result"><tbody><tr><th>Exception</th></tr><tr><td><div class="stacktrace">org.openqa.selenium.NoSuchSessionException: Session ID is null. Using WebDriver after calling quit()?
Build info: version: 'unknown', revision: '1969d75', time: '2016-10-18 09:45:56 -0700'
System info: host: 'MD1N0QGC', ip: '137.223.0.215', os.name: 'Windows 7', os.arch: 'amd64', os.version: '6.1', java.version: '1.8.0_131'
Driver info: driver.version: RemoteWebDriver
	at org.openqa.selenium.remote.HttpCommandExecutor.execute(HttpCommandExecutor.java:130)
	at org.openqa.selenium.remote.service.DriverCommandExecutor.execute(DriverCommandExecutor.java:82)
	at org.openqa.selenium.remote.RemoteWebDriver.execute(RemoteWebDriver.java:601)
	at org.openqa.selenium.remote.RemoteWebElement.execute(RemoteWebElement.java:274)
	at org.openqa.selenium.remote.RemoteWebElement.isDisplayed(RemoteWebElement.java:315)
	at automationTestCases.Exchange_9_Gas_Initial_Risk_Assessment_Gas_Abort_Chrome.beforeMethod(Exchange_9_Gas_Initial_Risk_Assessment_Gas_Abort_Chrome.java:82)
	at sun.reflect.NativeMethodAccessorImpl.invoke0(Native Method)
	at sun.reflect.NativeMethodAccessorImpl.invoke(Unknown Source)
	at sun.reflect.DelegatingMethodAccessorImpl.invoke(Unknown Source)
	at java.lang.reflect.Method.invoke(Unknown Source)
	at org.testng.internal.MethodInvocationHelper.invokeMethod(MethodInvocationHelper.java:108)
	at org.testng.internal.Invoker.invokeConfigurationMethod(Invoker.java:523)
	at org.testng.internal.Invoker.invokeConfigurations(Invoker.java:224)
	at org.testng.internal.Invoker.invokeMethod(Invoker.java:599)
	at org.testng.internal.Invoker.invokeTestMethod(Invoker.java:877)
	at org.testng.internal.Invoker.invokeTestMethods(Invoker.java:1201)
	at org.testng.internal.TestMethodWorker.invokeTestMethods(TestMethodWorker.java:125)
	at org.testng.internal.TestMethodWorker.run(TestMethodWorker.java:109)
	at org.testng.TestRunner.privateRun(TestRunner.java:776)
	at org.testng.TestRunner.run(TestRunner.java:634)
	at org.testng.SuiteRunner.runTest(SuiteRunner.java:425)
	at org.testng.SuiteRunner.runSequentially(SuiteRunner.java:420)
	at org.testng.SuiteRunner.privateRun(SuiteRunner.java:385)
	at org.testng.SuiteRunner.run(SuiteRunner.java:334)
	at org.testng.SuiteRunnerWorker.runSuite(SuiteRunnerWorker.java:52)
	at org.testng.SuiteRunnerWorker.run(SuiteRunnerWorker.java:86)
	at org.testng.TestNG.runSuitesSequentially(TestNG.java:1318)
	at org.testng.TestNG.runSuitesLocally(TestNG.java:1243)
	at org.testng.TestNG.runSuites(TestNG.java:1161)
	at org.testng.TestNG.run(TestNG.java:1129)
	at org.testng.remote.AbstractRemoteTestNG.run(AbstractRemoteTestNG.java:114)
	at org.testng.remote.RemoteTestNG.initAndRun(RemoteTestNG.java:251)
	at org.testng.remote.RemoteTestNG.main(RemoteTestNG.java:77)
</div></td></tr></tbody></table><p class="totop"><a href="file:///C:/MobilityAutomation/test-output/emailable-report.html#summary">back to summary</a></p>
<h3 id="m1">automationTestCases.Exchange_11_Appointment_Details_Page_Abort_No_Access_Chrome#main</h3><table class="result"><tbody><tr><th>Exception</th></tr><tr><td><div class="stacktrace">org.openqa.selenium.NoSuchSessionException: Session ID is null. Using WebDriver after calling quit()?
Build info: version: 'unknown', revision: '1969d75', time: '2016-10-18 09:45:56 -0700'
System info: host: 'MD1N0QGC', ip: '137.223.0.215', os.name: 'Windows 7', os.arch: 'amd64', os.version: '6.1', java.version: '1.8.0_131'
Driver info: driver.version: RemoteWebDriver
	at org.openqa.selenium.remote.HttpCommandExecutor.execute(HttpCommandExecutor.java:130)
	at org.openqa.selenium.remote.service.DriverCommandExecutor.execute(DriverCommandExecutor.java:82)
	at org.openqa.selenium.remote.RemoteWebDriver.execute(RemoteWebDriver.java:601)
	at org.openqa.selenium.remote.RemoteWebElement.execute(RemoteWebElement.java:274)
	at org.openqa.selenium.remote.RemoteWebElement.isDisplayed(RemoteWebElement.java:315)
	at automationTestCases.Exchange_11_Appointment_Details_Page_Abort_No_Access_Chrome.main(Exchange_11_Appointment_Details_Page_Abort_No_Access_Chrome.java:122)
	at sun.reflect.NativeMethodAccessorImpl.invoke0(Native Method)
	at sun.reflect.NativeMethodAccessorImpl.invoke(Unknown Source)
	at sun.reflect.DelegatingMethodAccessorImpl.invoke(Unknown Source)
	at java.lang.reflect.Method.invoke(Unknown Source)
	at org.testng.internal.MethodInvocationHelper.invokeMethod(MethodInvocationHelper.java:108)
	at org.testng.internal.Invoker.invokeMethod(Invoker.java:669)
	at org.testng.internal.Invoker.invokeTestMethod(Invoker.java:877)
	at org.testng.internal.Invoker.invokeTestMethods(Invoker.java:1201)
	at org.testng.internal.TestMethodWorker.invokeTestMethods(TestMethodWorker.java:125)
	at org.testng.internal.TestMethodWorker.run(TestMethodWorker.java:109)
	at org.testng.TestRunner.privateRun(TestRunner.java:776)
	at org.testng.TestRunner.run(TestRunner.java:634)
	at org.testng.SuiteRunner.runTest(SuiteRunner.java:425)
	at org.testng.SuiteRunner.runSequentially(SuiteRunner.java:420)
	at org.testng.SuiteRunner.privateRun(SuiteRunner.java:385)
	at org.testng.SuiteRunner.run(SuiteRunner.java:334)
	at org.testng.SuiteRunnerWorker.runSuite(SuiteRunnerWorker.java:52)
	at org.testng.SuiteRunnerWorker.run(SuiteRunnerWorker.java:86)
	at org.testng.TestNG.runSuitesSequentially(TestNG.java:1318)
	at org.testng.TestNG.runSuitesLocally(TestNG.java:1243)
	at org.testng.TestNG.runSuites(TestNG.java:1161)
	at org.testng.TestNG.run(TestNG.java:1129)
	at org.testng.remote.AbstractRemoteTestNG.run(AbstractRemoteTestNG.java:114)
	at org.testng.remote.RemoteTestNG.initAndRun(RemoteTestNG.java:251)
	at org.testng.remote.RemoteTestNG.main(RemoteTestNG.java:77)
</div></td></tr></tbody></table><p class="totop"><a href="file:///C:/MobilityAutomation/test-output/emailable-report.html#summary">back to summary</a></p>
<h3 id="m2">automationTestCases.Exchange_11_Elec_Initial_Polarity_Check_At_Meter_Page_Abort_Chrome#main</h3><table class="result"><tbody><tr><th>Exception</th></tr><tr><td><div class="stacktrace">java.lang.NullPointerException
	at automationTestCases.Exchange_11_Elec_Initial_Polarity_Check_At_Meter_Page_Abort_Chrome.main(Exchange_11_Elec_Initial_Polarity_Check_At_Meter_Page_Abort_Chrome.java:160)
	at sun.reflect.NativeMethodAccessorImpl.invoke0(Native Method)
	at sun.reflect.NativeMethodAccessorImpl.invoke(Unknown Source)
	at sun.reflect.DelegatingMethodAccessorImpl.invoke(Unknown Source)
	at java.lang.reflect.Method.invoke(Unknown Source)
	at org.testng.internal.MethodInvocationHelper.invokeMethod(MethodInvocationHelper.java:108)
	at org.testng.internal.Invoker.invokeMethod(Invoker.java:669)
	at org.testng.internal.Invoker.invokeTestMethod(Invoker.java:877)
	at org.testng.internal.Invoker.invokeTestMethods(Invoker.java:1201)
	at org.testng.internal.TestMethodWorker.invokeTestMethods(TestMethodWorker.java:125)
	at org.testng.internal.TestMethodWorker.run(TestMethodWorker.java:109)
	at org.testng.TestRunner.privateRun(TestRunner.java:776)
	at org.testng.TestRunner.run(TestRunner.java:634)
	at org.testng.SuiteRunner.runTest(SuiteRunner.java:425)
	at org.testng.SuiteRunner.runSequentially(SuiteRunner.java:420)
	at org.testng.SuiteRunner.privateRun(SuiteRunner.java:385)
	at org.testng.SuiteRunner.run(SuiteRunner.java:334)
	at org.testng.SuiteRunnerWorker.runSuite(SuiteRunnerWorker.java:52)
	at org.testng.SuiteRunnerWorker.run(SuiteRunnerWorker.java:86)
	at org.testng.TestNG.runSuitesSequentially(TestNG.java:1318)
	at org.testng.TestNG.runSuitesLocally(TestNG.java:1243)
	at org.testng.TestNG.runSuites(TestNG.java:1161)
	at org.testng.TestNG.run(TestNG.java:1129)
	at org.testng.remote.AbstractRemoteTestNG.run(AbstractRemoteTestNG.java:114)
	at org.testng.remote.RemoteTestNG.initAndRun(RemoteTestNG.java:251)
	at org.testng.remote.RemoteTestNG.main(RemoteTestNG.java:77)
</div></td></tr></tbody></table><p class="totop"><a href="file:///C:/MobilityAutomation/test-output/emailable-report.html#summary">back to summary</a></p>
<h3 id="m3">automationTestCases.Exchange_11_End_To_End_Chrome#main</h3><table class="result"><tbody><tr><th>Exception</th></tr><tr><td><div class="stacktrace">java.lang.NullPointerException
	at automationTestCases.Exchange_11_End_To_End_Chrome.main(Exchange_11_End_To_End_Chrome.java:171)
	at sun.reflect.NativeMethodAccessorImpl.invoke0(Native Method)
	at sun.reflect.NativeMethodAccessorImpl.invoke(Unknown Source)
	at sun.reflect.DelegatingMethodAccessorImpl.invoke(Unknown Source)
	at java.lang.reflect.Method.invoke(Unknown Source)
	at org.testng.internal.MethodInvocationHelper.invokeMethod(MethodInvocationHelper.java:108)
	at org.testng.internal.Invoker.invokeMethod(Invoker.java:669)
	at org.testng.internal.Invoker.invokeTestMethod(Invoker.java:877)
	at org.testng.internal.Invoker.invokeTestMethods(Invoker.java:1201)
	at org.testng.internal.TestMethodWorker.invokeTestMethods(TestMethodWorker.java:125)
	at org.testng.internal.TestMethodWorker.run(TestMethodWorker.java:109)
	at org.testng.TestRunner.privateRun(TestRunner.java:776)
	at org.testng.TestRunner.run(TestRunner.java:634)
	at org.testng.SuiteRunner.runTest(SuiteRunner.java:425)
	at org.testng.SuiteRunner.runSequentially(SuiteRunner.java:420)
	at org.testng.SuiteRunner.privateRun(SuiteRunner.java:385)
	at org.testng.SuiteRunner.run(SuiteRunner.java:334)
	at org.testng.SuiteRunnerWorker.runSuite(SuiteRunnerWorker.java:52)
	at org.testng.SuiteRunnerWorker.run(SuiteRunnerWorker.java:86)
	at org.testng.TestNG.runSuitesSequentially(TestNG.java:1318)
	at org.testng.TestNG.runSuitesLocally(TestNG.java:1243)
	at org.testng.TestNG.runSuites(TestNG.java:1161)
	at org.testng.TestNG.run(TestNG.java:1129)
	at org.testng.remote.AbstractRemoteTestNG.run(AbstractRemoteTestNG.java:114)
	at org.testng.remote.RemoteTestNG.initAndRun(RemoteTestNG.java:251)
	at org.testng.remote.RemoteTestNG.main(RemoteTestNG.java:77)
</div></td></tr></tbody></table><p class="totop"><a href="file:///C:/MobilityAutomation/test-output/emailable-report.html#summary">back to summary</a></p>
<h3 id="m4">automationTestCases.Exchange_1_Appointment_Details_Page_Abort_No_Access_Chrome#main</h3><table class="result"><tbody><tr><th>Exception</th></tr><tr><td><div class="stacktrace">org.openqa.selenium.NoSuchSessionException: Session ID is null. Using WebDriver after calling quit()?
Build info: version: 'unknown', revision: '1969d75', time: '2016-10-18 09:45:56 -0700'
System info: host: 'MD1N0QGC', ip: '137.223.0.215', os.name: 'Windows 7', os.arch: 'amd64', os.version: '6.1', java.version: '1.8.0_131'
Driver info: driver.version: RemoteWebDriver
	at org.openqa.selenium.remote.HttpCommandExecutor.execute(HttpCommandExecutor.java:130)
	at org.openqa.selenium.remote.service.DriverCommandExecutor.execute(DriverCommandExecutor.java:82)
	at org.openqa.selenium.remote.RemoteWebDriver.execute(RemoteWebDriver.java:601)
	at org.openqa.selenium.remote.RemoteWebElement.execute(RemoteWebElement.java:274)
	at org.openqa.selenium.remote.RemoteWebElement.isDisplayed(RemoteWebElement.java:315)
	at automationTestCases.Exchange_1_Appointment_Details_Page_Abort_No_Access_Chrome.main(Exchange_1_Appointment_Details_Page_Abort_No_Access_Chrome.java:123)
	at sun.reflect.NativeMethodAccessorImpl.invoke0(Native Method)
	at sun.reflect.NativeMethodAccessorImpl.invoke(Unknown Source)
	at sun.reflect.DelegatingMethodAccessorImpl.invoke(Unknown Source)
	at java.lang.reflect.Method.invoke(Unknown Source)
	at org.testng.internal.MethodInvocationHelper.invokeMethod(MethodInvocationHelper.java:108)
	at org.testng.internal.Invoker.invokeMethod(Invoker.java:669)
	at org.testng.internal.Invoker.invokeTestMethod(Invoker.java:877)
	at org.testng.internal.Invoker.invokeTestMethods(Invoker.java:1201)
	at org.testng.internal.TestMethodWorker.invokeTestMethods(TestMethodWorker.java:125)
	at org.testng.internal.TestMethodWorker.run(TestMethodWorker.java:109)
	at org.testng.TestRunner.privateRun(TestRunner.java:776)
	at org.testng.TestRunner.run(TestRunner.java:634)
	at org.testng.SuiteRunner.runTest(SuiteRunner.java:425)
	at org.testng.SuiteRunner.runSequentially(SuiteRunner.java:420)
	at org.testng.SuiteRunner.privateRun(SuiteRunner.java:385)
	at org.testng.SuiteRunner.run(SuiteRunner.java:334)
	at org.testng.SuiteRunnerWorker.runSuite(SuiteRunnerWorker.java:52)
	at org.testng.SuiteRunnerWorker.run(SuiteRunnerWorker.java:86)
	at org.testng.TestNG.runSuitesSequentially(TestNG.java:1318)
	at org.testng.TestNG.runSuitesLocally(TestNG.java:1243)
	at org.testng.TestNG.runSuites(TestNG.java:1161)
	at org.testng.TestNG.run(TestNG.java:1129)
	at org.testng.remote.AbstractRemoteTestNG.run(AbstractRemoteTestNG.java:114)
	at org.testng.remote.RemoteTestNG.initAndRun(RemoteTestNG.java:251)
	at org.testng.remote.RemoteTestNG.main(RemoteTestNG.java:77)
</div></td></tr></tbody></table><p class="totop"><a href="file:///C:/MobilityAutomation/test-output/emailable-report.html#summary">back to summary</a></p>
<h3 id="m5">automationTestCases.Exchange_1_End_To_End_Chrome#main</h3><table class="result"><tbody><tr><th>Exception</th></tr><tr><td><div class="stacktrace">java.lang.NullPointerException
	at automationTestCases.Exchange_1_End_To_End_Chrome.main(Exchange_1_End_To_End_Chrome.java:153)
	at sun.reflect.NativeMethodAccessorImpl.invoke0(Native Method)
	at sun.reflect.NativeMethodAccessorImpl.invoke(Unknown Source)
	at sun.reflect.DelegatingMethodAccessorImpl.invoke(Unknown Source)
	at java.lang.reflect.Method.invoke(Unknown Source)
	at org.testng.internal.MethodInvocationHelper.invokeMethod(MethodInvocationHelper.java:108)
	at org.testng.internal.Invoker.invokeMethod(Invoker.java:669)
	at org.testng.internal.Invoker.invokeTestMethod(Invoker.java:877)
	at org.testng.internal.Invoker.invokeTestMethods(Invoker.java:1201)
	at org.testng.internal.TestMethodWorker.invokeTestMethods(TestMethodWorker.java:125)
	at org.testng.internal.TestMethodWorker.run(TestMethodWorker.java:109)
	at org.testng.TestRunner.privateRun(TestRunner.java:776)
	at org.testng.TestRunner.run(TestRunner.java:634)
	at org.testng.SuiteRunner.runTest(SuiteRunner.java:425)
	at org.testng.SuiteRunner.runSequentially(SuiteRunner.java:420)
	at org.testng.SuiteRunner.privateRun(SuiteRunner.java:385)
	at org.testng.SuiteRunner.run(SuiteRunner.java:334)
	at org.testng.SuiteRunnerWorker.runSuite(SuiteRunnerWorker.java:52)
	at org.testng.SuiteRunnerWorker.run(SuiteRunnerWorker.java:86)
	at org.testng.TestNG.runSuitesSequentially(TestNG.java:1318)
	at org.testng.TestNG.runSuitesLocally(TestNG.java:1243)
	at org.testng.TestNG.runSuites(TestNG.java:1161)
	at org.testng.TestNG.run(TestNG.java:1129)
	at org.testng.remote.AbstractRemoteTestNG.run(AbstractRemoteTestNG.java:114)
	at org.testng.remote.RemoteTestNG.initAndRun(RemoteTestNG.java:251)
	at org.testng.remote.RemoteTestNG.main(RemoteTestNG.java:77)
</div></td></tr></tbody></table><p class="totop"><a href="file:///C:/MobilityAutomation/test-output/emailable-report.html#summary">back to summary</a></p>
<h3 id="m6">automationTestCases.Exchange_1_Gas_Meter_Initial_Risk_Assessment_Gas_Abort_Chrome#main</h3><table class="result"><tbody><tr><th>Exception</th></tr><tr><td><div class="stacktrace">java.lang.NullPointerException
	at automationTestCases.Exchange_1_Gas_Meter_Initial_Risk_Assessment_Gas_Abort_Chrome.main(Exchange_1_Gas_Meter_Initial_Risk_Assessment_Gas_Abort_Chrome.java:137)
	at sun.reflect.NativeMethodAccessorImpl.invoke0(Native Method)
	at sun.reflect.NativeMethodAccessorImpl.invoke(Unknown Source)
	at sun.reflect.DelegatingMethodAccessorImpl.invoke(Unknown Source)
	at java.lang.reflect.Method.invoke(Unknown Source)
	at org.testng.internal.MethodInvocationHelper.invokeMethod(MethodInvocationHelper.java:108)
	at org.testng.internal.Invoker.invokeMethod(Invoker.java:669)
	at org.testng.internal.Invoker.invokeTestMethod(Invoker.java:877)
	at org.testng.internal.Invoker.invokeTestMethods(Invoker.java:1201)
	at org.testng.internal.TestMethodWorker.invokeTestMethods(TestMethodWorker.java:125)
	at org.testng.internal.TestMethodWorker.run(TestMethodWorker.java:109)
	at org.testng.TestRunner.privateRun(TestRunner.java:776)
	at org.testng.TestRunner.run(TestRunner.java:634)
	at org.testng.SuiteRunner.runTest(SuiteRunner.java:425)
	at org.testng.SuiteRunner.runSequentially(SuiteRunner.java:420)
	at org.testng.SuiteRunner.privateRun(SuiteRunner.java:385)
	at org.testng.SuiteRunner.run(SuiteRunner.java:334)
	at org.testng.SuiteRunnerWorker.runSuite(SuiteRunnerWorker.java:52)
	at org.testng.SuiteRunnerWorker.run(SuiteRunnerWorker.java:86)
	at org.testng.TestNG.runSuitesSequentially(TestNG.java:1318)
	at org.testng.TestNG.runSuitesLocally(TestNG.java:1243)
	at org.testng.TestNG.runSuites(TestNG.java:1161)
	at org.testng.TestNG.run(TestNG.java:1129)
	at org.testng.remote.AbstractRemoteTestNG.run(AbstractRemoteTestNG.java:114)
	at org.testng.remote.RemoteTestNG.initAndRun(RemoteTestNG.java:251)
	at org.testng.remote.RemoteTestNG.main(RemoteTestNG.java:77)
</div></td></tr></tbody></table><p class="totop"><a href="file:///C:/MobilityAutomation/test-output/emailable-report.html#summary">back to summary</a></p>
<h3 id="m7">automationTestCases.Exchange_1_Gas_Meter_Post_Installation_Gas_Tightness_Test_Abort_Chrome#main</h3><table class="result"><tbody><tr><th>Exception</th></tr><tr><td><div class="stacktrace">java.lang.NullPointerException
	at automationTestCases.Exchange_1_Gas_Meter_Post_Installation_Gas_Tightness_Test_Abort_Chrome.main(Exchange_1_Gas_Meter_Post_Installation_Gas_Tightness_Test_Abort_Chrome.java:145)
	at sun.reflect.NativeMethodAccessorImpl.invoke0(Native Method)
	at sun.reflect.NativeMethodAccessorImpl.invoke(Unknown Source)
	at sun.reflect.DelegatingMethodAccessorImpl.invoke(Unknown Source)
	at java.lang.reflect.Method.invoke(Unknown Source)
	at org.testng.internal.MethodInvocationHelper.invokeMethod(MethodInvocationHelper.java:108)
	at org.testng.internal.Invoker.invokeMethod(Invoker.java:669)
	at org.testng.internal.Invoker.invokeTestMethod(Invoker.java:877)
	at org.testng.internal.Invoker.invokeTestMethods(Invoker.java:1201)
	at org.testng.internal.TestMethodWorker.invokeTestMethods(TestMethodWorker.java:125)
	at org.testng.internal.TestMethodWorker.run(TestMethodWorker.java:109)
	at org.testng.TestRunner.privateRun(TestRunner.java:776)
	at org.testng.TestRunner.run(TestRunner.java:634)
	at org.testng.SuiteRunner.runTest(SuiteRunner.java:425)
	at org.testng.SuiteRunner.runSequentially(SuiteRunner.java:420)
	at org.testng.SuiteRunner.privateRun(SuiteRunner.java:385)
	at org.testng.SuiteRunner.run(SuiteRunner.java:334)
	at org.testng.SuiteRunnerWorker.runSuite(SuiteRunnerWorker.java:52)
	at org.testng.SuiteRunnerWorker.run(SuiteRunnerWorker.java:86)
	at org.testng.TestNG.runSuitesSequentially(TestNG.java:1318)
	at org.testng.TestNG.runSuitesLocally(TestNG.java:1243)
	at org.testng.TestNG.runSuites(TestNG.java:1161)
	at org.testng.TestNG.run(TestNG.java:1129)
	at org.testng.remote.AbstractRemoteTestNG.run(AbstractRemoteTestNG.java:114)
	at org.testng.remote.RemoteTestNG.initAndRun(RemoteTestNG.java:251)
	at org.testng.remote.RemoteTestNG.main(RemoteTestNG.java:77)
</div></td></tr></tbody></table><p class="totop"><a href="file:///C:/MobilityAutomation/test-output/emailable-report.html#summary">back to summary</a></p>
<h3 id="m8">automationTestCases.Exchange_1_Gas_Meter_Pre_Installation_Gas_Tightness_Test_Failed_Test_Abort_Chrome#main</h3><table class="result"><tbody><tr><th>Exception</th></tr><tr><td><div class="stacktrace">java.lang.NullPointerException
	at automationTestCases.Exchange_1_Gas_Meter_Pre_Installation_Gas_Tightness_Test_Failed_Test_Abort_Chrome.main(Exchange_1_Gas_Meter_Pre_Installation_Gas_Tightness_Test_Failed_Test_Abort_Chrome.java:140)
	at sun.reflect.NativeMethodAccessorImpl.invoke0(Native Method)
	at sun.reflect.NativeMethodAccessorImpl.invoke(Unknown Source)
	at sun.reflect.DelegatingMethodAccessorImpl.invoke(Unknown Source)
	at java.lang.reflect.Method.invoke(Unknown Source)
	at org.testng.internal.MethodInvocationHelper.invokeMethod(MethodInvocationHelper.java:108)
	at org.testng.internal.Invoker.invokeMethod(Invoker.java:669)
	at org.testng.internal.Invoker.invokeTestMethod(Invoker.java:877)
	at org.testng.internal.Invoker.invokeTestMethods(Invoker.java:1201)
	at org.testng.internal.TestMethodWorker.invokeTestMethods(TestMethodWorker.java:125)
	at org.testng.internal.TestMethodWorker.run(TestMethodWorker.java:109)
	at org.testng.TestRunner.privateRun(TestRunner.java:776)
	at org.testng.TestRunner.run(TestRunner.java:634)
	at org.testng.SuiteRunner.runTest(SuiteRunner.java:425)
	at org.testng.SuiteRunner.runSequentially(SuiteRunner.java:420)
	at org.testng.SuiteRunner.privateRun(SuiteRunner.java:385)
	at org.testng.SuiteRunner.run(SuiteRunner.java:334)
	at org.testng.SuiteRunnerWorker.runSuite(SuiteRunnerWorker.java:52)
	at org.testng.SuiteRunnerWorker.run(SuiteRunnerWorker.java:86)
	at org.testng.TestNG.runSuitesSequentially(TestNG.java:1318)
	at org.testng.TestNG.runSuitesLocally(TestNG.java:1243)
	at org.testng.TestNG.runSuites(TestNG.java:1161)
	at org.testng.TestNG.run(TestNG.java:1129)
	at org.testng.remote.AbstractRemoteTestNG.run(AbstractRemoteTestNG.java:114)
	at org.testng.remote.RemoteTestNG.initAndRun(RemoteTestNG.java:251)
	at org.testng.remote.RemoteTestNG.main(RemoteTestNG.java:77)
</div></td></tr></tbody></table><p class="totop"><a href="file:///C:/MobilityAutomation/test-output/emailable-report.html#summary">back to summary</a></p>
<h3 id="m9">automationTestCases.Exchange_1_Gas_Meter_Pre_Installation_Gas_Tightness_Test_Low_Pressure_Abort_Chrome#main</h3><table class="result"><tbody><tr><th>Exception</th></tr><tr><td><div class="stacktrace">java.lang.NullPointerException
	at automationTestCases.Exchange_1_Gas_Meter_Pre_Installation_Gas_Tightness_Test_Low_Pressure_Abort_Chrome.main(Exchange_1_Gas_Meter_Pre_Installation_Gas_Tightness_Test_Low_Pressure_Abort_Chrome.java:138)
	at sun.reflect.NativeMethodAccessorImpl.invoke0(Native Method)
	at sun.reflect.NativeMethodAccessorImpl.invoke(Unknown Source)
	at sun.reflect.DelegatingMethodAccessorImpl.invoke(Unknown Source)
	at java.lang.reflect.Method.invoke(Unknown Source)
	at org.testng.internal.MethodInvocationHelper.invokeMethod(MethodInvocationHelper.java:108)
	at org.testng.internal.Invoker.invokeMethod(Invoker.java:669)
	at org.testng.internal.Invoker.invokeTestMethod(Invoker.java:877)
	at org.testng.internal.Invoker.invokeTestMethods(Invoker.java:1201)
	at org.testng.internal.TestMethodWorker.invokeTestMethods(TestMethodWorker.java:125)
	at org.testng.internal.TestMethodWorker.run(TestMethodWorker.java:109)
	at org.testng.TestRunner.privateRun(TestRunner.java:776)
	at org.testng.TestRunner.run(TestRunner.java:634)
	at org.testng.SuiteRunner.runTest(SuiteRunner.java:425)
	at org.testng.SuiteRunner.runSequentially(SuiteRunner.java:420)
	at org.testng.SuiteRunner.privateRun(SuiteRunner.java:385)
	at org.testng.SuiteRunner.run(SuiteRunner.java:334)
	at org.testng.SuiteRunnerWorker.runSuite(SuiteRunnerWorker.java:52)
	at org.testng.SuiteRunnerWorker.run(SuiteRunnerWorker.java:86)
	at org.testng.TestNG.runSuitesSequentially(TestNG.java:1318)
	at org.testng.TestNG.runSuitesLocally(TestNG.java:1243)
	at org.testng.TestNG.runSuites(TestNG.java:1161)
	at org.testng.TestNG.run(TestNG.java:1129)
	at org.testng.remote.AbstractRemoteTestNG.run(AbstractRemoteTestNG.java:114)
	at org.testng.remote.RemoteTestNG.initAndRun(RemoteTestNG.java:251)
	at org.testng.remote.RemoteTestNG.main(RemoteTestNG.java:77)
</div></td></tr></tbody></table><p class="totop"><a href="file:///C:/MobilityAutomation/test-output/emailable-report.html#summary">back to summary</a></p>
<h3 id="m10">automationTestCases.Exchange_1_Gas_Risk_Assessment_Gas_Abort_Low_Pressure_Chrome#main</h3><table class="result"><tbody><tr><th>Exception</th></tr><tr><td><div class="stacktrace">java.lang.NullPointerException
	at automationTestCases.Exchange_1_Gas_Risk_Assessment_Gas_Abort_Low_Pressure_Chrome.main(Exchange_1_Gas_Risk_Assessment_Gas_Abort_Low_Pressure_Chrome.java:138)
	at sun.reflect.NativeMethodAccessorImpl.invoke0(Native Method)
	at sun.reflect.NativeMethodAccessorImpl.invoke(Unknown Source)
	at sun.reflect.DelegatingMethodAccessorImpl.invoke(Unknown Source)
	at java.lang.reflect.Method.invoke(Unknown Source)
	at org.testng.internal.MethodInvocationHelper.invokeMethod(MethodInvocationHelper.java:108)
	at org.testng.internal.Invoker.invokeMethod(Invoker.java:669)
	at org.testng.internal.Invoker.invokeTestMethod(Invoker.java:877)
	at org.testng.internal.Invoker.invokeTestMethods(Invoker.java:1201)
	at org.testng.internal.TestMethodWorker.invokeTestMethods(TestMethodWorker.java:125)
	at org.testng.internal.TestMethodWorker.run(TestMethodWorker.java:109)
	at org.testng.TestRunner.privateRun(TestRunner.java:776)
	at org.testng.TestRunner.run(TestRunner.java:634)
	at org.testng.SuiteRunner.runTest(SuiteRunner.java:425)
	at org.testng.SuiteRunner.runSequentially(SuiteRunner.java:420)
	at org.testng.SuiteRunner.privateRun(SuiteRunner.java:385)
	at org.testng.SuiteRunner.run(SuiteRunner.java:334)
	at org.testng.SuiteRunnerWorker.runSuite(SuiteRunnerWorker.java:52)
	at org.testng.SuiteRunnerWorker.run(SuiteRunnerWorker.java:86)
	at org.testng.TestNG.runSuitesSequentially(TestNG.java:1318)
	at org.testng.TestNG.runSuitesLocally(TestNG.java:1243)
	at org.testng.TestNG.runSuites(TestNG.java:1161)
	at org.testng.TestNG.run(TestNG.java:1129)
	at org.testng.remote.AbstractRemoteTestNG.run(AbstractRemoteTestNG.java:114)
	at org.testng.remote.RemoteTestNG.initAndRun(RemoteTestNG.java:251)
	at org.testng.remote.RemoteTestNG.main(RemoteTestNG.java:77)
</div></td></tr></tbody></table><p class="totop"><a href="file:///C:/MobilityAutomation/test-output/emailable-report.html#summary">back to summary</a></p>
<h3 id="m11">automationTestCases.Exchange_1_Gas_Risk_Assessment_Gas_Abort_Med_Pressure_Chrome#main</h3><table class="result"><tbody><tr><th>Exception</th></tr><tr><td><div class="stacktrace">java.lang.NullPointerException
	at automationTestCases.Exchange_1_Gas_Risk_Assessment_Gas_Abort_Med_Pressure_Chrome.main(Exchange_1_Gas_Risk_Assessment_Gas_Abort_Med_Pressure_Chrome.java:138)
	at sun.reflect.NativeMethodAccessorImpl.invoke0(Native Method)
	at sun.reflect.NativeMethodAccessorImpl.invoke(Unknown Source)
	at sun.reflect.DelegatingMethodAccessorImpl.invoke(Unknown Source)
	at java.lang.reflect.Method.invoke(Unknown Source)
	at org.testng.internal.MethodInvocationHelper.invokeMethod(MethodInvocationHelper.java:108)
	at org.testng.internal.Invoker.invokeMethod(Invoker.java:669)
	at org.testng.internal.Invoker.invokeTestMethod(Invoker.java:877)
	at org.testng.internal.Invoker.invokeTestMethods(Invoker.java:1201)
	at org.testng.internal.TestMethodWorker.invokeTestMethods(TestMethodWorker.java:125)
	at org.testng.internal.TestMethodWorker.run(TestMethodWorker.java:109)
	at org.testng.TestRunner.privateRun(TestRunner.java:776)
	at org.testng.TestRunner.run(TestRunner.java:634)
	at org.testng.SuiteRunner.runTest(SuiteRunner.java:425)
	at org.testng.SuiteRunner.runSequentially(SuiteRunner.java:420)
	at org.testng.SuiteRunner.privateRun(SuiteRunner.java:385)
	at org.testng.SuiteRunner.run(SuiteRunner.java:334)
	at org.testng.SuiteRunnerWorker.runSuite(SuiteRunnerWorker.java:52)
	at org.testng.SuiteRunnerWorker.run(SuiteRunnerWorker.java:86)
	at org.testng.TestNG.runSuitesSequentially(TestNG.java:1318)
	at org.testng.TestNG.runSuitesLocally(TestNG.java:1243)
	at org.testng.TestNG.runSuites(TestNG.java:1161)
	at org.testng.TestNG.run(TestNG.java:1129)
	at org.testng.remote.AbstractRemoteTestNG.run(AbstractRemoteTestNG.java:114)
	at org.testng.remote.RemoteTestNG.initAndRun(RemoteTestNG.java:251)
	at org.testng.remote.RemoteTestNG.main(RemoteTestNG.java:77)
</div></td></tr></tbody></table><p class="totop"><a href="file:///C:/MobilityAutomation/test-output/emailable-report.html#summary">back to summary</a></p>
<h3 id="m12">automationTestCases.Exchange_2_Appointment_Details_Page_Abort_No_Access_Chrome#main</h3><table class="result"><tbody><tr><th>Exception</th></tr><tr><td><div class="stacktrace">org.openqa.selenium.NoSuchSessionException: Session ID is null. Using WebDriver after calling quit()?
Build info: version: 'unknown', revision: '1969d75', time: '2016-10-18 09:45:56 -0700'
System info: host: 'MD1N0QGC', ip: '137.223.0.215', os.name: 'Windows 7', os.arch: 'amd64', os.version: '6.1', java.version: '1.8.0_131'
Driver info: driver.version: RemoteWebDriver
	at org.openqa.selenium.remote.HttpCommandExecutor.execute(HttpCommandExecutor.java:130)
	at org.openqa.selenium.remote.service.DriverCommandExecutor.execute(DriverCommandExecutor.java:82)
	at org.openqa.selenium.remote.RemoteWebDriver.execute(RemoteWebDriver.java:601)
	at org.openqa.selenium.remote.RemoteWebElement.execute(RemoteWebElement.java:274)
	at org.openqa.selenium.remote.RemoteWebElement.isDisplayed(RemoteWebElement.java:315)
	at automationTestCases.Exchange_2_Appointment_Details_Page_Abort_No_Access_Chrome.main(Exchange_2_Appointment_Details_Page_Abort_No_Access_Chrome.java:122)
	at sun.reflect.NativeMethodAccessorImpl.invoke0(Native Method)
	at sun.reflect.NativeMethodAccessorImpl.invoke(Unknown Source)
	at sun.reflect.DelegatingMethodAccessorImpl.invoke(Unknown Source)
	at java.lang.reflect.Method.invoke(Unknown Source)
	at org.testng.internal.MethodInvocationHelper.invokeMethod(MethodInvocationHelper.java:108)
	at org.testng.internal.Invoker.invokeMethod(Invoker.java:669)
	at org.testng.internal.Invoker.invokeTestMethod(Invoker.java:877)
	at org.testng.internal.Invoker.invokeTestMethods(Invoker.java:1201)
	at org.testng.internal.TestMethodWorker.invokeTestMethods(TestMethodWorker.java:125)
	at org.testng.internal.TestMethodWorker.run(TestMethodWorker.java:109)
	at org.testng.TestRunner.privateRun(TestRunner.java:776)
	at org.testng.TestRunner.run(TestRunner.java:634)
	at org.testng.SuiteRunner.runTest(SuiteRunner.java:425)
	at org.testng.SuiteRunner.runSequentially(SuiteRunner.java:420)
	at org.testng.SuiteRunner.privateRun(SuiteRunner.java:385)
	at org.testng.SuiteRunner.run(SuiteRunner.java:334)
	at org.testng.SuiteRunnerWorker.runSuite(SuiteRunnerWorker.java:52)
	at org.testng.SuiteRunnerWorker.run(SuiteRunnerWorker.java:86)
	at org.testng.TestNG.runSuitesSequentially(TestNG.java:1318)
	at org.testng.TestNG.runSuitesLocally(TestNG.java:1243)
	at org.testng.TestNG.runSuites(TestNG.java:1161)
	at org.testng.TestNG.run(TestNG.java:1129)
	at org.testng.remote.AbstractRemoteTestNG.run(AbstractRemoteTestNG.java:114)
	at org.testng.remote.RemoteTestNG.initAndRun(RemoteTestNG.java:251)
	at org.testng.remote.RemoteTestNG.main(RemoteTestNG.java:77)
</div></td></tr></tbody></table><p class="totop"><a href="file:///C:/MobilityAutomation/test-output/emailable-report.html#summary">back to summary</a></p>
<h3 id="m13">automationTestCases.Exchange_2_Elec_HAN_WAN_Checks_Page_Abort_Chrome#main</h3><table class="result"><tbody><tr><th>Exception</th></tr><tr><td><div class="stacktrace">org.openqa.selenium.NoSuchSessionException: Session ID is null. Using WebDriver after calling quit()?
Build info: version: 'unknown', revision: '1969d75', time: '2016-10-18 09:45:56 -0700'
System info: host: 'MD1N0QGC', ip: '137.223.0.215', os.name: 'Windows 7', os.arch: 'amd64', os.version: '6.1', java.version: '1.8.0_131'
Driver info: driver.version: RemoteWebDriver
	at org.openqa.selenium.remote.HttpCommandExecutor.execute(HttpCommandExecutor.java:130)
	at org.openqa.selenium.remote.service.DriverCommandExecutor.execute(DriverCommandExecutor.java:82)
	at org.openqa.selenium.remote.RemoteWebDriver.execute(RemoteWebDriver.java:601)
	at org.openqa.selenium.remote.RemoteWebElement.execute(RemoteWebElement.java:274)
	at org.openqa.selenium.remote.RemoteWebElement.isDisplayed(RemoteWebElement.java:315)
	at automationTestCases.Exchange_2_Elec_HAN_WAN_Checks_Page_Abort_Chrome.main(Exchange_2_Elec_HAN_WAN_Checks_Page_Abort_Chrome.java:147)
	at sun.reflect.NativeMethodAccessorImpl.invoke0(Native Method)
	at sun.reflect.NativeMethodAccessorImpl.invoke(Unknown Source)
	at sun.reflect.DelegatingMethodAccessorImpl.invoke(Unknown Source)
	at java.lang.reflect.Method.invoke(Unknown Source)
	at org.testng.internal.MethodInvocationHelper.invokeMethod(MethodInvocationHelper.java:108)
	at org.testng.internal.Invoker.invokeMethod(Invoker.java:669)
	at org.testng.internal.Invoker.invokeTestMethod(Invoker.java:877)
	at org.testng.internal.Invoker.invokeTestMethods(Invoker.java:1201)
	at org.testng.internal.TestMethodWorker.invokeTestMethods(TestMethodWorker.java:125)
	at org.testng.internal.TestMethodWorker.run(TestMethodWorker.java:109)
	at org.testng.TestRunner.privateRun(TestRunner.java:776)
	at org.testng.TestRunner.run(TestRunner.java:634)
	at org.testng.SuiteRunner.runTest(SuiteRunner.java:425)
	at org.testng.SuiteRunner.runSequentially(SuiteRunner.java:420)
	at org.testng.SuiteRunner.privateRun(SuiteRunner.java:385)
	at org.testng.SuiteRunner.run(SuiteRunner.java:334)
	at org.testng.SuiteRunnerWorker.runSuite(SuiteRunnerWorker.java:52)
	at org.testng.SuiteRunnerWorker.run(SuiteRunnerWorker.java:86)
	at org.testng.TestNG.runSuitesSequentially(TestNG.java:1318)
	at org.testng.TestNG.runSuitesLocally(TestNG.java:1243)
	at org.testng.TestNG.runSuites(TestNG.java:1161)
	at org.testng.TestNG.run(TestNG.java:1129)
	at org.testng.remote.AbstractRemoteTestNG.run(AbstractRemoteTestNG.java:114)
	at org.testng.remote.RemoteTestNG.initAndRun(RemoteTestNG.java:251)
	at org.testng.remote.RemoteTestNG.main(RemoteTestNG.java:77)
</div></td></tr></tbody></table><p class="totop"><a href="file:///C:/MobilityAutomation/test-output/emailable-report.html#summary">back to summary</a></p>
<h3 id="m14">automationTestCases.Exchange_2_Elec_Initial_Polarity_Check_At_Meter_Page_Abort_Chrome#main</h3><table class="result"><tbody><tr><th>Exception</th></tr><tr><td><div class="stacktrace">org.openqa.selenium.NoSuchSessionException: Session ID is null. Using WebDriver after calling quit()?
Build info: version: 'unknown', revision: '1969d75', time: '2016-10-18 09:45:56 -0700'
System info: host: 'MD1N0QGC', ip: '137.223.0.215', os.name: 'Windows 7', os.arch: 'amd64', os.version: '6.1', java.version: '1.8.0_131'
Driver info: driver.version: RemoteWebDriver
	at org.openqa.selenium.remote.HttpCommandExecutor.execute(HttpCommandExecutor.java:130)
	at org.openqa.selenium.remote.service.DriverCommandExecutor.execute(DriverCommandExecutor.java:82)
	at org.openqa.selenium.remote.RemoteWebDriver.execute(RemoteWebDriver.java:601)
	at org.openqa.selenium.remote.RemoteWebElement.execute(RemoteWebElement.java:274)
	at org.openqa.selenium.remote.RemoteWebElement.isDisplayed(RemoteWebElement.java:315)
	at automationTestCases.Exchange_2_Elec_Initial_Polarity_Check_At_Meter_Page_Abort_Chrome.main(Exchange_2_Elec_Initial_Polarity_Check_At_Meter_Page_Abort_Chrome.java:146)
	at sun.reflect.NativeMethodAccessorImpl.invoke0(Native Method)
	at sun.reflect.NativeMethodAccessorImpl.invoke(Unknown Source)
	at sun.reflect.DelegatingMethodAccessorImpl.invoke(Unknown Source)
	at java.lang.reflect.Method.invoke(Unknown Source)
	at org.testng.internal.MethodInvocationHelper.invokeMethod(MethodInvocationHelper.java:108)
	at org.testng.internal.Invoker.invokeMethod(Invoker.java:669)
	at org.testng.internal.Invoker.invokeTestMethod(Invoker.java:877)
	at org.testng.internal.Invoker.invokeTestMethods(Invoker.java:1201)
	at org.testng.internal.TestMethodWorker.invokeTestMethods(TestMethodWorker.java:125)
	at org.testng.internal.TestMethodWorker.run(TestMethodWorker.java:109)
	at org.testng.TestRunner.privateRun(TestRunner.java:776)
	at org.testng.TestRunner.run(TestRunner.java:634)
	at org.testng.SuiteRunner.runTest(SuiteRunner.java:425)
	at org.testng.SuiteRunner.runSequentially(SuiteRunner.java:420)
	at org.testng.SuiteRunner.privateRun(SuiteRunner.java:385)
	at org.testng.SuiteRunner.run(SuiteRunner.java:334)
	at org.testng.SuiteRunnerWorker.runSuite(SuiteRunnerWorker.java:52)
	at org.testng.SuiteRunnerWorker.run(SuiteRunnerWorker.java:86)
	at org.testng.TestNG.runSuitesSequentially(TestNG.java:1318)
	at org.testng.TestNG.runSuitesLocally(TestNG.java:1243)
	at org.testng.TestNG.runSuites(TestNG.java:1161)
	at org.testng.TestNG.run(TestNG.java:1129)
	at org.testng.remote.AbstractRemoteTestNG.run(AbstractRemoteTestNG.java:114)
	at org.testng.remote.RemoteTestNG.initAndRun(RemoteTestNG.java:251)
	at org.testng.remote.RemoteTestNG.main(RemoteTestNG.java:77)
</div></td></tr></tbody></table><p class="totop"><a href="file:///C:/MobilityAutomation/test-output/emailable-report.html#summary">back to summary</a></p>
<h3 id="m15">automationTestCases.Exchange_2_Elec_Suitable_For_Smart_Installation_Page_Abort_Chrome#main</h3><table class="result"><tbody><tr><th>Exception</th></tr><tr><td><div class="stacktrace">org.openqa.selenium.NoSuchSessionException: Session ID is null. Using WebDriver after calling quit()?
Build info: version: 'unknown', revision: '1969d75', time: '2016-10-18 09:45:56 -0700'
System info: host: 'MD1N0QGC', ip: '137.223.0.215', os.name: 'Windows 7', os.arch: 'amd64', os.version: '6.1', java.version: '1.8.0_131'
Driver info: driver.version: RemoteWebDriver
	at org.openqa.selenium.remote.HttpCommandExecutor.execute(HttpCommandExecutor.java:130)
	at org.openqa.selenium.remote.service.DriverCommandExecutor.execute(DriverCommandExecutor.java:82)
	at org.openqa.selenium.remote.RemoteWebDriver.execute(RemoteWebDriver.java:601)
	at org.openqa.selenium.remote.RemoteWebElement.execute(RemoteWebElement.java:274)
	at org.openqa.selenium.remote.RemoteWebElement.isDisplayed(RemoteWebElement.java:315)
	at automationTestCases.Exchange_2_Elec_Suitable_For_Smart_Installation_Page_Abort_Chrome.main(Exchange_2_Elec_Suitable_For_Smart_Installation_Page_Abort_Chrome.java:158)
	at sun.reflect.NativeMethodAccessorImpl.invoke0(Native Method)
	at sun.reflect.NativeMethodAccessorImpl.invoke(Unknown Source)
	at sun.reflect.DelegatingMethodAccessorImpl.invoke(Unknown Source)
	at java.lang.reflect.Method.invoke(Unknown Source)
	at org.testng.internal.MethodInvocationHelper.invokeMethod(MethodInvocationHelper.java:108)
	at org.testng.internal.Invoker.invokeMethod(Invoker.java:669)
	at org.testng.internal.Invoker.invokeTestMethod(Invoker.java:877)
	at org.testng.internal.Invoker.invokeTestMethods(Invoker.java:1201)
	at org.testng.internal.TestMethodWorker.invokeTestMethods(TestMethodWorker.java:125)
	at org.testng.internal.TestMethodWorker.run(TestMethodWorker.java:109)
	at org.testng.TestRunner.privateRun(TestRunner.java:776)
	at org.testng.TestRunner.run(TestRunner.java:634)
	at org.testng.SuiteRunner.runTest(SuiteRunner.java:425)
	at org.testng.SuiteRunner.runSequentially(SuiteRunner.java:420)
	at org.testng.SuiteRunner.privateRun(SuiteRunner.java:385)
	at org.testng.SuiteRunner.run(SuiteRunner.java:334)
	at org.testng.SuiteRunnerWorker.runSuite(SuiteRunnerWorker.java:52)
	at org.testng.SuiteRunnerWorker.run(SuiteRunnerWorker.java:86)
	at org.testng.TestNG.runSuitesSequentially(TestNG.java:1318)
	at org.testng.TestNG.runSuitesLocally(TestNG.java:1243)
	at org.testng.TestNG.runSuites(TestNG.java:1161)
	at org.testng.TestNG.run(TestNG.java:1129)
	at org.testng.remote.AbstractRemoteTestNG.run(AbstractRemoteTestNG.java:114)
	at org.testng.remote.RemoteTestNG.initAndRun(RemoteTestNG.java:251)
	at org.testng.remote.RemoteTestNG.main(RemoteTestNG.java:77)
</div></td></tr></tbody></table><p class="totop"><a href="file:///C:/MobilityAutomation/test-output/emailable-report.html#summary">back to summary</a></p>
<h3 id="m16">automationTestCases.Exchange_2_End_To_End_Chrome#main</h3><table class="result"><tbody><tr><th>Exception</th></tr><tr><td><div class="stacktrace">org.openqa.selenium.NoSuchSessionException: Session ID is null. Using WebDriver after calling quit()?
Build info: version: 'unknown', revision: '1969d75', time: '2016-10-18 09:45:56 -0700'
System info: host: 'MD1N0QGC', ip: '137.223.0.215', os.name: 'Windows 7', os.arch: 'amd64', os.version: '6.1', java.version: '1.8.0_131'
Driver info: driver.version: RemoteWebDriver
	at org.openqa.selenium.remote.HttpCommandExecutor.execute(HttpCommandExecutor.java:130)
	at org.openqa.selenium.remote.service.DriverCommandExecutor.execute(DriverCommandExecutor.java:82)
	at org.openqa.selenium.remote.RemoteWebDriver.execute(RemoteWebDriver.java:601)
	at org.openqa.selenium.remote.RemoteWebElement.execute(RemoteWebElement.java:274)
	at org.openqa.selenium.remote.RemoteWebElement.isDisplayed(RemoteWebElement.java:315)
	at automationTestCases.Exchange_2_End_To_End_Chrome.main(Exchange_2_End_To_End_Chrome.java:173)
	at sun.reflect.NativeMethodAccessorImpl.invoke0(Native Method)
	at sun.reflect.NativeMethodAccessorImpl.invoke(Unknown Source)
	at sun.reflect.DelegatingMethodAccessorImpl.invoke(Unknown Source)
	at java.lang.reflect.Method.invoke(Unknown Source)
	at org.testng.internal.MethodInvocationHelper.invokeMethod(MethodInvocationHelper.java:108)
	at org.testng.internal.Invoker.invokeMethod(Invoker.java:669)
	at org.testng.internal.Invoker.invokeTestMethod(Invoker.java:877)
	at org.testng.internal.Invoker.invokeTestMethods(Invoker.java:1201)
	at org.testng.internal.TestMethodWorker.invokeTestMethods(TestMethodWorker.java:125)
	at org.testng.internal.TestMethodWorker.run(TestMethodWorker.java:109)
	at org.testng.TestRunner.privateRun(TestRunner.java:776)
	at org.testng.TestRunner.run(TestRunner.java:634)
	at org.testng.SuiteRunner.runTest(SuiteRunner.java:425)
	at org.testng.SuiteRunner.runSequentially(SuiteRunner.java:420)
	at org.testng.SuiteRunner.privateRun(SuiteRunner.java:385)
	at org.testng.SuiteRunner.run(SuiteRunner.java:334)
	at org.testng.SuiteRunnerWorker.runSuite(SuiteRunnerWorker.java:52)
	at org.testng.SuiteRunnerWorker.run(SuiteRunnerWorker.java:86)
	at org.testng.TestNG.runSuitesSequentially(TestNG.java:1318)
	at org.testng.TestNG.runSuitesLocally(TestNG.java:1243)
	at org.testng.TestNG.runSuites(TestNG.java:1161)
	at org.testng.TestNG.run(TestNG.java:1129)
	at org.testng.remote.AbstractRemoteTestNG.run(AbstractRemoteTestNG.java:114)
	at org.testng.remote.RemoteTestNG.initAndRun(RemoteTestNG.java:251)
	at org.testng.remote.RemoteTestNG.main(RemoteTestNG.java:77)
</div></td></tr></tbody></table><p class="totop"><a href="file:///C:/MobilityAutomation/test-output/emailable-report.html#summary">back to summary</a></p>
<h3 id="m17">automationTestCases.Exchange_3_Appointment_Details_Page_Abort_No_Access_Chrome#main</h3><table class="result"><tbody><tr><th>Exception</th></tr><tr><td><div class="stacktrace">org.openqa.selenium.NoSuchSessionException: Session ID is null. Using WebDriver after calling quit()?
Build info: version: 'unknown', revision: '1969d75', time: '2016-10-18 09:45:56 -0700'
System info: host: 'MD1N0QGC', ip: '137.223.0.215', os.name: 'Windows 7', os.arch: 'amd64', os.version: '6.1', java.version: '1.8.0_131'
Driver info: driver.version: RemoteWebDriver
	at org.openqa.selenium.remote.HttpCommandExecutor.execute(HttpCommandExecutor.java:130)
	at org.openqa.selenium.remote.service.DriverCommandExecutor.execute(DriverCommandExecutor.java:82)
	at org.openqa.selenium.remote.RemoteWebDriver.execute(RemoteWebDriver.java:601)
	at org.openqa.selenium.remote.RemoteWebElement.execute(RemoteWebElement.java:274)
	at org.openqa.selenium.remote.RemoteWebElement.isDisplayed(RemoteWebElement.java:315)
	at automationTestCases.Exchange_3_Appointment_Details_Page_Abort_No_Access_Chrome.main(Exchange_3_Appointment_Details_Page_Abort_No_Access_Chrome.java:121)
	at sun.reflect.NativeMethodAccessorImpl.invoke0(Native Method)
	at sun.reflect.NativeMethodAccessorImpl.invoke(Unknown Source)
	at sun.reflect.DelegatingMethodAccessorImpl.invoke(Unknown Source)
	at java.lang.reflect.Method.invoke(Unknown Source)
	at org.testng.internal.MethodInvocationHelper.invokeMethod(MethodInvocationHelper.java:108)
	at org.testng.internal.Invoker.invokeMethod(Invoker.java:669)
	at org.testng.internal.Invoker.invokeTestMethod(Invoker.java:877)
	at org.testng.internal.Invoker.invokeTestMethods(Invoker.java:1201)
	at org.testng.internal.TestMethodWorker.invokeTestMethods(TestMethodWorker.java:125)
	at org.testng.internal.TestMethodWorker.run(TestMethodWorker.java:109)
	at org.testng.TestRunner.privateRun(TestRunner.java:776)
	at org.testng.TestRunner.run(TestRunner.java:634)
	at org.testng.SuiteRunner.runTest(SuiteRunner.java:425)
	at org.testng.SuiteRunner.runSequentially(SuiteRunner.java:420)
	at org.testng.SuiteRunner.privateRun(SuiteRunner.java:385)
	at org.testng.SuiteRunner.run(SuiteRunner.java:334)
	at org.testng.SuiteRunnerWorker.runSuite(SuiteRunnerWorker.java:52)
	at org.testng.SuiteRunnerWorker.run(SuiteRunnerWorker.java:86)
	at org.testng.TestNG.runSuitesSequentially(TestNG.java:1318)
	at org.testng.TestNG.runSuitesLocally(TestNG.java:1243)
	at org.testng.TestNG.runSuites(TestNG.java:1161)
	at org.testng.TestNG.run(TestNG.java:1129)
	at org.testng.remote.AbstractRemoteTestNG.run(AbstractRemoteTestNG.java:114)
	at org.testng.remote.RemoteTestNG.initAndRun(RemoteTestNG.java:251)
	at org.testng.remote.RemoteTestNG.main(RemoteTestNG.java:77)
</div></td></tr></tbody></table><p class="totop"><a href="file:///C:/MobilityAutomation/test-output/emailable-report.html#summary">back to summary</a></p>
<h3 id="m18">automationTestCases.Exchange_3_Elec_HAN_WAN_Checks_Page_Abort_Chrome#main</h3><table class="result"><tbody><tr><th>Exception</th></tr><tr><td><div class="stacktrace">java.lang.NullPointerException
	at automationTestCases.Exchange_3_Elec_HAN_WAN_Checks_Page_Abort_Chrome.main(Exchange_3_Elec_HAN_WAN_Checks_Page_Abort_Chrome.java:177)
	at sun.reflect.NativeMethodAccessorImpl.invoke0(Native Method)
	at sun.reflect.NativeMethodAccessorImpl.invoke(Unknown Source)
	at sun.reflect.DelegatingMethodAccessorImpl.invoke(Unknown Source)
	at java.lang.reflect.Method.invoke(Unknown Source)
	at org.testng.internal.MethodInvocationHelper.invokeMethod(MethodInvocationHelper.java:108)
	at org.testng.internal.Invoker.invokeMethod(Invoker.java:669)
	at org.testng.internal.Invoker.invokeTestMethod(Invoker.java:877)
	at org.testng.internal.Invoker.invokeTestMethods(Invoker.java:1201)
	at org.testng.internal.TestMethodWorker.invokeTestMethods(TestMethodWorker.java:125)
	at org.testng.internal.TestMethodWorker.run(TestMethodWorker.java:109)
	at org.testng.TestRunner.privateRun(TestRunner.java:776)
	at org.testng.TestRunner.run(TestRunner.java:634)
	at org.testng.SuiteRunner.runTest(SuiteRunner.java:425)
	at org.testng.SuiteRunner.runSequentially(SuiteRunner.java:420)
	at org.testng.SuiteRunner.privateRun(SuiteRunner.java:385)
	at org.testng.SuiteRunner.run(SuiteRunner.java:334)
	at org.testng.SuiteRunnerWorker.runSuite(SuiteRunnerWorker.java:52)
	at org.testng.SuiteRunnerWorker.run(SuiteRunnerWorker.java:86)
	at org.testng.TestNG.runSuitesSequentially(TestNG.java:1318)
	at org.testng.TestNG.runSuitesLocally(TestNG.java:1243)
	at org.testng.TestNG.runSuites(TestNG.java:1161)
	at org.testng.TestNG.run(TestNG.java:1129)
	at org.testng.remote.AbstractRemoteTestNG.run(AbstractRemoteTestNG.java:114)
	at org.testng.remote.RemoteTestNG.initAndRun(RemoteTestNG.java:251)
	at org.testng.remote.RemoteTestNG.main(RemoteTestNG.java:77)
</div></td></tr></tbody></table><p class="totop"><a href="file:///C:/MobilityAutomation/test-output/emailable-report.html#summary">back to summary</a></p>
<h3 id="m19">automationTestCases.Exchange_3_Elec_Initial_Polarity_Check_At_Meter_Page_Abort_Chrome#main</h3><table class="result"><tbody><tr><th>Exception</th></tr><tr><td><div class="stacktrace">java.lang.NullPointerException
	at automationTestCases.Exchange_3_Elec_Initial_Polarity_Check_At_Meter_Page_Abort_Chrome.main(Exchange_3_Elec_Initial_Polarity_Check_At_Meter_Page_Abort_Chrome.java:176)
	at sun.reflect.NativeMethodAccessorImpl.invoke0(Native Method)
	at sun.reflect.NativeMethodAccessorImpl.invoke(Unknown Source)
	at sun.reflect.DelegatingMethodAccessorImpl.invoke(Unknown Source)
	at java.lang.reflect.Method.invoke(Unknown Source)
	at org.testng.internal.MethodInvocationHelper.invokeMethod(MethodInvocationHelper.java:108)
	at org.testng.internal.Invoker.invokeMethod(Invoker.java:669)
	at org.testng.internal.Invoker.invokeTestMethod(Invoker.java:877)
	at org.testng.internal.Invoker.invokeTestMethods(Invoker.java:1201)
	at org.testng.internal.TestMethodWorker.invokeTestMethods(TestMethodWorker.java:125)
	at org.testng.internal.TestMethodWorker.run(TestMethodWorker.java:109)
	at org.testng.TestRunner.privateRun(TestRunner.java:776)
	at org.testng.TestRunner.run(TestRunner.java:634)
	at org.testng.SuiteRunner.runTest(SuiteRunner.java:425)
	at org.testng.SuiteRunner.runSequentially(SuiteRunner.java:420)
	at org.testng.SuiteRunner.privateRun(SuiteRunner.java:385)
	at org.testng.SuiteRunner.run(SuiteRunner.java:334)
	at org.testng.SuiteRunnerWorker.runSuite(SuiteRunnerWorker.java:52)
	at org.testng.SuiteRunnerWorker.run(SuiteRunnerWorker.java:86)
	at org.testng.TestNG.runSuitesSequentially(TestNG.java:1318)
	at org.testng.TestNG.runSuitesLocally(TestNG.java:1243)
	at org.testng.TestNG.runSuites(TestNG.java:1161)
	at org.testng.TestNG.run(TestNG.java:1129)
	at org.testng.remote.AbstractRemoteTestNG.run(AbstractRemoteTestNG.java:114)
	at org.testng.remote.RemoteTestNG.initAndRun(RemoteTestNG.java:251)
	at org.testng.remote.RemoteTestNG.main(RemoteTestNG.java:77)
</div></td></tr></tbody></table><p class="totop"><a href="file:///C:/MobilityAutomation/test-output/emailable-report.html#summary">back to summary</a></p>
<h3 id="m20">automationTestCases.Exchange_3_End_To_End_Chrome#main</h3><table class="result"><tbody><tr><th>Exception</th></tr><tr><td><div class="stacktrace">java.lang.NullPointerException
	at automationTestCases.Exchange_3_End_To_End_Chrome.main(Exchange_3_End_To_End_Chrome.java:201)
	at sun.reflect.NativeMethodAccessorImpl.invoke0(Native Method)
	at sun.reflect.NativeMethodAccessorImpl.invoke(Unknown Source)
	at sun.reflect.DelegatingMethodAccessorImpl.invoke(Unknown Source)
	at java.lang.reflect.Method.invoke(Unknown Source)
	at org.testng.internal.MethodInvocationHelper.invokeMethod(MethodInvocationHelper.java:108)
	at org.testng.internal.Invoker.invokeMethod(Invoker.java:669)
	at org.testng.internal.Invoker.invokeTestMethod(Invoker.java:877)
	at org.testng.internal.Invoker.invokeTestMethods(Invoker.java:1201)
	at org.testng.internal.TestMethodWorker.invokeTestMethods(TestMethodWorker.java:125)
	at org.testng.internal.TestMethodWorker.run(TestMethodWorker.java:109)
	at org.testng.TestRunner.privateRun(TestRunner.java:776)
	at org.testng.TestRunner.run(TestRunner.java:634)
	at org.testng.SuiteRunner.runTest(SuiteRunner.java:425)
	at org.testng.SuiteRunner.runSequentially(SuiteRunner.java:420)
	at org.testng.SuiteRunner.privateRun(SuiteRunner.java:385)
	at org.testng.SuiteRunner.run(SuiteRunner.java:334)
	at org.testng.SuiteRunnerWorker.runSuite(SuiteRunnerWorker.java:52)
	at org.testng.SuiteRunnerWorker.run(SuiteRunnerWorker.java:86)
	at org.testng.TestNG.runSuitesSequentially(TestNG.java:1318)
	at org.testng.TestNG.runSuitesLocally(TestNG.java:1243)
	at org.testng.TestNG.runSuites(TestNG.java:1161)
	at org.testng.TestNG.run(TestNG.java:1129)
	at org.testng.remote.AbstractRemoteTestNG.run(AbstractRemoteTestNG.java:114)
	at org.testng.remote.RemoteTestNG.initAndRun(RemoteTestNG.java:251)
	at org.testng.remote.RemoteTestNG.main(RemoteTestNG.java:77)
</div></td></tr></tbody></table><p class="totop"><a href="file:///C:/MobilityAutomation/test-output/emailable-report.html#summary">back to summary</a></p>
<h3 id="m21">automationTestCases.Exchange_3_Gas_Meter_Post_Installation_Gas_Tightness_Test_Abort_Chrome#main</h3><table class="result"><tbody><tr><th>Exception</th></tr><tr><td><div class="stacktrace">java.lang.NullPointerException
	at automationTestCases.Exchange_3_Gas_Meter_Post_Installation_Gas_Tightness_Test_Abort_Chrome.main(Exchange_3_Gas_Meter_Post_Installation_Gas_Tightness_Test_Abort_Chrome.java:197)
	at sun.reflect.NativeMethodAccessorImpl.invoke0(Native Method)
	at sun.reflect.NativeMethodAccessorImpl.invoke(Unknown Source)
	at sun.reflect.DelegatingMethodAccessorImpl.invoke(Unknown Source)
	at java.lang.reflect.Method.invoke(Unknown Source)
	at org.testng.internal.MethodInvocationHelper.invokeMethod(MethodInvocationHelper.java:108)
	at org.testng.internal.Invoker.invokeMethod(Invoker.java:669)
	at org.testng.internal.Invoker.invokeTestMethod(Invoker.java:877)
	at org.testng.internal.Invoker.invokeTestMethods(Invoker.java:1201)
	at org.testng.internal.TestMethodWorker.invokeTestMethods(TestMethodWorker.java:125)
	at org.testng.internal.TestMethodWorker.run(TestMethodWorker.java:109)
	at org.testng.TestRunner.privateRun(TestRunner.java:776)
	at org.testng.TestRunner.run(TestRunner.java:634)
	at org.testng.SuiteRunner.runTest(SuiteRunner.java:425)
	at org.testng.SuiteRunner.runSequentially(SuiteRunner.java:420)
	at org.testng.SuiteRunner.privateRun(SuiteRunner.java:385)
	at org.testng.SuiteRunner.run(SuiteRunner.java:334)
	at org.testng.SuiteRunnerWorker.runSuite(SuiteRunnerWorker.java:52)
	at org.testng.SuiteRunnerWorker.run(SuiteRunnerWorker.java:86)
	at org.testng.TestNG.runSuitesSequentially(TestNG.java:1318)
	at org.testng.TestNG.runSuitesLocally(TestNG.java:1243)
	at org.testng.TestNG.runSuites(TestNG.java:1161)
	at org.testng.TestNG.run(TestNG.java:1129)
	at org.testng.remote.AbstractRemoteTestNG.run(AbstractRemoteTestNG.java:114)
	at org.testng.remote.RemoteTestNG.initAndRun(RemoteTestNG.java:251)
	at org.testng.remote.RemoteTestNG.main(RemoteTestNG.java:77)
</div></td></tr></tbody></table><p class="totop"><a href="file:///C:/MobilityAutomation/test-output/emailable-report.html#summary">back to summary</a></p>
<h3 id="m22">automationTestCases.Exchange_3_Gas_Meter_Pre_Installation_Gas_Tightness_Test_Failed_Test_Abort_Chrome#main</h3><table class="result"><tbody><tr><th>Exception</th></tr><tr><td><div class="stacktrace">java.lang.NullPointerException
	at automationTestCases.Exchange_3_Gas_Meter_Pre_Installation_Gas_Tightness_Test_Failed_Test_Abort_Chrome.main(Exchange_3_Gas_Meter_Pre_Installation_Gas_Tightness_Test_Failed_Test_Abort_Chrome.java:189)
	at sun.reflect.NativeMethodAccessorImpl.invoke0(Native Method)
	at sun.reflect.NativeMethodAccessorImpl.invoke(Unknown Source)
	at sun.reflect.DelegatingMethodAccessorImpl.invoke(Unknown Source)
	at java.lang.reflect.Method.invoke(Unknown Source)
	at org.testng.internal.MethodInvocationHelper.invokeMethod(MethodInvocationHelper.java:108)
	at org.testng.internal.Invoker.invokeMethod(Invoker.java:669)
	at org.testng.internal.Invoker.invokeTestMethod(Invoker.java:877)
	at org.testng.internal.Invoker.invokeTestMethods(Invoker.java:1201)
	at org.testng.internal.TestMethodWorker.invokeTestMethods(TestMethodWorker.java:125)
	at org.testng.internal.TestMethodWorker.run(TestMethodWorker.java:109)
	at org.testng.TestRunner.privateRun(TestRunner.java:776)
	at org.testng.TestRunner.run(TestRunner.java:634)
	at org.testng.SuiteRunner.runTest(SuiteRunner.java:425)
	at org.testng.SuiteRunner.runSequentially(SuiteRunner.java:420)
	at org.testng.SuiteRunner.privateRun(SuiteRunner.java:385)
	at org.testng.SuiteRunner.run(SuiteRunner.java:334)
	at org.testng.SuiteRunnerWorker.runSuite(SuiteRunnerWorker.java:52)
	at org.testng.SuiteRunnerWorker.run(SuiteRunnerWorker.java:86)
	at org.testng.TestNG.runSuitesSequentially(TestNG.java:1318)
	at org.testng.TestNG.runSuitesLocally(TestNG.java:1243)
	at org.testng.TestNG.runSuites(TestNG.java:1161)
	at org.testng.TestNG.run(TestNG.java:1129)
	at org.testng.remote.AbstractRemoteTestNG.run(AbstractRemoteTestNG.java:114)
	at org.testng.remote.RemoteTestNG.initAndRun(RemoteTestNG.java:251)
	at org.testng.remote.RemoteTestNG.main(RemoteTestNG.java:77)
</div></td></tr></tbody></table><p class="totop"><a href="file:///C:/MobilityAutomation/test-output/emailable-report.html#summary">back to summary</a></p>
<h3 id="m23">automationTestCases.Exchange_3_Gas_Meter_Pre_Installation_Gas_Tightness_Test_Low_Pressure_Abort_Chrome#main</h3><table class="result"><tbody><tr><th>Exception</th></tr><tr><td><div class="stacktrace">java.lang.NullPointerException
	at automationTestCases.Exchange_3_Gas_Meter_Pre_Installation_Gas_Tightness_Test_Low_Pressure_Abort_Chrome.main(Exchange_3_Gas_Meter_Pre_Installation_Gas_Tightness_Test_Low_Pressure_Abort_Chrome.java:191)
	at sun.reflect.NativeMethodAccessorImpl.invoke0(Native Method)
	at sun.reflect.NativeMethodAccessorImpl.invoke(Unknown Source)
	at sun.reflect.DelegatingMethodAccessorImpl.invoke(Unknown Source)
	at java.lang.reflect.Method.invoke(Unknown Source)
	at org.testng.internal.MethodInvocationHelper.invokeMethod(MethodInvocationHelper.java:108)
	at org.testng.internal.Invoker.invokeMethod(Invoker.java:669)
	at org.testng.internal.Invoker.invokeTestMethod(Invoker.java:877)
	at org.testng.internal.Invoker.invokeTestMethods(Invoker.java:1201)
	at org.testng.internal.TestMethodWorker.invokeTestMethods(TestMethodWorker.java:125)
	at org.testng.internal.TestMethodWorker.run(TestMethodWorker.java:109)
	at org.testng.TestRunner.privateRun(TestRunner.java:776)
	at org.testng.TestRunner.run(TestRunner.java:634)
	at org.testng.SuiteRunner.runTest(SuiteRunner.java:425)
	at org.testng.SuiteRunner.runSequentially(SuiteRunner.java:420)
	at org.testng.SuiteRunner.privateRun(SuiteRunner.java:385)
	at org.testng.SuiteRunner.run(SuiteRunner.java:334)
	at org.testng.SuiteRunnerWorker.runSuite(SuiteRunnerWorker.java:52)
	at org.testng.SuiteRunnerWorker.run(SuiteRunnerWorker.java:86)
	at org.testng.TestNG.runSuitesSequentially(TestNG.java:1318)
	at org.testng.TestNG.runSuitesLocally(TestNG.java:1243)
	at org.testng.TestNG.runSuites(TestNG.java:1161)
	at org.testng.TestNG.run(TestNG.java:1129)
	at org.testng.remote.AbstractRemoteTestNG.run(AbstractRemoteTestNG.java:114)
	at org.testng.remote.RemoteTestNG.initAndRun(RemoteTestNG.java:251)
	at org.testng.remote.RemoteTestNG.main(RemoteTestNG.java:77)
</div></td></tr></tbody></table><p class="totop"><a href="file:///C:/MobilityAutomation/test-output/emailable-report.html#summary">back to summary</a></p>
<h3 id="m24">automationTestCases.Exchange_3_Gas_Risk_Assessment_Gas_Abort_Low_Pressure_Chrome#main</h3><table class="result"><tbody><tr><th>Exception</th></tr><tr><td><div class="stacktrace">java.lang.NullPointerException
	at automationTestCases.Exchange_3_Gas_Risk_Assessment_Gas_Abort_Low_Pressure_Chrome.main(Exchange_3_Gas_Risk_Assessment_Gas_Abort_Low_Pressure_Chrome.java:186)
	at sun.reflect.NativeMethodAccessorImpl.invoke0(Native Method)
	at sun.reflect.NativeMethodAccessorImpl.invoke(Unknown Source)
	at sun.reflect.DelegatingMethodAccessorImpl.invoke(Unknown Source)
	at java.lang.reflect.Method.invoke(Unknown Source)
	at org.testng.internal.MethodInvocationHelper.invokeMethod(MethodInvocationHelper.java:108)
	at org.testng.internal.Invoker.invokeMethod(Invoker.java:669)
	at org.testng.internal.Invoker.invokeTestMethod(Invoker.java:877)
	at org.testng.internal.Invoker.invokeTestMethods(Invoker.java:1201)
	at org.testng.internal.TestMethodWorker.invokeTestMethods(TestMethodWorker.java:125)
	at org.testng.internal.TestMethodWorker.run(TestMethodWorker.java:109)
	at org.testng.TestRunner.privateRun(TestRunner.java:776)
	at org.testng.TestRunner.run(TestRunner.java:634)
	at org.testng.SuiteRunner.runTest(SuiteRunner.java:425)
	at org.testng.SuiteRunner.runSequentially(SuiteRunner.java:420)
	at org.testng.SuiteRunner.privateRun(SuiteRunner.java:385)
	at org.testng.SuiteRunner.run(SuiteRunner.java:334)
	at org.testng.SuiteRunnerWorker.runSuite(SuiteRunnerWorker.java:52)
	at org.testng.SuiteRunnerWorker.run(SuiteRunnerWorker.java:86)
	at org.testng.TestNG.runSuitesSequentially(TestNG.java:1318)
	at org.testng.TestNG.runSuitesLocally(TestNG.java:1243)
	at org.testng.TestNG.runSuites(TestNG.java:1161)
	at org.testng.TestNG.run(TestNG.java:1129)
	at org.testng.remote.AbstractRemoteTestNG.run(AbstractRemoteTestNG.java:114)
	at org.testng.remote.RemoteTestNG.initAndRun(RemoteTestNG.java:251)
	at org.testng.remote.RemoteTestNG.main(RemoteTestNG.java:77)
</div></td></tr></tbody></table><p class="totop"><a href="file:///C:/MobilityAutomation/test-output/emailable-report.html#summary">back to summary</a></p>
<h3 id="m25">automationTestCases.Exchange_3_Gas_Risk_Assessment_Gas_Abort_Med_Pressure_Chrome#main</h3><table class="result"><tbody><tr><th>Exception</th></tr><tr><td><div class="stacktrace">java.lang.NullPointerException
	at automationTestCases.Exchange_3_Gas_Risk_Assessment_Gas_Abort_Med_Pressure_Chrome.main(Exchange_3_Gas_Risk_Assessment_Gas_Abort_Med_Pressure_Chrome.java:186)
	at sun.reflect.NativeMethodAccessorImpl.invoke0(Native Method)
	at sun.reflect.NativeMethodAccessorImpl.invoke(Unknown Source)
	at sun.reflect.DelegatingMethodAccessorImpl.invoke(Unknown Source)
	at java.lang.reflect.Method.invoke(Unknown Source)
	at org.testng.internal.MethodInvocationHelper.invokeMethod(MethodInvocationHelper.java:108)
	at org.testng.internal.Invoker.invokeMethod(Invoker.java:669)
	at org.testng.internal.Invoker.invokeTestMethod(Invoker.java:877)
	at org.testng.internal.Invoker.invokeTestMethods(Invoker.java:1201)
	at org.testng.internal.TestMethodWorker.invokeTestMethods(TestMethodWorker.java:125)
	at org.testng.internal.TestMethodWorker.run(TestMethodWorker.java:109)
	at org.testng.TestRunner.privateRun(TestRunner.java:776)
	at org.testng.TestRunner.run(TestRunner.java:634)
	at org.testng.SuiteRunner.runTest(SuiteRunner.java:425)
	at org.testng.SuiteRunner.runSequentially(SuiteRunner.java:420)
	at org.testng.SuiteRunner.privateRun(SuiteRunner.java:385)
	at org.testng.SuiteRunner.run(SuiteRunner.java:334)
	at org.testng.SuiteRunnerWorker.runSuite(SuiteRunnerWorker.java:52)
	at org.testng.SuiteRunnerWorker.run(SuiteRunnerWorker.java:86)
	at org.testng.TestNG.runSuitesSequentially(TestNG.java:1318)
	at org.testng.TestNG.runSuitesLocally(TestNG.java:1243)
	at org.testng.TestNG.runSuites(TestNG.java:1161)
	at org.testng.TestNG.run(TestNG.java:1129)
	at org.testng.remote.AbstractRemoteTestNG.run(AbstractRemoteTestNG.java:114)
	at org.testng.remote.RemoteTestNG.initAndRun(RemoteTestNG.java:251)
	at org.testng.remote.RemoteTestNG.main(RemoteTestNG.java:77)
</div></td></tr></tbody></table><p class="totop"><a href="file:///C:/MobilityAutomation/test-output/emailable-report.html#summary">back to summary</a></p>
<h3 id="m26">automationTestCases.Exchange_3_Gas_Suitable_For_Smart_Installation_Abort_Chrome#main</h3><table class="result"><tbody><tr><th>Exception</th></tr><tr><td><div class="stacktrace">java.lang.NullPointerException
	at automationTestCases.Exchange_3_Gas_Suitable_For_Smart_Installation_Abort_Chrome.main(Exchange_3_Gas_Suitable_For_Smart_Installation_Abort_Chrome.java:187)
	at sun.reflect.NativeMethodAccessorImpl.invoke0(Native Method)
	at sun.reflect.NativeMethodAccessorImpl.invoke(Unknown Source)
	at sun.reflect.DelegatingMethodAccessorImpl.invoke(Unknown Source)
	at java.lang.reflect.Method.invoke(Unknown Source)
	at org.testng.internal.MethodInvocationHelper.invokeMethod(MethodInvocationHelper.java:108)
	at org.testng.internal.Invoker.invokeMethod(Invoker.java:669)
	at org.testng.internal.Invoker.invokeTestMethod(Invoker.java:877)
	at org.testng.internal.Invoker.invokeTestMethods(Invoker.java:1201)
	at org.testng.internal.TestMethodWorker.invokeTestMethods(TestMethodWorker.java:125)
	at org.testng.internal.TestMethodWorker.run(TestMethodWorker.java:109)
	at org.testng.TestRunner.privateRun(TestRunner.java:776)
	at org.testng.TestRunner.run(TestRunner.java:634)
	at org.testng.SuiteRunner.runTest(SuiteRunner.java:425)
	at org.testng.SuiteRunner.runSequentially(SuiteRunner.java:420)
	at org.testng.SuiteRunner.privateRun(SuiteRunner.java:385)
	at org.testng.SuiteRunner.run(SuiteRunner.java:334)
	at org.testng.SuiteRunnerWorker.runSuite(SuiteRunnerWorker.java:52)
	at org.testng.SuiteRunnerWorker.run(SuiteRunnerWorker.java:86)
	at org.testng.TestNG.runSuitesSequentially(TestNG.java:1318)
	at org.testng.TestNG.runSuitesLocally(TestNG.java:1243)
	at org.testng.TestNG.runSuites(TestNG.java:1161)
	at org.testng.TestNG.run(TestNG.java:1129)
	at org.testng.remote.AbstractRemoteTestNG.run(AbstractRemoteTestNG.java:114)
	at org.testng.remote.RemoteTestNG.initAndRun(RemoteTestNG.java:251)
	at org.testng.remote.RemoteTestNG.main(RemoteTestNG.java:77)
</div></td></tr></tbody></table><p class="totop"><a href="file:///C:/MobilityAutomation/test-output/emailable-report.html#summary">back to summary</a></p>
<h3 id="m27">automationTestCases.Exchange_5_Appointment_Details_Page_Abort_No_Access_Chrome#main</h3><table class="result"><tbody><tr><th>Exception</th></tr><tr><td><div class="stacktrace">org.openqa.selenium.NoSuchSessionException: Session ID is null. Using WebDriver after calling quit()?
Build info: version: 'unknown', revision: '1969d75', time: '2016-10-18 09:45:56 -0700'
System info: host: 'MD1N0QGC', ip: '137.223.0.215', os.name: 'Windows 7', os.arch: 'amd64', os.version: '6.1', java.version: '1.8.0_131'
Driver info: driver.version: RemoteWebDriver
	at org.openqa.selenium.remote.HttpCommandExecutor.execute(HttpCommandExecutor.java:130)
	at org.openqa.selenium.remote.service.DriverCommandExecutor.execute(DriverCommandExecutor.java:82)
	at org.openqa.selenium.remote.RemoteWebDriver.execute(RemoteWebDriver.java:601)
	at org.openqa.selenium.remote.RemoteWebElement.execute(RemoteWebElement.java:274)
	at org.openqa.selenium.remote.RemoteWebElement.isDisplayed(RemoteWebElement.java:315)
	at automationTestCases.Exchange_5_Appointment_Details_Page_Abort_No_Access_Chrome.main(Exchange_5_Appointment_Details_Page_Abort_No_Access_Chrome.java:121)
	at sun.reflect.NativeMethodAccessorImpl.invoke0(Native Method)
	at sun.reflect.NativeMethodAccessorImpl.invoke(Unknown Source)
	at sun.reflect.DelegatingMethodAccessorImpl.invoke(Unknown Source)
	at java.lang.reflect.Method.invoke(Unknown Source)
	at org.testng.internal.MethodInvocationHelper.invokeMethod(MethodInvocationHelper.java:108)
	at org.testng.internal.Invoker.invokeMethod(Invoker.java:669)
	at org.testng.internal.Invoker.invokeTestMethod(Invoker.java:877)
	at org.testng.internal.Invoker.invokeTestMethods(Invoker.java:1201)
	at org.testng.internal.TestMethodWorker.invokeTestMethods(TestMethodWorker.java:125)
	at org.testng.internal.TestMethodWorker.run(TestMethodWorker.java:109)
	at org.testng.TestRunner.privateRun(TestRunner.java:776)
	at org.testng.TestRunner.run(TestRunner.java:634)
	at org.testng.SuiteRunner.runTest(SuiteRunner.java:425)
	at org.testng.SuiteRunner.runSequentially(SuiteRunner.java:420)
	at org.testng.SuiteRunner.privateRun(SuiteRunner.java:385)
	at org.testng.SuiteRunner.run(SuiteRunner.java:334)
	at org.testng.SuiteRunnerWorker.runSuite(SuiteRunnerWorker.java:52)
	at org.testng.SuiteRunnerWorker.run(SuiteRunnerWorker.java:86)
	at org.testng.TestNG.runSuitesSequentially(TestNG.java:1318)
	at org.testng.TestNG.runSuitesLocally(TestNG.java:1243)
	at org.testng.TestNG.runSuites(TestNG.java:1161)
	at org.testng.TestNG.run(TestNG.java:1129)
	at org.testng.remote.AbstractRemoteTestNG.run(AbstractRemoteTestNG.java:114)
	at org.testng.remote.RemoteTestNG.initAndRun(RemoteTestNG.java:251)
	at org.testng.remote.RemoteTestNG.main(RemoteTestNG.java:77)
</div></td></tr></tbody></table><p class="totop"><a href="file:///C:/MobilityAutomation/test-output/emailable-report.html#summary">back to summary</a></p>
<h3 id="m28">automationTestCases.Exchange_5_Doorstep_Protocol_Page_Abort_Doorstep_Procedure_Fail_Chrome#main</h3><table class="result"><tbody><tr><th>Exception</th></tr><tr><td><div class="stacktrace">org.openqa.selenium.ElementNotVisibleException: element not visible
  (Session info: chrome=60.0.3112.113)
  (Driver info: chromedriver=2.30.477700 (0057494ad8732195794a7b32078424f92a5fce41),platform=Windows NT 6.1.7601 SP1 x86_64) (WARNING: The server did not provide any stacktrace information)
Command duration or timeout: 20 milliseconds
Build info: version: 'unknown', revision: '1969d75', time: '2016-10-18 09:45:56 -0700'
System info: host: 'MD1N0QGC', ip: '137.223.0.215', os.name: 'Windows 7', os.arch: 'amd64', os.version: '6.1', java.version: '1.8.0_131'
Driver info: org.openqa.selenium.chrome.ChromeDriver
Capabilities [{applicationCacheEnabled=false, rotatable=false, mobileEmulationEnabled=false, networkConnectionEnabled=false, chrome={chromedriverVersion=2.30.477700 (0057494ad8732195794a7b32078424f92a5fce41), userDataDir=C:\Users\Z003TD~1.AD0\AppData\Local\Temp\scoped_dir38312_13025}, takesHeapSnapshot=true, pageLoadStrategy=normal, databaseEnabled=false, handlesAlerts=true, hasTouchScreen=false, version=60.0.3112.113, platform=XP, browserConnectionEnabled=false, nativeEvents=true, acceptSslCerts=true, locationContextEnabled=true, webStorageEnabled=true, browserName=chrome, takesScreenshot=true, javascriptEnabled=true, cssSelectorsEnabled=true, unexpectedAlertBehaviour=}]
Session ID: 4303b865d346a67ab35f6a1240b6af0c
	at sun.reflect.NativeConstructorAccessorImpl.newInstance0(Native Method)
	at sun.reflect.NativeConstructorAccessorImpl.newInstance(Unknown Source)
	at sun.reflect.DelegatingConstructorAccessorImpl.newInstance(Unknown Source)
	at java.lang.reflect.Constructor.newInstance(Unknown Source)
	at org.openqa.selenium.remote.ErrorHandler.createThrowable(ErrorHandler.java:216)
	at org.openqa.selenium.remote.ErrorHandler.throwIfResponseFailed(ErrorHandler.java:168)
	at org.openqa.selenium.remote.RemoteWebDriver.execute(RemoteWebDriver.java:635)
	at org.openqa.selenium.remote.RemoteWebElement.execute(RemoteWebElement.java:274)
	at org.openqa.selenium.remote.RemoteWebElement.click(RemoteWebElement.java:84)
	at automationTestCases.Exchange_5_Doorstep_Protocol_Page_Abort_Doorstep_Procedure_Fail_Chrome.main(Exchange_5_Doorstep_Protocol_Page_Abort_Doorstep_Procedure_Fail_Chrome.java:132)
	at sun.reflect.NativeMethodAccessorImpl.invoke0(Native Method)
	at sun.reflect.NativeMethodAccessorImpl.invoke(Unknown Source)
	at sun.reflect.DelegatingMethodAccessorImpl.invoke(Unknown Source)
	at java.lang.reflect.Method.invoke(Unknown Source)
	at org.testng.internal.MethodInvocationHelper.invokeMethod(MethodInvocationHelper.java:108)
	at org.testng.internal.Invoker.invokeMethod(Invoker.java:669)
	at org.testng.internal.Invoker.invokeTestMethod(Invoker.java:877)
	at org.testng.internal.Invoker.invokeTestMethods(Invoker.java:1201)
	at org.testng.internal.TestMethodWorker.invokeTestMethods(TestMethodWorker.java:125)
	at org.testng.internal.TestMethodWorker.run(TestMethodWorker.java:109)
	at org.testng.TestRunner.privateRun(TestRunner.java:776)
	at org.testng.TestRunner.run(TestRunner.java:634)
	at org.testng.SuiteRunner.runTest(SuiteRunner.java:425)
	at org.testng.SuiteRunner.runSequentially(SuiteRunner.java:420)
	at org.testng.SuiteRunner.privateRun(SuiteRunner.java:385)
	at org.testng.SuiteRunner.run(SuiteRunner.java:334)
	at org.testng.SuiteRunnerWorker.runSuite(SuiteRunnerWorker.java:52)
	at org.testng.SuiteRunnerWorker.run(SuiteRunnerWorker.java:86)
	at org.testng.TestNG.runSuitesSequentially(TestNG.java:1318)
	at org.testng.TestNG.runSuitesLocally(TestNG.java:1243)
	at org.testng.TestNG.runSuites(TestNG.java:1161)
	at org.testng.TestNG.run(TestNG.java:1129)
	at org.testng.remote.AbstractRemoteTestNG.run(AbstractRemoteTestNG.java:114)
	at org.testng.remote.RemoteTestNG.initAndRun(RemoteTestNG.java:251)
	at org.testng.remote.RemoteTestNG.main(RemoteTestNG.java:77)
</div></td></tr></tbody></table><p class="totop"><a href="file:///C:/MobilityAutomation/test-output/emailable-report.html#summary">back to summary</a></p>
<h3 id="m29">automationTestCases.Exchange_5_Elec_Initial_Polarity_Check_At_Meter_Page_Abort_Chrome#main</h3><table class="result"><tbody><tr><th>Exception</th></tr><tr><td><div class="stacktrace">org.openqa.selenium.NoSuchSessionException: Session ID is null. Using WebDriver after calling quit()?
Build info: version: 'unknown', revision: '1969d75', time: '2016-10-18 09:45:56 -0700'
System info: host: 'MD1N0QGC', ip: '137.223.0.215', os.name: 'Windows 7', os.arch: 'amd64', os.version: '6.1', java.version: '1.8.0_131'
Driver info: driver.version: RemoteWebDriver
	at org.openqa.selenium.remote.HttpCommandExecutor.execute(HttpCommandExecutor.java:130)
	at org.openqa.selenium.remote.service.DriverCommandExecutor.execute(DriverCommandExecutor.java:82)
	at org.openqa.selenium.remote.RemoteWebDriver.execute(RemoteWebDriver.java:601)
	at org.openqa.selenium.remote.RemoteWebElement.execute(RemoteWebElement.java:274)
	at org.openqa.selenium.remote.RemoteWebElement.isDisplayed(RemoteWebElement.java:315)
	at webModule.Methods_Appointments_List.viewPage(Methods_Appointments_List.java:37)
	at automationTestCases.Exchange_5_Elec_Initial_Polarity_Check_At_Meter_Page_Abort_Chrome.main(Exchange_5_Elec_Initial_Polarity_Check_At_Meter_Page_Abort_Chrome.java:85)
	at sun.reflect.NativeMethodAccessorImpl.invoke0(Native Method)
	at sun.reflect.NativeMethodAccessorImpl.invoke(Unknown Source)
	at sun.reflect.DelegatingMethodAccessorImpl.invoke(Unknown Source)
	at java.lang.reflect.Method.invoke(Unknown Source)
	at org.testng.internal.MethodInvocationHelper.invokeMethod(MethodInvocationHelper.java:108)
	at org.testng.internal.Invoker.invokeMethod(Invoker.java:669)
	at org.testng.internal.Invoker.invokeTestMethod(Invoker.java:877)
	at org.testng.internal.Invoker.invokeTestMethods(Invoker.java:1201)
	at org.testng.internal.TestMethodWorker.invokeTestMethods(TestMethodWorker.java:125)
	at org.testng.internal.TestMethodWorker.run(TestMethodWorker.java:109)
	at org.testng.TestRunner.privateRun(TestRunner.java:776)
	at org.testng.TestRunner.run(TestRunner.java:634)
	at org.testng.SuiteRunner.runTest(SuiteRunner.java:425)
	at org.testng.SuiteRunner.runSequentially(SuiteRunner.java:420)
	at org.testng.SuiteRunner.privateRun(SuiteRunner.java:385)
	at org.testng.SuiteRunner.run(SuiteRunner.java:334)
	at org.testng.SuiteRunnerWorker.runSuite(SuiteRunnerWorker.java:52)
	at org.testng.SuiteRunnerWorker.run(SuiteRunnerWorker.java:86)
	at org.testng.TestNG.runSuitesSequentially(TestNG.java:1318)
	at org.testng.TestNG.runSuitesLocally(TestNG.java:1243)
	at org.testng.TestNG.runSuites(TestNG.java:1161)
	at org.testng.TestNG.run(TestNG.java:1129)
	at org.testng.remote.AbstractRemoteTestNG.run(AbstractRemoteTestNG.java:114)
	at org.testng.remote.RemoteTestNG.initAndRun(RemoteTestNG.java:251)
	at org.testng.remote.RemoteTestNG.main(RemoteTestNG.java:77)
</div></td></tr></tbody></table><p class="totop"><a href="file:///C:/MobilityAutomation/test-output/emailable-report.html#summary">back to summary</a></p>
<h3 id="m30">automationTestCases.Exchange_5_Elec_Initial_Risk_Assessment_Page_Abort_Chrome#main</h3><table class="result"><tbody><tr><th>Exception</th></tr><tr><td><div class="stacktrace">org.openqa.selenium.NoSuchSessionException: Session ID is null. Using WebDriver after calling quit()?
Build info: version: 'unknown', revision: '1969d75', time: '2016-10-18 09:45:56 -0700'
System info: host: 'MD1N0QGC', ip: '137.223.0.215', os.name: 'Windows 7', os.arch: 'amd64', os.version: '6.1', java.version: '1.8.0_131'
Driver info: driver.version: RemoteWebDriver
	at org.openqa.selenium.remote.HttpCommandExecutor.execute(HttpCommandExecutor.java:130)
	at org.openqa.selenium.remote.service.DriverCommandExecutor.execute(DriverCommandExecutor.java:82)
	at org.openqa.selenium.remote.RemoteWebDriver.execute(RemoteWebDriver.java:601)
	at org.openqa.selenium.remote.RemoteWebElement.execute(RemoteWebElement.java:274)
	at org.openqa.selenium.remote.RemoteWebElement.isDisplayed(RemoteWebElement.java:315)
	at webModule.Methods_Appointments_List.viewPage(Methods_Appointments_List.java:37)
	at automationTestCases.Exchange_5_Elec_Initial_Risk_Assessment_Page_Abort_Chrome.main(Exchange_5_Elec_Initial_Risk_Assessment_Page_Abort_Chrome.java:80)
	at sun.reflect.NativeMethodAccessorImpl.invoke0(Native Method)
	at sun.reflect.NativeMethodAccessorImpl.invoke(Unknown Source)
	at sun.reflect.DelegatingMethodAccessorImpl.invoke(Unknown Source)
	at java.lang.reflect.Method.invoke(Unknown Source)
	at org.testng.internal.MethodInvocationHelper.invokeMethod(MethodInvocationHelper.java:108)
	at org.testng.internal.Invoker.invokeMethod(Invoker.java:669)
	at org.testng.internal.Invoker.invokeTestMethod(Invoker.java:877)
	at org.testng.internal.Invoker.invokeTestMethods(Invoker.java:1201)
	at org.testng.internal.TestMethodWorker.invokeTestMethods(TestMethodWorker.java:125)
	at org.testng.internal.TestMethodWorker.run(TestMethodWorker.java:109)
	at org.testng.TestRunner.privateRun(TestRunner.java:776)
	at org.testng.TestRunner.run(TestRunner.java:634)
	at org.testng.SuiteRunner.runTest(SuiteRunner.java:425)
	at org.testng.SuiteRunner.runSequentially(SuiteRunner.java:420)
	at org.testng.SuiteRunner.privateRun(SuiteRunner.java:385)
	at org.testng.SuiteRunner.run(SuiteRunner.java:334)
	at org.testng.SuiteRunnerWorker.runSuite(SuiteRunnerWorker.java:52)
	at org.testng.SuiteRunnerWorker.run(SuiteRunnerWorker.java:86)
	at org.testng.TestNG.runSuitesSequentially(TestNG.java:1318)
	at org.testng.TestNG.runSuitesLocally(TestNG.java:1243)
	at org.testng.TestNG.runSuites(TestNG.java:1161)
	at org.testng.TestNG.run(TestNG.java:1129)
	at org.testng.remote.AbstractRemoteTestNG.run(AbstractRemoteTestNG.java:114)
	at org.testng.remote.RemoteTestNG.initAndRun(RemoteTestNG.java:251)
	at org.testng.remote.RemoteTestNG.main(RemoteTestNG.java:77)
</div></td></tr></tbody></table><p class="totop"><a href="file:///C:/MobilityAutomation/test-output/emailable-report.html#summary">back to summary</a></p>
<h3 id="m31">automationTestCases.Exchange_5_End_To_End_Chrome#main</h3><table class="result"><tbody><tr><th>Exception</th></tr><tr><td><div class="stacktrace">java.lang.NullPointerException
	at automationTestCases.Exchange_5_End_To_End_Chrome.main(Exchange_5_End_To_End_Chrome.java:170)
	at sun.reflect.NativeMethodAccessorImpl.invoke0(Native Method)
	at sun.reflect.NativeMethodAccessorImpl.invoke(Unknown Source)
	at sun.reflect.DelegatingMethodAccessorImpl.invoke(Unknown Source)
	at java.lang.reflect.Method.invoke(Unknown Source)
	at org.testng.internal.MethodInvocationHelper.invokeMethod(MethodInvocationHelper.java:108)
	at org.testng.internal.Invoker.invokeMethod(Invoker.java:669)
	at org.testng.internal.Invoker.invokeTestMethod(Invoker.java:877)
	at org.testng.internal.Invoker.invokeTestMethods(Invoker.java:1201)
	at org.testng.internal.TestMethodWorker.invokeTestMethods(TestMethodWorker.java:125)
	at org.testng.internal.TestMethodWorker.run(TestMethodWorker.java:109)
	at org.testng.TestRunner.privateRun(TestRunner.java:776)
	at org.testng.TestRunner.run(TestRunner.java:634)
	at org.testng.SuiteRunner.runTest(SuiteRunner.java:425)
	at org.testng.SuiteRunner.runSequentially(SuiteRunner.java:420)
	at org.testng.SuiteRunner.privateRun(SuiteRunner.java:385)
	at org.testng.SuiteRunner.run(SuiteRunner.java:334)
	at org.testng.SuiteRunnerWorker.runSuite(SuiteRunnerWorker.java:52)
	at org.testng.SuiteRunnerWorker.run(SuiteRunnerWorker.java:86)
	at org.testng.TestNG.runSuitesSequentially(TestNG.java:1318)
	at org.testng.TestNG.runSuitesLocally(TestNG.java:1243)
	at org.testng.TestNG.runSuites(TestNG.java:1161)
	at org.testng.TestNG.run(TestNG.java:1129)
	at org.testng.remote.AbstractRemoteTestNG.run(AbstractRemoteTestNG.java:114)
	at org.testng.remote.RemoteTestNG.initAndRun(RemoteTestNG.java:251)
	at org.testng.remote.RemoteTestNG.main(RemoteTestNG.java:77)
</div></td></tr></tbody></table><p class="totop"><a href="file:///C:/MobilityAutomation/test-output/emailable-report.html#summary">back to summary</a></p>
<h3 id="m32">automationTestCases.Exchange_9_Appointment_Details_Page_Abort_No_Access_Chrome#main</h3><table class="result"><tbody><tr><th>Exception</th></tr><tr><td><div class="stacktrace">org.openqa.selenium.NoSuchSessionException: Session ID is null. Using WebDriver after calling quit()?
Build info: version: 'unknown', revision: '1969d75', time: '2016-10-18 09:45:56 -0700'
System info: host: 'MD1N0QGC', ip: '137.223.0.215', os.name: 'Windows 7', os.arch: 'amd64', os.version: '6.1', java.version: '1.8.0_131'
Driver info: driver.version: RemoteWebDriver
	at org.openqa.selenium.remote.HttpCommandExecutor.execute(HttpCommandExecutor.java:130)
	at org.openqa.selenium.remote.service.DriverCommandExecutor.execute(DriverCommandExecutor.java:82)
	at org.openqa.selenium.remote.RemoteWebDriver.execute(RemoteWebDriver.java:601)
	at org.openqa.selenium.remote.RemoteWebElement.execute(RemoteWebElement.java:274)
	at org.openqa.selenium.remote.RemoteWebElement.isDisplayed(RemoteWebElement.java:315)
	at automationTestCases.Exchange_9_Appointment_Details_Page_Abort_No_Access_Chrome.main(Exchange_9_Appointment_Details_Page_Abort_No_Access_Chrome.java:121)
	at sun.reflect.NativeMethodAccessorImpl.invoke0(Native Method)
	at sun.reflect.NativeMethodAccessorImpl.invoke(Unknown Source)
	at sun.reflect.DelegatingMethodAccessorImpl.invoke(Unknown Source)
	at java.lang.reflect.Method.invoke(Unknown Source)
	at org.testng.internal.MethodInvocationHelper.invokeMethod(MethodInvocationHelper.java:108)
	at org.testng.internal.Invoker.invokeMethod(Invoker.java:669)
	at org.testng.internal.Invoker.invokeTestMethod(Invoker.java:877)
	at org.testng.internal.Invoker.invokeTestMethods(Invoker.java:1201)
	at org.testng.internal.TestMethodWorker.invokeTestMethods(TestMethodWorker.java:125)
	at org.testng.internal.TestMethodWorker.run(TestMethodWorker.java:109)
	at org.testng.TestRunner.privateRun(TestRunner.java:776)
	at org.testng.TestRunner.run(TestRunner.java:634)
	at org.testng.SuiteRunner.runTest(SuiteRunner.java:425)
	at org.testng.SuiteRunner.runSequentially(SuiteRunner.java:420)
	at org.testng.SuiteRunner.privateRun(SuiteRunner.java:385)
	at org.testng.SuiteRunner.run(SuiteRunner.java:334)
	at org.testng.SuiteRunnerWorker.runSuite(SuiteRunnerWorker.java:52)
	at org.testng.SuiteRunnerWorker.run(SuiteRunnerWorker.java:86)
	at org.testng.TestNG.runSuitesSequentially(TestNG.java:1318)
	at org.testng.TestNG.runSuitesLocally(TestNG.java:1243)
	at org.testng.TestNG.runSuites(TestNG.java:1161)
	at org.testng.TestNG.run(TestNG.java:1129)
	at org.testng.remote.AbstractRemoteTestNG.run(AbstractRemoteTestNG.java:114)
	at org.testng.remote.RemoteTestNG.initAndRun(RemoteTestNG.java:251)
	at org.testng.remote.RemoteTestNG.main(RemoteTestNG.java:77)
</div></td></tr></tbody></table><p class="totop"><a href="file:///C:/MobilityAutomation/test-output/emailable-report.html#summary">back to summary</a></p>
<h3 id="m33">automationTestCases.Exchange_9_Elec_HAN_WAN_Checks_Page_Abort_Chrome#main</h3><table class="result"><tbody><tr><th>Exception</th></tr><tr><td><div class="stacktrace">org.openqa.selenium.NoSuchSessionException: Session ID is null. Using WebDriver after calling quit()?
Build info: version: 'unknown', revision: '1969d75', time: '2016-10-18 09:45:56 -0700'
System info: host: 'MD1N0QGC', ip: '137.223.0.215', os.name: 'Windows 7', os.arch: 'amd64', os.version: '6.1', java.version: '1.8.0_131'
Driver info: driver.version: RemoteWebDriver
	at org.openqa.selenium.remote.HttpCommandExecutor.execute(HttpCommandExecutor.java:130)
	at org.openqa.selenium.remote.service.DriverCommandExecutor.execute(DriverCommandExecutor.java:82)
	at org.openqa.selenium.remote.RemoteWebDriver.execute(RemoteWebDriver.java:601)
	at org.openqa.selenium.remote.RemoteWebElement.execute(RemoteWebElement.java:274)
	at org.openqa.selenium.remote.RemoteWebElement.isDisplayed(RemoteWebElement.java:315)
	at automationTestCases.Exchange_9_Elec_HAN_WAN_Checks_Page_Abort_Chrome.main(Exchange_9_Elec_HAN_WAN_Checks_Page_Abort_Chrome.java:162)
	at sun.reflect.NativeMethodAccessorImpl.invoke0(Native Method)
	at sun.reflect.NativeMethodAccessorImpl.invoke(Unknown Source)
	at sun.reflect.DelegatingMethodAccessorImpl.invoke(Unknown Source)
	at java.lang.reflect.Method.invoke(Unknown Source)
	at org.testng.internal.MethodInvocationHelper.invokeMethod(MethodInvocationHelper.java:108)
	at org.testng.internal.Invoker.invokeMethod(Invoker.java:669)
	at org.testng.internal.Invoker.invokeTestMethod(Invoker.java:877)
	at org.testng.internal.Invoker.invokeTestMethods(Invoker.java:1201)
	at org.testng.internal.TestMethodWorker.invokeTestMethods(TestMethodWorker.java:125)
	at org.testng.internal.TestMethodWorker.run(TestMethodWorker.java:109)
	at org.testng.TestRunner.privateRun(TestRunner.java:776)
	at org.testng.TestRunner.run(TestRunner.java:634)
	at org.testng.SuiteRunner.runTest(SuiteRunner.java:425)
	at org.testng.SuiteRunner.runSequentially(SuiteRunner.java:420)
	at org.testng.SuiteRunner.privateRun(SuiteRunner.java:385)
	at org.testng.SuiteRunner.run(SuiteRunner.java:334)
	at org.testng.SuiteRunnerWorker.runSuite(SuiteRunnerWorker.java:52)
	at org.testng.SuiteRunnerWorker.run(SuiteRunnerWorker.java:86)
	at org.testng.TestNG.runSuitesSequentially(TestNG.java:1318)
	at org.testng.TestNG.runSuitesLocally(TestNG.java:1243)
	at org.testng.TestNG.runSuites(TestNG.java:1161)
	at org.testng.TestNG.run(TestNG.java:1129)
	at org.testng.remote.AbstractRemoteTestNG.run(AbstractRemoteTestNG.java:114)
	at org.testng.remote.RemoteTestNG.initAndRun(RemoteTestNG.java:251)
	at org.testng.remote.RemoteTestNG.main(RemoteTestNG.java:77)
</div></td></tr></tbody></table><p class="totop"><a href="file:///C:/MobilityAutomation/test-output/emailable-report.html#summary">back to summary</a></p>
<h3 id="m34">automationTestCases.Exchange_9_Elec_Initial_Polarity_Check_At_Meter_Page_Abort_Chrome#main</h3><table class="result"><tbody><tr><th>Exception</th></tr><tr><td><div class="stacktrace">org.openqa.selenium.NoSuchSessionException: Session ID is null. Using WebDriver after calling quit()?
Build info: version: 'unknown', revision: '1969d75', time: '2016-10-18 09:45:56 -0700'
System info: host: 'MD1N0QGC', ip: '137.223.0.215', os.name: 'Windows 7', os.arch: 'amd64', os.version: '6.1', java.version: '1.8.0_131'
Driver info: driver.version: RemoteWebDriver
	at org.openqa.selenium.remote.HttpCommandExecutor.execute(HttpCommandExecutor.java:130)
	at org.openqa.selenium.remote.service.DriverCommandExecutor.execute(DriverCommandExecutor.java:82)
	at org.openqa.selenium.remote.RemoteWebDriver.execute(RemoteWebDriver.java:601)
	at org.openqa.selenium.remote.RemoteWebElement.execute(RemoteWebElement.java:274)
	at org.openqa.selenium.remote.RemoteWebElement.isDisplayed(RemoteWebElement.java:315)
	at automationTestCases.Exchange_9_Elec_Initial_Polarity_Check_At_Meter_Page_Abort_Chrome.main(Exchange_9_Elec_Initial_Polarity_Check_At_Meter_Page_Abort_Chrome.java:161)
	at sun.reflect.NativeMethodAccessorImpl.invoke0(Native Method)
	at sun.reflect.NativeMethodAccessorImpl.invoke(Unknown Source)
	at sun.reflect.DelegatingMethodAccessorImpl.invoke(Unknown Source)
	at java.lang.reflect.Method.invoke(Unknown Source)
	at org.testng.internal.MethodInvocationHelper.invokeMethod(MethodInvocationHelper.java:108)
	at org.testng.internal.Invoker.invokeMethod(Invoker.java:669)
	at org.testng.internal.Invoker.invokeTestMethod(Invoker.java:877)
	at org.testng.internal.Invoker.invokeTestMethods(Invoker.java:1201)
	at org.testng.internal.TestMethodWorker.invokeTestMethods(TestMethodWorker.java:125)
	at org.testng.internal.TestMethodWorker.run(TestMethodWorker.java:109)
	at org.testng.TestRunner.privateRun(TestRunner.java:776)
	at org.testng.TestRunner.run(TestRunner.java:634)
	at org.testng.SuiteRunner.runTest(SuiteRunner.java:425)
	at org.testng.SuiteRunner.runSequentially(SuiteRunner.java:420)
	at org.testng.SuiteRunner.privateRun(SuiteRunner.java:385)
	at org.testng.SuiteRunner.run(SuiteRunner.java:334)
	at org.testng.SuiteRunnerWorker.runSuite(SuiteRunnerWorker.java:52)
	at org.testng.SuiteRunnerWorker.run(SuiteRunnerWorker.java:86)
	at org.testng.TestNG.runSuitesSequentially(TestNG.java:1318)
	at org.testng.TestNG.runSuitesLocally(TestNG.java:1243)
	at org.testng.TestNG.runSuites(TestNG.java:1161)
	at org.testng.TestNG.run(TestNG.java:1129)
	at org.testng.remote.AbstractRemoteTestNG.run(AbstractRemoteTestNG.java:114)
	at org.testng.remote.RemoteTestNG.initAndRun(RemoteTestNG.java:251)
	at org.testng.remote.RemoteTestNG.main(RemoteTestNG.java:77)
</div></td></tr></tbody></table><p class="totop"><a href="file:///C:/MobilityAutomation/test-output/emailable-report.html#summary">back to summary</a></p>
<h3 id="m35">automationTestCases.Exchange_9_Elec_Suitable_For_Smart_Installation_Page_Abort_Chrome#main</h3><table class="result"><tbody><tr><th>Exception</th></tr><tr><td><div class="stacktrace">org.openqa.selenium.StaleElementReferenceException: stale element reference: element is not attached to the page document
  (Session info: chrome=60.0.3112.113)
  (Driver info: chromedriver=2.30.477700 (0057494ad8732195794a7b32078424f92a5fce41),platform=Windows NT 6.1.7601 SP1 x86_64) (WARNING: The server did not provide any stacktrace information)
Command duration or timeout: 491 milliseconds
For documentation on this error, please visit: http://seleniumhq.org/exceptions/stale_element_reference.html
Build info: version: 'unknown', revision: '1969d75', time: '2016-10-18 09:45:56 -0700'
System info: host: 'MD1N0QGC', ip: '137.223.0.215', os.name: 'Windows 7', os.arch: 'amd64', os.version: '6.1', java.version: '1.8.0_131'
Driver info: org.openqa.selenium.chrome.ChromeDriver
Capabilities [{applicationCacheEnabled=false, rotatable=false, mobileEmulationEnabled=false, networkConnectionEnabled=false, chrome={chromedriverVersion=2.30.477700 (0057494ad8732195794a7b32078424f92a5fce41), userDataDir=C:\Users\Z003TD~1.AD0\AppData\Local\Temp\scoped_dir7472_23982}, takesHeapSnapshot=true, pageLoadStrategy=normal, databaseEnabled=false, handlesAlerts=true, hasTouchScreen=false, version=60.0.3112.113, platform=XP, browserConnectionEnabled=false, nativeEvents=true, acceptSslCerts=true, locationContextEnabled=true, webStorageEnabled=true, browserName=chrome, takesScreenshot=true, javascriptEnabled=true, cssSelectorsEnabled=true, unexpectedAlertBehaviour=}]
Session ID: e47fe4086cf1b2d50201b134e5bc372a
	at sun.reflect.NativeConstructorAccessorImpl.newInstance0(Native Method)
	at sun.reflect.NativeConstructorAccessorImpl.newInstance(Unknown Source)
	at sun.reflect.DelegatingConstructorAccessorImpl.newInstance(Unknown Source)
	at java.lang.reflect.Constructor.newInstance(Unknown Source)
	at org.openqa.selenium.remote.ErrorHandler.createThrowable(ErrorHandler.java:216)
	at org.openqa.selenium.remote.ErrorHandler.throwIfResponseFailed(ErrorHandler.java:168)
	at org.openqa.selenium.remote.RemoteWebDriver.execute(RemoteWebDriver.java:635)
	at org.openqa.selenium.remote.RemoteWebElement.execute(RemoteWebElement.java:274)
	at org.openqa.selenium.remote.RemoteWebElement.isDisplayed(RemoteWebElement.java:315)
	at automationTestCases.Exchange_9_Elec_Suitable_For_Smart_Installation_Page_Abort_Chrome.main(Exchange_9_Elec_Suitable_For_Smart_Installation_Page_Abort_Chrome.java:117)
	at sun.reflect.NativeMethodAccessorImpl.invoke0(Native Method)
	at sun.reflect.NativeMethodAccessorImpl.invoke(Unknown Source)
	at sun.reflect.DelegatingMethodAccessorImpl.invoke(Unknown Source)
	at java.lang.reflect.Method.invoke(Unknown Source)
	at org.testng.internal.MethodInvocationHelper.invokeMethod(MethodInvocationHelper.java:108)
	at org.testng.internal.Invoker.invokeMethod(Invoker.java:669)
	at org.testng.internal.Invoker.invokeTestMethod(Invoker.java:877)
	at org.testng.internal.Invoker.invokeTestMethods(Invoker.java:1201)
	at org.testng.internal.TestMethodWorker.invokeTestMethods(TestMethodWorker.java:125)
	at org.testng.internal.TestMethodWorker.run(TestMethodWorker.java:109)
	at org.testng.TestRunner.privateRun(TestRunner.java:776)
	at org.testng.TestRunner.run(TestRunner.java:634)
	at org.testng.SuiteRunner.runTest(SuiteRunner.java:425)
	at org.testng.SuiteRunner.runSequentially(SuiteRunner.java:420)
	at org.testng.SuiteRunner.privateRun(SuiteRunner.java:385)
	at org.testng.SuiteRunner.run(SuiteRunner.java:334)
	at org.testng.SuiteRunnerWorker.runSuite(SuiteRunnerWorker.java:52)
	at org.testng.SuiteRunnerWorker.run(SuiteRunnerWorker.java:86)
	at org.testng.TestNG.runSuitesSequentially(TestNG.java:1318)
	at org.testng.TestNG.runSuitesLocally(TestNG.java:1243)
	at org.testng.TestNG.runSuites(TestNG.java:1161)
	at org.testng.TestNG.run(TestNG.java:1129)
	at org.testng.remote.AbstractRemoteTestNG.run(AbstractRemoteTestNG.java:114)
	at org.testng.remote.RemoteTestNG.initAndRun(RemoteTestNG.java:251)
	at org.testng.remote.RemoteTestNG.main(RemoteTestNG.java:77)
</div></td></tr></tbody></table><p class="totop"><a href="file:///C:/MobilityAutomation/test-output/emailable-report.html#summary">back to summary</a></p>
<h3 id="m36">automationTestCases.Exchange_9_End_To_End_Chrome#main</h3><table class="result"><tbody><tr><th>Exception</th></tr><tr><td><div class="stacktrace">java.lang.NullPointerException
	at automationTestCases.Exchange_9_End_To_End_Chrome.main(Exchange_9_End_To_End_Chrome.java:188)
	at sun.reflect.NativeMethodAccessorImpl.invoke0(Native Method)
	at sun.reflect.NativeMethodAccessorImpl.invoke(Unknown Source)
	at sun.reflect.DelegatingMethodAccessorImpl.invoke(Unknown Source)
	at java.lang.reflect.Method.invoke(Unknown Source)
	at org.testng.internal.MethodInvocationHelper.invokeMethod(MethodInvocationHelper.java:108)
	at org.testng.internal.Invoker.invokeMethod(Invoker.java:669)
	at org.testng.internal.Invoker.invokeTestMethod(Invoker.java:877)
	at org.testng.internal.Invoker.invokeTestMethods(Invoker.java:1201)
	at org.testng.internal.TestMethodWorker.invokeTestMethods(TestMethodWorker.java:125)
	at org.testng.internal.TestMethodWorker.run(TestMethodWorker.java:109)
	at org.testng.TestRunner.privateRun(TestRunner.java:776)
	at org.testng.TestRunner.run(TestRunner.java:634)
	at org.testng.SuiteRunner.runTest(SuiteRunner.java:425)
	at org.testng.SuiteRunner.runSequentially(SuiteRunner.java:420)
	at org.testng.SuiteRunner.privateRun(SuiteRunner.java:385)
	at org.testng.SuiteRunner.run(SuiteRunner.java:334)
	at org.testng.SuiteRunnerWorker.runSuite(SuiteRunnerWorker.java:52)
	at org.testng.SuiteRunnerWorker.run(SuiteRunnerWorker.java:86)
	at org.testng.TestNG.runSuitesSequentially(TestNG.java:1318)
	at org.testng.TestNG.runSuitesLocally(TestNG.java:1243)
	at org.testng.TestNG.runSuites(TestNG.java:1161)
	at org.testng.TestNG.run(TestNG.java:1129)
	at org.testng.remote.AbstractRemoteTestNG.run(AbstractRemoteTestNG.java:114)
	at org.testng.remote.RemoteTestNG.initAndRun(RemoteTestNG.java:251)
	at org.testng.remote.RemoteTestNG.main(RemoteTestNG.java:77)
</div></td></tr></tbody></table><p class="totop"><a href="file:///C:/MobilityAutomation/test-output/emailable-report.html#summary">back to summary</a></p>
<h3 id="m37">automationTestCases.Exchange_9_Gas_Meter_Post_Installation_Gas_Tightness_Test_Abort_Chrome#main</h3><table class="result"><tbody><tr><th>Exception</th></tr><tr><td><div class="stacktrace">org.openqa.selenium.NoSuchSessionException: Session ID is null. Using WebDriver after calling quit()?
Build info: version: 'unknown', revision: '1969d75', time: '2016-10-18 09:45:56 -0700'
System info: host: 'MD1N0QGC', ip: '137.223.0.215', os.name: 'Windows 7', os.arch: 'amd64', os.version: '6.1', java.version: '1.8.0_131'
Driver info: driver.version: RemoteWebDriver
	at org.openqa.selenium.remote.HttpCommandExecutor.execute(HttpCommandExecutor.java:130)
	at org.openqa.selenium.remote.service.DriverCommandExecutor.execute(DriverCommandExecutor.java:82)
	at org.openqa.selenium.remote.RemoteWebDriver.execute(RemoteWebDriver.java:601)
	at org.openqa.selenium.remote.RemoteWebElement.execute(RemoteWebElement.java:274)
	at org.openqa.selenium.remote.RemoteWebElement.isDisplayed(RemoteWebElement.java:315)
	at automationTestCases.Exchange_9_Gas_Meter_Post_Installation_Gas_Tightness_Test_Abort_Chrome.main(Exchange_9_Gas_Meter_Post_Installation_Gas_Tightness_Test_Abort_Chrome.java:181)
	at sun.reflect.NativeMethodAccessorImpl.invoke0(Native Method)
	at sun.reflect.NativeMethodAccessorImpl.invoke(Unknown Source)
	at sun.reflect.DelegatingMethodAccessorImpl.invoke(Unknown Source)
	at java.lang.reflect.Method.invoke(Unknown Source)
	at org.testng.internal.MethodInvocationHelper.invokeMethod(MethodInvocationHelper.java:108)
	at org.testng.internal.Invoker.invokeMethod(Invoker.java:669)
	at org.testng.internal.Invoker.invokeTestMethod(Invoker.java:877)
	at org.testng.internal.Invoker.invokeTestMethods(Invoker.java:1201)
	at org.testng.internal.TestMethodWorker.invokeTestMethods(TestMethodWorker.java:125)
	at org.testng.internal.TestMethodWorker.run(TestMethodWorker.java:109)
	at org.testng.TestRunner.privateRun(TestRunner.java:776)
	at org.testng.TestRunner.run(TestRunner.java:634)
	at org.testng.SuiteRunner.runTest(SuiteRunner.java:425)
	at org.testng.SuiteRunner.runSequentially(SuiteRunner.java:420)
	at org.testng.SuiteRunner.privateRun(SuiteRunner.java:385)
	at org.testng.SuiteRunner.run(SuiteRunner.java:334)
	at org.testng.SuiteRunnerWorker.runSuite(SuiteRunnerWorker.java:52)
	at org.testng.SuiteRunnerWorker.run(SuiteRunnerWorker.java:86)
	at org.testng.TestNG.runSuitesSequentially(TestNG.java:1318)
	at org.testng.TestNG.runSuitesLocally(TestNG.java:1243)
	at org.testng.TestNG.runSuites(TestNG.java:1161)
	at org.testng.TestNG.run(TestNG.java:1129)
	at org.testng.remote.AbstractRemoteTestNG.run(AbstractRemoteTestNG.java:114)
	at org.testng.remote.RemoteTestNG.initAndRun(RemoteTestNG.java:251)
	at org.testng.remote.RemoteTestNG.main(RemoteTestNG.java:77)
</div></td></tr></tbody></table><p class="totop"><a href="file:///C:/MobilityAutomation/test-output/emailable-report.html#summary">back to summary</a></p>
<h3 id="m38">automationTestCases.Exchange_9_Gas_Meter_Pre_Installation_Gas_Tightness_Test_Failed_Test_Abort_Chrome#main</h3><table class="result"><tbody><tr><th>Exception</th></tr><tr><td><div class="stacktrace">org.openqa.selenium.NoSuchSessionException: Session ID is null. Using WebDriver after calling quit()?
Build info: version: 'unknown', revision: '1969d75', time: '2016-10-18 09:45:56 -0700'
System info: host: 'MD1N0QGC', ip: '137.223.0.215', os.name: 'Windows 7', os.arch: 'amd64', os.version: '6.1', java.version: '1.8.0_131'
Driver info: driver.version: RemoteWebDriver
	at org.openqa.selenium.remote.HttpCommandExecutor.execute(HttpCommandExecutor.java:130)
	at org.openqa.selenium.remote.service.DriverCommandExecutor.execute(DriverCommandExecutor.java:82)
	at org.openqa.selenium.remote.RemoteWebDriver.execute(RemoteWebDriver.java:601)
	at org.openqa.selenium.remote.RemoteWebElement.execute(RemoteWebElement.java:274)
	at org.openqa.selenium.remote.RemoteWebElement.isDisplayed(RemoteWebElement.java:315)
	at automationTestCases.Exchange_9_Gas_Meter_Pre_Installation_Gas_Tightness_Test_Failed_Test_Abort_Chrome.main(Exchange_9_Gas_Meter_Pre_Installation_Gas_Tightness_Test_Failed_Test_Abort_Chrome.java:174)
	at sun.reflect.NativeMethodAccessorImpl.invoke0(Native Method)
	at sun.reflect.NativeMethodAccessorImpl.invoke(Unknown Source)
	at sun.reflect.DelegatingMethodAccessorImpl.invoke(Unknown Source)
	at java.lang.reflect.Method.invoke(Unknown Source)
	at org.testng.internal.MethodInvocationHelper.invokeMethod(MethodInvocationHelper.java:108)
	at org.testng.internal.Invoker.invokeMethod(Invoker.java:669)
	at org.testng.internal.Invoker.invokeTestMethod(Invoker.java:877)
	at org.testng.internal.Invoker.invokeTestMethods(Invoker.java:1201)
	at org.testng.internal.TestMethodWorker.invokeTestMethods(TestMethodWorker.java:125)
	at org.testng.internal.TestMethodWorker.run(TestMethodWorker.java:109)
	at org.testng.TestRunner.privateRun(TestRunner.java:776)
	at org.testng.TestRunner.run(TestRunner.java:634)
	at org.testng.SuiteRunner.runTest(SuiteRunner.java:425)
	at org.testng.SuiteRunner.runSequentially(SuiteRunner.java:420)
	at org.testng.SuiteRunner.privateRun(SuiteRunner.java:385)
	at org.testng.SuiteRunner.run(SuiteRunner.java:334)
	at org.testng.SuiteRunnerWorker.runSuite(SuiteRunnerWorker.java:52)
	at org.testng.SuiteRunnerWorker.run(SuiteRunnerWorker.java:86)
	at org.testng.TestNG.runSuitesSequentially(TestNG.java:1318)
	at org.testng.TestNG.runSuitesLocally(TestNG.java:1243)
	at org.testng.TestNG.runSuites(TestNG.java:1161)
	at org.testng.TestNG.run(TestNG.java:1129)
	at org.testng.remote.AbstractRemoteTestNG.run(AbstractRemoteTestNG.java:114)
	at org.testng.remote.RemoteTestNG.initAndRun(RemoteTestNG.java:251)
	at org.testng.remote.RemoteTestNG.main(RemoteTestNG.java:77)
</div></td></tr></tbody></table><p class="totop"><a href="file:///C:/MobilityAutomation/test-output/emailable-report.html#summary">back to summary</a></p>
<h3 id="m39">automationTestCases.Exchange_9_Gas_Meter_Pre_Installation_Gas_Tightness_Test_Low_Pressure_Abort_Chrome#main</h3><table class="result"><tbody><tr><th>Exception</th></tr><tr><td><div class="stacktrace">org.openqa.selenium.NoSuchSessionException: Session ID is null. Using WebDriver after calling quit()?
Build info: version: 'unknown', revision: '1969d75', time: '2016-10-18 09:45:56 -0700'
System info: host: 'MD1N0QGC', ip: '137.223.0.215', os.name: 'Windows 7', os.arch: 'amd64', os.version: '6.1', java.version: '1.8.0_131'
Driver info: driver.version: RemoteWebDriver
	at org.openqa.selenium.remote.HttpCommandExecutor.execute(HttpCommandExecutor.java:130)
	at org.openqa.selenium.remote.service.DriverCommandExecutor.execute(DriverCommandExecutor.java:82)
	at org.openqa.selenium.remote.RemoteWebDriver.execute(RemoteWebDriver.java:601)
	at org.openqa.selenium.remote.RemoteWebElement.execute(RemoteWebElement.java:274)
	at org.openqa.selenium.remote.RemoteWebElement.isDisplayed(RemoteWebElement.java:315)
	at automationTestCases.Exchange_9_Gas_Meter_Pre_Installation_Gas_Tightness_Test_Low_Pressure_Abort_Chrome.main(Exchange_9_Gas_Meter_Pre_Installation_Gas_Tightness_Test_Low_Pressure_Abort_Chrome.java:175)
	at sun.reflect.NativeMethodAccessorImpl.invoke0(Native Method)
	at sun.reflect.NativeMethodAccessorImpl.invoke(Unknown Source)
	at sun.reflect.DelegatingMethodAccessorImpl.invoke(Unknown Source)
	at java.lang.reflect.Method.invoke(Unknown Source)
	at org.testng.internal.MethodInvocationHelper.invokeMethod(MethodInvocationHelper.java:108)
	at org.testng.internal.Invoker.invokeMethod(Invoker.java:669)
	at org.testng.internal.Invoker.invokeTestMethod(Invoker.java:877)
	at org.testng.internal.Invoker.invokeTestMethods(Invoker.java:1201)
	at org.testng.internal.TestMethodWorker.invokeTestMethods(TestMethodWorker.java:125)
	at org.testng.internal.TestMethodWorker.run(TestMethodWorker.java:109)
	at org.testng.TestRunner.privateRun(TestRunner.java:776)
	at org.testng.TestRunner.run(TestRunner.java:634)
	at org.testng.SuiteRunner.runTest(SuiteRunner.java:425)
	at org.testng.SuiteRunner.runSequentially(SuiteRunner.java:420)
	at org.testng.SuiteRunner.privateRun(SuiteRunner.java:385)
	at org.testng.SuiteRunner.run(SuiteRunner.java:334)
	at org.testng.SuiteRunnerWorker.runSuite(SuiteRunnerWorker.java:52)
	at org.testng.SuiteRunnerWorker.run(SuiteRunnerWorker.java:86)
	at org.testng.TestNG.runSuitesSequentially(TestNG.java:1318)
	at org.testng.TestNG.runSuitesLocally(TestNG.java:1243)
	at org.testng.TestNG.runSuites(TestNG.java:1161)
	at org.testng.TestNG.run(TestNG.java:1129)
	at org.testng.remote.AbstractRemoteTestNG.run(AbstractRemoteTestNG.java:114)
	at org.testng.remote.RemoteTestNG.initAndRun(RemoteTestNG.java:251)
	at org.testng.remote.RemoteTestNG.main(RemoteTestNG.java:77)
</div></td></tr></tbody></table><p class="totop"><a href="file:///C:/MobilityAutomation/test-output/emailable-report.html#summary">back to summary</a></p>
<h3 id="m40">automationTestCases.Exchange_9_Gas_Risk_Assessment_Gas_Abort_Low_Pressure_Chrome#main</h3><table class="result"><tbody><tr><th>Exception</th></tr><tr><td><div class="stacktrace">org.openqa.selenium.NoSuchSessionException: Session ID is null. Using WebDriver after calling quit()?
Build info: version: 'unknown', revision: '1969d75', time: '2016-10-18 09:45:56 -0700'
System info: host: 'MD1N0QGC', ip: '137.223.0.215', os.name: 'Windows 7', os.arch: 'amd64', os.version: '6.1', java.version: '1.8.0_131'
Driver info: driver.version: RemoteWebDriver
	at org.openqa.selenium.remote.HttpCommandExecutor.execute(HttpCommandExecutor.java:130)
	at org.openqa.selenium.remote.service.DriverCommandExecutor.execute(DriverCommandExecutor.java:82)
	at org.openqa.selenium.remote.RemoteWebDriver.execute(RemoteWebDriver.java:601)
	at org.openqa.selenium.remote.RemoteWebElement.execute(RemoteWebElement.java:274)
	at org.openqa.selenium.remote.RemoteWebElement.isDisplayed(RemoteWebElement.java:315)
	at automationTestCases.Exchange_9_Gas_Risk_Assessment_Gas_Abort_Low_Pressure_Chrome.main(Exchange_9_Gas_Risk_Assessment_Gas_Abort_Low_Pressure_Chrome.java:172)
	at sun.reflect.NativeMethodAccessorImpl.invoke0(Native Method)
	at sun.reflect.NativeMethodAccessorImpl.invoke(Unknown Source)
	at sun.reflect.DelegatingMethodAccessorImpl.invoke(Unknown Source)
	at java.lang.reflect.Method.invoke(Unknown Source)
	at org.testng.internal.MethodInvocationHelper.invokeMethod(MethodInvocationHelper.java:108)
	at org.testng.internal.Invoker.invokeMethod(Invoker.java:669)
	at org.testng.internal.Invoker.invokeTestMethod(Invoker.java:877)
	at org.testng.internal.Invoker.invokeTestMethods(Invoker.java:1201)
	at org.testng.internal.TestMethodWorker.invokeTestMethods(TestMethodWorker.java:125)
	at org.testng.internal.TestMethodWorker.run(TestMethodWorker.java:109)
	at org.testng.TestRunner.privateRun(TestRunner.java:776)
	at org.testng.TestRunner.run(TestRunner.java:634)
	at org.testng.SuiteRunner.runTest(SuiteRunner.java:425)
	at org.testng.SuiteRunner.runSequentially(SuiteRunner.java:420)
	at org.testng.SuiteRunner.privateRun(SuiteRunner.java:385)
	at org.testng.SuiteRunner.run(SuiteRunner.java:334)
	at org.testng.SuiteRunnerWorker.runSuite(SuiteRunnerWorker.java:52)
	at org.testng.SuiteRunnerWorker.run(SuiteRunnerWorker.java:86)
	at org.testng.TestNG.runSuitesSequentially(TestNG.java:1318)
	at org.testng.TestNG.runSuitesLocally(TestNG.java:1243)
	at org.testng.TestNG.runSuites(TestNG.java:1161)
	at org.testng.TestNG.run(TestNG.java:1129)
	at org.testng.remote.AbstractRemoteTestNG.run(AbstractRemoteTestNG.java:114)
	at org.testng.remote.RemoteTestNG.initAndRun(RemoteTestNG.java:251)
	at org.testng.remote.RemoteTestNG.main(RemoteTestNG.java:77)
</div></td></tr></tbody></table><p class="totop"><a href="file:///C:/MobilityAutomation/test-output/emailable-report.html#summary">back to summary</a></p>
<h3 id="m41">automationTestCases.Exchange_9_Gas_Risk_Assessment_Gas_Abort_Med_Pressure_Chrome#main</h3><table class="result"><tbody><tr><th>Exception</th></tr><tr><td><div class="stacktrace">org.openqa.selenium.NoSuchSessionException: Session ID is null. Using WebDriver after calling quit()?
Build info: version: 'unknown', revision: '1969d75', time: '2016-10-18 09:45:56 -0700'
System info: host: 'MD1N0QGC', ip: '137.223.0.215', os.name: 'Windows 7', os.arch: 'amd64', os.version: '6.1', java.version: '1.8.0_131'
Driver info: driver.version: RemoteWebDriver
	at org.openqa.selenium.remote.HttpCommandExecutor.execute(HttpCommandExecutor.java:130)
	at org.openqa.selenium.remote.service.DriverCommandExecutor.execute(DriverCommandExecutor.java:82)
	at org.openqa.selenium.remote.RemoteWebDriver.execute(RemoteWebDriver.java:601)
	at org.openqa.selenium.remote.RemoteWebElement.execute(RemoteWebElement.java:274)
	at org.openqa.selenium.remote.RemoteWebElement.isDisplayed(RemoteWebElement.java:315)
	at automationTestCases.Exchange_9_Gas_Risk_Assessment_Gas_Abort_Med_Pressure_Chrome.main(Exchange_9_Gas_Risk_Assessment_Gas_Abort_Med_Pressure_Chrome.java:172)
	at sun.reflect.NativeMethodAccessorImpl.invoke0(Native Method)
	at sun.reflect.NativeMethodAccessorImpl.invoke(Unknown Source)
	at sun.reflect.DelegatingMethodAccessorImpl.invoke(Unknown Source)
	at java.lang.reflect.Method.invoke(Unknown Source)
	at org.testng.internal.MethodInvocationHelper.invokeMethod(MethodInvocationHelper.java:108)
	at org.testng.internal.Invoker.invokeMethod(Invoker.java:669)
	at org.testng.internal.Invoker.invokeTestMethod(Invoker.java:877)
	at org.testng.internal.Invoker.invokeTestMethods(Invoker.java:1201)
	at org.testng.internal.TestMethodWorker.invokeTestMethods(TestMethodWorker.java:125)
	at org.testng.internal.TestMethodWorker.run(TestMethodWorker.java:109)
	at org.testng.TestRunner.privateRun(TestRunner.java:776)
	at org.testng.TestRunner.run(TestRunner.java:634)
	at org.testng.SuiteRunner.runTest(SuiteRunner.java:425)
	at org.testng.SuiteRunner.runSequentially(SuiteRunner.java:420)
	at org.testng.SuiteRunner.privateRun(SuiteRunner.java:385)
	at org.testng.SuiteRunner.run(SuiteRunner.java:334)
	at org.testng.SuiteRunnerWorker.runSuite(SuiteRunnerWorker.java:52)
	at org.testng.SuiteRunnerWorker.run(SuiteRunnerWorker.java:86)
	at org.testng.TestNG.runSuitesSequentially(TestNG.java:1318)
	at org.testng.TestNG.runSuitesLocally(TestNG.java:1243)
	at org.testng.TestNG.runSuites(TestNG.java:1161)
	at org.testng.TestNG.run(TestNG.java:1129)
	at org.testng.remote.AbstractRemoteTestNG.run(AbstractRemoteTestNG.java:114)
	at org.testng.remote.RemoteTestNG.initAndRun(RemoteTestNG.java:251)
	at org.testng.remote.RemoteTestNG.main(RemoteTestNG.java:77)
</div></td></tr></tbody></table><p class="totop"><a href="file:///C:/MobilityAutomation/test-output/emailable-report.html#summary">back to summary</a></p>
<h3 id="m42">automationTestCases.FLTY_17_Appointment_Details_Page_Abort_No_Access_Chrome#main</h3><table class="result"><tbody><tr><th>Exception</th></tr><tr><td><div class="stacktrace">org.openqa.selenium.NoSuchSessionException: Session ID is null. Using WebDriver after calling quit()?
Build info: version: 'unknown', revision: '1969d75', time: '2016-10-18 09:45:56 -0700'
System info: host: 'MD1N0QGC', ip: '137.223.0.215', os.name: 'Windows 7', os.arch: 'amd64', os.version: '6.1', java.version: '1.8.0_131'
Driver info: driver.version: RemoteWebDriver
	at org.openqa.selenium.remote.HttpCommandExecutor.execute(HttpCommandExecutor.java:130)
	at org.openqa.selenium.remote.service.DriverCommandExecutor.execute(DriverCommandExecutor.java:82)
	at org.openqa.selenium.remote.RemoteWebDriver.execute(RemoteWebDriver.java:601)
	at org.openqa.selenium.remote.RemoteWebElement.execute(RemoteWebElement.java:274)
	at org.openqa.selenium.remote.RemoteWebElement.isDisplayed(RemoteWebElement.java:315)
	at automationTestCases.FLTY_17_Appointment_Details_Page_Abort_No_Access_Chrome.main(FLTY_17_Appointment_Details_Page_Abort_No_Access_Chrome.java:121)
	at sun.reflect.NativeMethodAccessorImpl.invoke0(Native Method)
	at sun.reflect.NativeMethodAccessorImpl.invoke(Unknown Source)
	at sun.reflect.DelegatingMethodAccessorImpl.invoke(Unknown Source)
	at java.lang.reflect.Method.invoke(Unknown Source)
	at org.testng.internal.MethodInvocationHelper.invokeMethod(MethodInvocationHelper.java:108)
	at org.testng.internal.Invoker.invokeMethod(Invoker.java:669)
	at org.testng.internal.Invoker.invokeTestMethod(Invoker.java:877)
	at org.testng.internal.Invoker.invokeTestMethods(Invoker.java:1201)
	at org.testng.internal.TestMethodWorker.invokeTestMethods(TestMethodWorker.java:125)
	at org.testng.internal.TestMethodWorker.run(TestMethodWorker.java:109)
	at org.testng.TestRunner.privateRun(TestRunner.java:776)
	at org.testng.TestRunner.run(TestRunner.java:634)
	at org.testng.SuiteRunner.runTest(SuiteRunner.java:425)
	at org.testng.SuiteRunner.runSequentially(SuiteRunner.java:420)
	at org.testng.SuiteRunner.privateRun(SuiteRunner.java:385)
	at org.testng.SuiteRunner.run(SuiteRunner.java:334)
	at org.testng.SuiteRunnerWorker.runSuite(SuiteRunnerWorker.java:52)
	at org.testng.SuiteRunnerWorker.run(SuiteRunnerWorker.java:86)
	at org.testng.TestNG.runSuitesSequentially(TestNG.java:1318)
	at org.testng.TestNG.runSuitesLocally(TestNG.java:1243)
	at org.testng.TestNG.runSuites(TestNG.java:1161)
	at org.testng.TestNG.run(TestNG.java:1129)
	at org.testng.remote.AbstractRemoteTestNG.run(AbstractRemoteTestNG.java:114)
	at org.testng.remote.RemoteTestNG.initAndRun(RemoteTestNG.java:251)
	at org.testng.remote.RemoteTestNG.main(RemoteTestNG.java:77)
</div></td></tr></tbody></table><p class="totop"><a href="file:///C:/MobilityAutomation/test-output/emailable-report.html#summary">back to summary</a></p>
<h3 id="m43">automationTestCases.FLTY_17_Elec_Initial_Polarity_Check_At_Meter_Page_Abort_Chrome#main</h3><table class="result"><tbody><tr><th>Exception</th></tr><tr><td><div class="stacktrace">org.openqa.selenium.NoSuchSessionException: Session ID is null. Using WebDriver after calling quit()?
Build info: version: 'unknown', revision: '1969d75', time: '2016-10-18 09:45:56 -0700'
System info: host: 'MD1N0QGC', ip: '137.223.0.215', os.name: 'Windows 7', os.arch: 'amd64', os.version: '6.1', java.version: '1.8.0_131'
Driver info: driver.version: RemoteWebDriver
	at org.openqa.selenium.remote.HttpCommandExecutor.execute(HttpCommandExecutor.java:130)
	at org.openqa.selenium.remote.service.DriverCommandExecutor.execute(DriverCommandExecutor.java:82)
	at org.openqa.selenium.remote.RemoteWebDriver.execute(RemoteWebDriver.java:601)
	at org.openqa.selenium.remote.RemoteWebElement.execute(RemoteWebElement.java:274)
	at org.openqa.selenium.remote.RemoteWebElement.isDisplayed(RemoteWebElement.java:315)
	at automationTestCases.FLTY_17_Elec_Initial_Polarity_Check_At_Meter_Page_Abort_Chrome.main(FLTY_17_Elec_Initial_Polarity_Check_At_Meter_Page_Abort_Chrome.java:161)
	at sun.reflect.NativeMethodAccessorImpl.invoke0(Native Method)
	at sun.reflect.NativeMethodAccessorImpl.invoke(Unknown Source)
	at sun.reflect.DelegatingMethodAccessorImpl.invoke(Unknown Source)
	at java.lang.reflect.Method.invoke(Unknown Source)
	at org.testng.internal.MethodInvocationHelper.invokeMethod(MethodInvocationHelper.java:108)
	at org.testng.internal.Invoker.invokeMethod(Invoker.java:669)
	at org.testng.internal.Invoker.invokeTestMethod(Invoker.java:877)
	at org.testng.internal.Invoker.invokeTestMethods(Invoker.java:1201)
	at org.testng.internal.TestMethodWorker.invokeTestMethods(TestMethodWorker.java:125)
	at org.testng.internal.TestMethodWorker.run(TestMethodWorker.java:109)
	at org.testng.TestRunner.privateRun(TestRunner.java:776)
	at org.testng.TestRunner.run(TestRunner.java:634)
	at org.testng.SuiteRunner.runTest(SuiteRunner.java:425)
	at org.testng.SuiteRunner.runSequentially(SuiteRunner.java:420)
	at org.testng.SuiteRunner.privateRun(SuiteRunner.java:385)
	at org.testng.SuiteRunner.run(SuiteRunner.java:334)
	at org.testng.SuiteRunnerWorker.runSuite(SuiteRunnerWorker.java:52)
	at org.testng.SuiteRunnerWorker.run(SuiteRunnerWorker.java:86)
	at org.testng.TestNG.runSuitesSequentially(TestNG.java:1318)
	at org.testng.TestNG.runSuitesLocally(TestNG.java:1243)
	at org.testng.TestNG.runSuites(TestNG.java:1161)
	at org.testng.TestNG.run(TestNG.java:1129)
	at org.testng.remote.AbstractRemoteTestNG.run(AbstractRemoteTestNG.java:114)
	at org.testng.remote.RemoteTestNG.initAndRun(RemoteTestNG.java:251)
	at org.testng.remote.RemoteTestNG.main(RemoteTestNG.java:77)
</div></td></tr></tbody></table><p class="totop"><a href="file:///C:/MobilityAutomation/test-output/emailable-report.html#summary">back to summary</a></p>
<h3 id="m44">automationTestCases.FLTY_17_Elec_Suitable_For_Smart_Installation_Page_Abort_Chrome#main</h3><table class="result"><tbody><tr><th>Exception</th></tr><tr><td><div class="stacktrace">org.openqa.selenium.NoSuchSessionException: Session ID is null. Using WebDriver after calling quit()?
Build info: version: 'unknown', revision: '1969d75', time: '2016-10-18 09:45:56 -0700'
System info: host: 'MD1N0QGC', ip: '137.223.0.215', os.name: 'Windows 7', os.arch: 'amd64', os.version: '6.1', java.version: '1.8.0_131'
Driver info: driver.version: RemoteWebDriver
	at org.openqa.selenium.remote.HttpCommandExecutor.execute(HttpCommandExecutor.java:130)
	at org.openqa.selenium.remote.service.DriverCommandExecutor.execute(DriverCommandExecutor.java:82)
	at org.openqa.selenium.remote.RemoteWebDriver.execute(RemoteWebDriver.java:601)
	at org.openqa.selenium.remote.RemoteWebElement.execute(RemoteWebElement.java:274)
	at org.openqa.selenium.remote.RemoteWebElement.isDisplayed(RemoteWebElement.java:315)
	at automationTestCases.FLTY_17_Elec_Suitable_For_Smart_Installation_Page_Abort_Chrome.main(FLTY_17_Elec_Suitable_For_Smart_Installation_Page_Abort_Chrome.java:158)
	at sun.reflect.NativeMethodAccessorImpl.invoke0(Native Method)
	at sun.reflect.NativeMethodAccessorImpl.invoke(Unknown Source)
	at sun.reflect.DelegatingMethodAccessorImpl.invoke(Unknown Source)
	at java.lang.reflect.Method.invoke(Unknown Source)
	at org.testng.internal.MethodInvocationHelper.invokeMethod(MethodInvocationHelper.java:108)
	at org.testng.internal.Invoker.invokeMethod(Invoker.java:669)
	at org.testng.internal.Invoker.invokeTestMethod(Invoker.java:877)
	at org.testng.internal.Invoker.invokeTestMethods(Invoker.java:1201)
	at org.testng.internal.TestMethodWorker.invokeTestMethods(TestMethodWorker.java:125)
	at org.testng.internal.TestMethodWorker.run(TestMethodWorker.java:109)
	at org.testng.TestRunner.privateRun(TestRunner.java:776)
	at org.testng.TestRunner.run(TestRunner.java:634)
	at org.testng.SuiteRunner.runTest(SuiteRunner.java:425)
	at org.testng.SuiteRunner.runSequentially(SuiteRunner.java:420)
	at org.testng.SuiteRunner.privateRun(SuiteRunner.java:385)
	at org.testng.SuiteRunner.run(SuiteRunner.java:334)
	at org.testng.SuiteRunnerWorker.runSuite(SuiteRunnerWorker.java:52)
	at org.testng.SuiteRunnerWorker.run(SuiteRunnerWorker.java:86)
	at org.testng.TestNG.runSuitesSequentially(TestNG.java:1318)
	at org.testng.TestNG.runSuitesLocally(TestNG.java:1243)
	at org.testng.TestNG.runSuites(TestNG.java:1161)
	at org.testng.TestNG.run(TestNG.java:1129)
	at org.testng.remote.AbstractRemoteTestNG.run(AbstractRemoteTestNG.java:114)
	at org.testng.remote.RemoteTestNG.initAndRun(RemoteTestNG.java:251)
	at org.testng.remote.RemoteTestNG.main(RemoteTestNG.java:77)
</div></td></tr></tbody></table><p class="totop"><a href="file:///C:/MobilityAutomation/test-output/emailable-report.html#summary">back to summary</a></p>
<h3 id="m45">automationTestCases.FLTY_17_End_To_End_Chrome#main</h3><table class="result"><tbody><tr><th>Exception</th></tr><tr><td><div class="stacktrace">java.lang.NullPointerException
	at automationTestCases.FLTY_17_End_To_End_Chrome.main(FLTY_17_End_To_End_Chrome.java:212)
	at sun.reflect.NativeMethodAccessorImpl.invoke0(Native Method)
	at sun.reflect.NativeMethodAccessorImpl.invoke(Unknown Source)
	at sun.reflect.DelegatingMethodAccessorImpl.invoke(Unknown Source)
	at java.lang.reflect.Method.invoke(Unknown Source)
	at org.testng.internal.MethodInvocationHelper.invokeMethod(MethodInvocationHelper.java:108)
	at org.testng.internal.Invoker.invokeMethod(Invoker.java:669)
	at org.testng.internal.Invoker.invokeTestMethod(Invoker.java:877)
	at org.testng.internal.Invoker.invokeTestMethods(Invoker.java:1201)
	at org.testng.internal.TestMethodWorker.invokeTestMethods(TestMethodWorker.java:125)
	at org.testng.internal.TestMethodWorker.run(TestMethodWorker.java:109)
	at org.testng.TestRunner.privateRun(TestRunner.java:776)
	at org.testng.TestRunner.run(TestRunner.java:634)
	at org.testng.SuiteRunner.runTest(SuiteRunner.java:425)
	at org.testng.SuiteRunner.runSequentially(SuiteRunner.java:420)
	at org.testng.SuiteRunner.privateRun(SuiteRunner.java:385)
	at org.testng.SuiteRunner.run(SuiteRunner.java:334)
	at org.testng.SuiteRunnerWorker.runSuite(SuiteRunnerWorker.java:52)
	at org.testng.SuiteRunnerWorker.run(SuiteRunnerWorker.java:86)
	at org.testng.TestNG.runSuitesSequentially(TestNG.java:1318)
	at org.testng.TestNG.runSuitesLocally(TestNG.java:1243)
	at org.testng.TestNG.runSuites(TestNG.java:1161)
	at org.testng.TestNG.run(TestNG.java:1129)
	at org.testng.remote.AbstractRemoteTestNG.run(AbstractRemoteTestNG.java:114)
	at org.testng.remote.RemoteTestNG.initAndRun(RemoteTestNG.java:251)
	at org.testng.remote.RemoteTestNG.main(RemoteTestNG.java:77)
</div></td></tr></tbody></table><p class="totop"><a href="file:///C:/MobilityAutomation/test-output/emailable-report.html#summary">back to summary</a></p>
<h3 id="m46">automationTestCases.FLTY_17_Gas_Meter_Post_Installation_Gas_Tightness_Test_Abort_Chrome#main</h3><table class="result"><tbody><tr><th>Exception</th></tr><tr><td><div class="stacktrace">java.lang.NullPointerException
	at automationTestCases.FLTY_17_Gas_Meter_Post_Installation_Gas_Tightness_Test_Abort_Chrome.main(FLTY_17_Gas_Meter_Post_Installation_Gas_Tightness_Test_Abort_Chrome.java:208)
	at sun.reflect.NativeMethodAccessorImpl.invoke0(Native Method)
	at sun.reflect.NativeMethodAccessorImpl.invoke(Unknown Source)
	at sun.reflect.DelegatingMethodAccessorImpl.invoke(Unknown Source)
	at java.lang.reflect.Method.invoke(Unknown Source)
	at org.testng.internal.MethodInvocationHelper.invokeMethod(MethodInvocationHelper.java:108)
	at org.testng.internal.Invoker.invokeMethod(Invoker.java:669)
	at org.testng.internal.Invoker.invokeTestMethod(Invoker.java:877)
	at org.testng.internal.Invoker.invokeTestMethods(Invoker.java:1201)
	at org.testng.internal.TestMethodWorker.invokeTestMethods(TestMethodWorker.java:125)
	at org.testng.internal.TestMethodWorker.run(TestMethodWorker.java:109)
	at org.testng.TestRunner.privateRun(TestRunner.java:776)
	at org.testng.TestRunner.run(TestRunner.java:634)
	at org.testng.SuiteRunner.runTest(SuiteRunner.java:425)
	at org.testng.SuiteRunner.runSequentially(SuiteRunner.java:420)
	at org.testng.SuiteRunner.privateRun(SuiteRunner.java:385)
	at org.testng.SuiteRunner.run(SuiteRunner.java:334)
	at org.testng.SuiteRunnerWorker.runSuite(SuiteRunnerWorker.java:52)
	at org.testng.SuiteRunnerWorker.run(SuiteRunnerWorker.java:86)
	at org.testng.TestNG.runSuitesSequentially(TestNG.java:1318)
	at org.testng.TestNG.runSuitesLocally(TestNG.java:1243)
	at org.testng.TestNG.runSuites(TestNG.java:1161)
	at org.testng.TestNG.run(TestNG.java:1129)
	at org.testng.remote.AbstractRemoteTestNG.run(AbstractRemoteTestNG.java:114)
	at org.testng.remote.RemoteTestNG.initAndRun(RemoteTestNG.java:251)
	at org.testng.remote.RemoteTestNG.main(RemoteTestNG.java:77)
</div></td></tr></tbody></table><p class="totop"><a href="file:///C:/MobilityAutomation/test-output/emailable-report.html#summary">back to summary</a></p>
<h3 id="m47">automationTestCases.FLTY_17_Gas_Meter_Pre_Installation_Gas_Tightness_Test_Failed_Test_Abort_Chrome#main</h3><table class="result"><tbody><tr><th>Exception</th></tr><tr><td><div class="stacktrace">java.lang.NullPointerException
	at automationTestCases.FLTY_17_Gas_Meter_Pre_Installation_Gas_Tightness_Test_Failed_Test_Abort_Chrome.main(FLTY_17_Gas_Meter_Pre_Installation_Gas_Tightness_Test_Failed_Test_Abort_Chrome.java:175)
	at sun.reflect.NativeMethodAccessorImpl.invoke0(Native Method)
	at sun.reflect.NativeMethodAccessorImpl.invoke(Unknown Source)
	at sun.reflect.DelegatingMethodAccessorImpl.invoke(Unknown Source)
	at java.lang.reflect.Method.invoke(Unknown Source)
	at org.testng.internal.MethodInvocationHelper.invokeMethod(MethodInvocationHelper.java:108)
	at org.testng.internal.Invoker.invokeMethod(Invoker.java:669)
	at org.testng.internal.Invoker.invokeTestMethod(Invoker.java:877)
	at org.testng.internal.Invoker.invokeTestMethods(Invoker.java:1201)
	at org.testng.internal.TestMethodWorker.invokeTestMethods(TestMethodWorker.java:125)
	at org.testng.internal.TestMethodWorker.run(TestMethodWorker.java:109)
	at org.testng.TestRunner.privateRun(TestRunner.java:776)
	at org.testng.TestRunner.run(TestRunner.java:634)
	at org.testng.SuiteRunner.runTest(SuiteRunner.java:425)
	at org.testng.SuiteRunner.runSequentially(SuiteRunner.java:420)
	at org.testng.SuiteRunner.privateRun(SuiteRunner.java:385)
	at org.testng.SuiteRunner.run(SuiteRunner.java:334)
	at org.testng.SuiteRunnerWorker.runSuite(SuiteRunnerWorker.java:52)
	at org.testng.SuiteRunnerWorker.run(SuiteRunnerWorker.java:86)
	at org.testng.TestNG.runSuitesSequentially(TestNG.java:1318)
	at org.testng.TestNG.runSuitesLocally(TestNG.java:1243)
	at org.testng.TestNG.runSuites(TestNG.java:1161)
	at org.testng.TestNG.run(TestNG.java:1129)
	at org.testng.remote.AbstractRemoteTestNG.run(AbstractRemoteTestNG.java:114)
	at org.testng.remote.RemoteTestNG.initAndRun(RemoteTestNG.java:251)
	at org.testng.remote.RemoteTestNG.main(RemoteTestNG.java:77)
</div></td></tr></tbody></table><p class="totop"><a href="file:///C:/MobilityAutomation/test-output/emailable-report.html#summary">back to summary</a></p>
<h3 id="m48">automationTestCases.FLTY_17_Gas_Meter_Pre_Installation_Gas_Tightness_Test_Low_Pressure_Abort_Chrome#main</h3><table class="result"><tbody><tr><th>Exception</th></tr><tr><td><div class="stacktrace">org.openqa.selenium.NoSuchSessionException: Session ID is null. Using WebDriver after calling quit()?
Build info: version: 'unknown', revision: '1969d75', time: '2016-10-18 09:45:56 -0700'
System info: host: 'MD1N0QGC', ip: '137.223.0.215', os.name: 'Windows 7', os.arch: 'amd64', os.version: '6.1', java.version: '1.8.0_131'
Driver info: driver.version: RemoteWebDriver
	at org.openqa.selenium.remote.HttpCommandExecutor.execute(HttpCommandExecutor.java:130)
	at org.openqa.selenium.remote.service.DriverCommandExecutor.execute(DriverCommandExecutor.java:82)
	at org.openqa.selenium.remote.RemoteWebDriver.execute(RemoteWebDriver.java:601)
	at org.openqa.selenium.remote.RemoteWebElement.execute(RemoteWebElement.java:274)
	at org.openqa.selenium.remote.RemoteWebElement.isDisplayed(RemoteWebElement.java:315)
	at automationTestCases.FLTY_17_Gas_Meter_Pre_Installation_Gas_Tightness_Test_Low_Pressure_Abort_Chrome.main(FLTY_17_Gas_Meter_Pre_Installation_Gas_Tightness_Test_Low_Pressure_Abort_Chrome.java:176)
	at sun.reflect.NativeMethodAccessorImpl.invoke0(Native Method)
	at sun.reflect.NativeMethodAccessorImpl.invoke(Unknown Source)
	at sun.reflect.DelegatingMethodAccessorImpl.invoke(Unknown Source)
	at java.lang.reflect.Method.invoke(Unknown Source)
	at org.testng.internal.MethodInvocationHelper.invokeMethod(MethodInvocationHelper.java:108)
	at org.testng.internal.Invoker.invokeMethod(Invoker.java:669)
	at org.testng.internal.Invoker.invokeTestMethod(Invoker.java:877)
	at org.testng.internal.Invoker.invokeTestMethods(Invoker.java:1201)
	at org.testng.internal.TestMethodWorker.invokeTestMethods(TestMethodWorker.java:125)
	at org.testng.internal.TestMethodWorker.run(TestMethodWorker.java:109)
	at org.testng.TestRunner.privateRun(TestRunner.java:776)
	at org.testng.TestRunner.run(TestRunner.java:634)
	at org.testng.SuiteRunner.runTest(SuiteRunner.java:425)
	at org.testng.SuiteRunner.runSequentially(SuiteRunner.java:420)
	at org.testng.SuiteRunner.privateRun(SuiteRunner.java:385)
	at org.testng.SuiteRunner.run(SuiteRunner.java:334)
	at org.testng.SuiteRunnerWorker.runSuite(SuiteRunnerWorker.java:52)
	at org.testng.SuiteRunnerWorker.run(SuiteRunnerWorker.java:86)
	at org.testng.TestNG.runSuitesSequentially(TestNG.java:1318)
	at org.testng.TestNG.runSuitesLocally(TestNG.java:1243)
	at org.testng.TestNG.runSuites(TestNG.java:1161)
	at org.testng.TestNG.run(TestNG.java:1129)
	at org.testng.remote.AbstractRemoteTestNG.run(AbstractRemoteTestNG.java:114)
	at org.testng.remote.RemoteTestNG.initAndRun(RemoteTestNG.java:251)
	at org.testng.remote.RemoteTestNG.main(RemoteTestNG.java:77)
</div></td></tr></tbody></table><p class="totop"><a href="file:///C:/MobilityAutomation/test-output/emailable-report.html#summary">back to summary</a></p>
<h3 id="m49">automationTestCases.FLTY_17_Gas_Risk_Assessment_Gas_Abort_Low_Pressure_Chrome#main</h3><table class="result"><tbody><tr><th>Exception</th></tr><tr><td><div class="stacktrace">org.openqa.selenium.NoSuchSessionException: Session ID is null. Using WebDriver after calling quit()?
Build info: version: 'unknown', revision: '1969d75', time: '2016-10-18 09:45:56 -0700'
System info: host: 'MD1N0QGC', ip: '137.223.0.215', os.name: 'Windows 7', os.arch: 'amd64', os.version: '6.1', java.version: '1.8.0_131'
Driver info: driver.version: RemoteWebDriver
	at org.openqa.selenium.remote.HttpCommandExecutor.execute(HttpCommandExecutor.java:130)
	at org.openqa.selenium.remote.service.DriverCommandExecutor.execute(DriverCommandExecutor.java:82)
	at org.openqa.selenium.remote.RemoteWebDriver.execute(RemoteWebDriver.java:601)
	at org.openqa.selenium.remote.RemoteWebElement.execute(RemoteWebElement.java:274)
	at org.openqa.selenium.remote.RemoteWebElement.isDisplayed(RemoteWebElement.java:315)
	at automationTestCases.FLTY_17_Gas_Risk_Assessment_Gas_Abort_Low_Pressure_Chrome.main(FLTY_17_Gas_Risk_Assessment_Gas_Abort_Low_Pressure_Chrome.java:171)
	at sun.reflect.NativeMethodAccessorImpl.invoke0(Native Method)
	at sun.reflect.NativeMethodAccessorImpl.invoke(Unknown Source)
	at sun.reflect.DelegatingMethodAccessorImpl.invoke(Unknown Source)
	at java.lang.reflect.Method.invoke(Unknown Source)
	at org.testng.internal.MethodInvocationHelper.invokeMethod(MethodInvocationHelper.java:108)
	at org.testng.internal.Invoker.invokeMethod(Invoker.java:669)
	at org.testng.internal.Invoker.invokeTestMethod(Invoker.java:877)
	at org.testng.internal.Invoker.invokeTestMethods(Invoker.java:1201)
	at org.testng.internal.TestMethodWorker.invokeTestMethods(TestMethodWorker.java:125)
	at org.testng.internal.TestMethodWorker.run(TestMethodWorker.java:109)
	at org.testng.TestRunner.privateRun(TestRunner.java:776)
	at org.testng.TestRunner.run(TestRunner.java:634)
	at org.testng.SuiteRunner.runTest(SuiteRunner.java:425)
	at org.testng.SuiteRunner.runSequentially(SuiteRunner.java:420)
	at org.testng.SuiteRunner.privateRun(SuiteRunner.java:385)
	at org.testng.SuiteRunner.run(SuiteRunner.java:334)
	at org.testng.SuiteRunnerWorker.runSuite(SuiteRunnerWorker.java:52)
	at org.testng.SuiteRunnerWorker.run(SuiteRunnerWorker.java:86)
	at org.testng.TestNG.runSuitesSequentially(TestNG.java:1318)
	at org.testng.TestNG.runSuitesLocally(TestNG.java:1243)
	at org.testng.TestNG.runSuites(TestNG.java:1161)
	at org.testng.TestNG.run(TestNG.java:1129)
	at org.testng.remote.AbstractRemoteTestNG.run(AbstractRemoteTestNG.java:114)
	at org.testng.remote.RemoteTestNG.initAndRun(RemoteTestNG.java:251)
	at org.testng.remote.RemoteTestNG.main(RemoteTestNG.java:77)
</div></td></tr></tbody></table><p class="totop"><a href="file:///C:/MobilityAutomation/test-output/emailable-report.html#summary">back to summary</a></p>
<h3 id="m50">automationTestCases.FLTY_17_Gas_Risk_Assessment_Gas_Abort_Med_Pressure_Chrome#main</h3><table class="result"><tbody><tr><th>Exception</th></tr><tr><td><div class="stacktrace">org.openqa.selenium.NoSuchSessionException: Session ID is null. Using WebDriver after calling quit()?
Build info: version: 'unknown', revision: '1969d75', time: '2016-10-18 09:45:56 -0700'
System info: host: 'MD1N0QGC', ip: '137.223.0.215', os.name: 'Windows 7', os.arch: 'amd64', os.version: '6.1', java.version: '1.8.0_131'
Driver info: driver.version: RemoteWebDriver
	at org.openqa.selenium.remote.HttpCommandExecutor.execute(HttpCommandExecutor.java:130)
	at org.openqa.selenium.remote.service.DriverCommandExecutor.execute(DriverCommandExecutor.java:82)
	at org.openqa.selenium.remote.RemoteWebDriver.execute(RemoteWebDriver.java:601)
	at org.openqa.selenium.remote.RemoteWebElement.execute(RemoteWebElement.java:274)
	at org.openqa.selenium.remote.RemoteWebElement.isDisplayed(RemoteWebElement.java:315)
	at automationTestCases.FLTY_17_Gas_Risk_Assessment_Gas_Abort_Med_Pressure_Chrome.main(FLTY_17_Gas_Risk_Assessment_Gas_Abort_Med_Pressure_Chrome.java:171)
	at sun.reflect.NativeMethodAccessorImpl.invoke0(Native Method)
	at sun.reflect.NativeMethodAccessorImpl.invoke(Unknown Source)
	at sun.reflect.DelegatingMethodAccessorImpl.invoke(Unknown Source)
	at java.lang.reflect.Method.invoke(Unknown Source)
	at org.testng.internal.MethodInvocationHelper.invokeMethod(MethodInvocationHelper.java:108)
	at org.testng.internal.Invoker.invokeMethod(Invoker.java:669)
	at org.testng.internal.Invoker.invokeTestMethod(Invoker.java:877)
	at org.testng.internal.Invoker.invokeTestMethods(Invoker.java:1201)
	at org.testng.internal.TestMethodWorker.invokeTestMethods(TestMethodWorker.java:125)
	at org.testng.internal.TestMethodWorker.run(TestMethodWorker.java:109)
	at org.testng.TestRunner.privateRun(TestRunner.java:776)
	at org.testng.TestRunner.run(TestRunner.java:634)
	at org.testng.SuiteRunner.runTest(SuiteRunner.java:425)
	at org.testng.SuiteRunner.runSequentially(SuiteRunner.java:420)
	at org.testng.SuiteRunner.privateRun(SuiteRunner.java:385)
	at org.testng.SuiteRunner.run(SuiteRunner.java:334)
	at org.testng.SuiteRunnerWorker.runSuite(SuiteRunnerWorker.java:52)
	at org.testng.SuiteRunnerWorker.run(SuiteRunnerWorker.java:86)
	at org.testng.TestNG.runSuitesSequentially(TestNG.java:1318)
	at org.testng.TestNG.runSuitesLocally(TestNG.java:1243)
	at org.testng.TestNG.runSuites(TestNG.java:1161)
	at org.testng.TestNG.run(TestNG.java:1129)
	at org.testng.remote.AbstractRemoteTestNG.run(AbstractRemoteTestNG.java:114)
	at org.testng.remote.RemoteTestNG.initAndRun(RemoteTestNG.java:251)
	at org.testng.remote.RemoteTestNG.main(RemoteTestNG.java:77)
</div></td></tr></tbody></table><p class="totop"><a href="file:///C:/MobilityAutomation/test-output/emailable-report.html#summary">back to summary</a></p>
<h3 id="m51">automationTestCases.FLTY_17_Gas_Suitable_For_Smart_Installation_Abort_Chrome#main</h3><table class="result"><tbody><tr><th>Exception</th></tr><tr><td><div class="stacktrace">org.openqa.selenium.NoSuchSessionException: Session ID is null. Using WebDriver after calling quit()?
Build info: version: 'unknown', revision: '1969d75', time: '2016-10-18 09:45:56 -0700'
System info: host: 'MD1N0QGC', ip: '137.223.0.215', os.name: 'Windows 7', os.arch: 'amd64', os.version: '6.1', java.version: '1.8.0_131'
Driver info: driver.version: RemoteWebDriver
	at org.openqa.selenium.remote.HttpCommandExecutor.execute(HttpCommandExecutor.java:130)
	at org.openqa.selenium.remote.service.DriverCommandExecutor.execute(DriverCommandExecutor.java:82)
	at org.openqa.selenium.remote.RemoteWebDriver.execute(RemoteWebDriver.java:601)
	at org.openqa.selenium.remote.RemoteWebElement.execute(RemoteWebElement.java:274)
	at org.openqa.selenium.remote.RemoteWebElement.isDisplayed(RemoteWebElement.java:315)
	at automationTestCases.FLTY_17_Gas_Suitable_For_Smart_Installation_Abort_Chrome.main(FLTY_17_Gas_Suitable_For_Smart_Installation_Abort_Chrome.java:173)
	at sun.reflect.NativeMethodAccessorImpl.invoke0(Native Method)
	at sun.reflect.NativeMethodAccessorImpl.invoke(Unknown Source)
	at sun.reflect.DelegatingMethodAccessorImpl.invoke(Unknown Source)
	at java.lang.reflect.Method.invoke(Unknown Source)
	at org.testng.internal.MethodInvocationHelper.invokeMethod(MethodInvocationHelper.java:108)
	at org.testng.internal.Invoker.invokeMethod(Invoker.java:669)
	at org.testng.internal.Invoker.invokeTestMethod(Invoker.java:877)
	at org.testng.internal.Invoker.invokeTestMethods(Invoker.java:1201)
	at org.testng.internal.TestMethodWorker.invokeTestMethods(TestMethodWorker.java:125)
	at org.testng.internal.TestMethodWorker.run(TestMethodWorker.java:109)
	at org.testng.TestRunner.privateRun(TestRunner.java:776)
	at org.testng.TestRunner.run(TestRunner.java:634)
	at org.testng.SuiteRunner.runTest(SuiteRunner.java:425)
	at org.testng.SuiteRunner.runSequentially(SuiteRunner.java:420)
	at org.testng.SuiteRunner.privateRun(SuiteRunner.java:385)
	at org.testng.SuiteRunner.run(SuiteRunner.java:334)
	at org.testng.SuiteRunnerWorker.runSuite(SuiteRunnerWorker.java:52)
	at org.testng.SuiteRunnerWorker.run(SuiteRunnerWorker.java:86)
	at org.testng.TestNG.runSuitesSequentially(TestNG.java:1318)
	at org.testng.TestNG.runSuitesLocally(TestNG.java:1243)
	at org.testng.TestNG.runSuites(TestNG.java:1161)
	at org.testng.TestNG.run(TestNG.java:1129)
	at org.testng.remote.AbstractRemoteTestNG.run(AbstractRemoteTestNG.java:114)
	at org.testng.remote.RemoteTestNG.initAndRun(RemoteTestNG.java:251)
	at org.testng.remote.RemoteTestNG.main(RemoteTestNG.java:77)
</div></td></tr></tbody></table><p class="totop"><a href="file:///C:/MobilityAutomation/test-output/emailable-report.html#summary">back to summary</a></p>
<h3 id="m52">automationTestCases.FLTY_2_Appointment_Details_Page_Abort_No_Access_Chrome#main</h3><table class="result"><tbody><tr><th>Exception</th></tr><tr><td><div class="stacktrace">org.openqa.selenium.NoSuchSessionException: Session ID is null. Using WebDriver after calling quit()?
Build info: version: 'unknown', revision: '1969d75', time: '2016-10-18 09:45:56 -0700'
System info: host: 'MD1N0QGC', ip: '137.223.0.215', os.name: 'Windows 7', os.arch: 'amd64', os.version: '6.1', java.version: '1.8.0_131'
Driver info: driver.version: RemoteWebDriver
	at org.openqa.selenium.remote.HttpCommandExecutor.execute(HttpCommandExecutor.java:130)
	at org.openqa.selenium.remote.service.DriverCommandExecutor.execute(DriverCommandExecutor.java:82)
	at org.openqa.selenium.remote.RemoteWebDriver.execute(RemoteWebDriver.java:601)
	at org.openqa.selenium.remote.RemoteWebElement.execute(RemoteWebElement.java:274)
	at org.openqa.selenium.remote.RemoteWebElement.isDisplayed(RemoteWebElement.java:315)
	at automationTestCases.FLTY_2_Appointment_Details_Page_Abort_No_Access_Chrome.main(FLTY_2_Appointment_Details_Page_Abort_No_Access_Chrome.java:121)
	at sun.reflect.NativeMethodAccessorImpl.invoke0(Native Method)
	at sun.reflect.NativeMethodAccessorImpl.invoke(Unknown Source)
	at sun.reflect.DelegatingMethodAccessorImpl.invoke(Unknown Source)
	at java.lang.reflect.Method.invoke(Unknown Source)
	at org.testng.internal.MethodInvocationHelper.invokeMethod(MethodInvocationHelper.java:108)
	at org.testng.internal.Invoker.invokeMethod(Invoker.java:669)
	at org.testng.internal.Invoker.invokeTestMethod(Invoker.java:877)
	at org.testng.internal.Invoker.invokeTestMethods(Invoker.java:1201)
	at org.testng.internal.TestMethodWorker.invokeTestMethods(TestMethodWorker.java:125)
	at org.testng.internal.TestMethodWorker.run(TestMethodWorker.java:109)
	at org.testng.TestRunner.privateRun(TestRunner.java:776)
	at org.testng.TestRunner.run(TestRunner.java:634)
	at org.testng.SuiteRunner.runTest(SuiteRunner.java:425)
	at org.testng.SuiteRunner.runSequentially(SuiteRunner.java:420)
	at org.testng.SuiteRunner.privateRun(SuiteRunner.java:385)
	at org.testng.SuiteRunner.run(SuiteRunner.java:334)
	at org.testng.SuiteRunnerWorker.runSuite(SuiteRunnerWorker.java:52)
	at org.testng.SuiteRunnerWorker.run(SuiteRunnerWorker.java:86)
	at org.testng.TestNG.runSuitesSequentially(TestNG.java:1318)
	at org.testng.TestNG.runSuitesLocally(TestNG.java:1243)
	at org.testng.TestNG.runSuites(TestNG.java:1161)
	at org.testng.TestNG.run(TestNG.java:1129)
	at org.testng.remote.AbstractRemoteTestNG.run(AbstractRemoteTestNG.java:114)
	at org.testng.remote.RemoteTestNG.initAndRun(RemoteTestNG.java:251)
	at org.testng.remote.RemoteTestNG.main(RemoteTestNG.java:77)
</div></td></tr></tbody></table><p class="totop"><a href="file:///C:/MobilityAutomation/test-output/emailable-report.html#summary">back to summary</a></p>
<h3 id="m53">automationTestCases.FLTY_2_Elec_Determine_Emergency_Call_Out_Page_Abort_Chrome#main</h3><table class="result"><tbody><tr><th>Exception</th></tr><tr><td><div class="stacktrace">org.openqa.selenium.NoSuchSessionException: Session ID is null. Using WebDriver after calling quit()?
Build info: version: 'unknown', revision: '1969d75', time: '2016-10-18 09:45:56 -0700'
System info: host: 'MD1N0QGC', ip: '137.223.0.215', os.name: 'Windows 7', os.arch: 'amd64', os.version: '6.1', java.version: '1.8.0_131'
Driver info: driver.version: RemoteWebDriver
	at org.openqa.selenium.remote.HttpCommandExecutor.execute(HttpCommandExecutor.java:130)
	at org.openqa.selenium.remote.service.DriverCommandExecutor.execute(DriverCommandExecutor.java:82)
	at org.openqa.selenium.remote.RemoteWebDriver.execute(RemoteWebDriver.java:601)
	at org.openqa.selenium.remote.RemoteWebElement.execute(RemoteWebElement.java:274)
	at org.openqa.selenium.remote.RemoteWebElement.isDisplayed(RemoteWebElement.java:315)
	at automationTestCases.FLTY_2_Elec_Determine_Emergency_Call_Out_Page_Abort_Chrome.main(FLTY_2_Elec_Determine_Emergency_Call_Out_Page_Abort_Chrome.java:144)
	at sun.reflect.NativeMethodAccessorImpl.invoke0(Native Method)
	at sun.reflect.NativeMethodAccessorImpl.invoke(Unknown Source)
	at sun.reflect.DelegatingMethodAccessorImpl.invoke(Unknown Source)
	at java.lang.reflect.Method.invoke(Unknown Source)
	at org.testng.internal.MethodInvocationHelper.invokeMethod(MethodInvocationHelper.java:108)
	at org.testng.internal.Invoker.invokeMethod(Invoker.java:669)
	at org.testng.internal.Invoker.invokeTestMethod(Invoker.java:877)
	at org.testng.internal.Invoker.invokeTestMethods(Invoker.java:1201)
	at org.testng.internal.TestMethodWorker.invokeTestMethods(TestMethodWorker.java:125)
	at org.testng.internal.TestMethodWorker.run(TestMethodWorker.java:109)
	at org.testng.TestRunner.privateRun(TestRunner.java:776)
	at org.testng.TestRunner.run(TestRunner.java:634)
	at org.testng.SuiteRunner.runTest(SuiteRunner.java:425)
	at org.testng.SuiteRunner.runSequentially(SuiteRunner.java:420)
	at org.testng.SuiteRunner.privateRun(SuiteRunner.java:385)
	at org.testng.SuiteRunner.run(SuiteRunner.java:334)
	at org.testng.SuiteRunnerWorker.runSuite(SuiteRunnerWorker.java:52)
	at org.testng.SuiteRunnerWorker.run(SuiteRunnerWorker.java:86)
	at org.testng.TestNG.runSuitesSequentially(TestNG.java:1318)
	at org.testng.TestNG.runSuitesLocally(TestNG.java:1243)
	at org.testng.TestNG.runSuites(TestNG.java:1161)
	at org.testng.TestNG.run(TestNG.java:1129)
	at org.testng.remote.AbstractRemoteTestNG.run(AbstractRemoteTestNG.java:114)
	at org.testng.remote.RemoteTestNG.initAndRun(RemoteTestNG.java:251)
	at org.testng.remote.RemoteTestNG.main(RemoteTestNG.java:77)
</div></td></tr></tbody></table><p class="totop"><a href="file:///C:/MobilityAutomation/test-output/emailable-report.html#summary">back to summary</a></p>
<h3 id="m54">automationTestCases.FLTY_2_Elec_Initial_Polarity_Check_At_Meter_Page_Abort_Chrome#main</h3><table class="result"><tbody><tr><th>Exception</th></tr><tr><td><div class="stacktrace">org.openqa.selenium.NoSuchSessionException: Session ID is null. Using WebDriver after calling quit()?
Build info: version: 'unknown', revision: '1969d75', time: '2016-10-18 09:45:56 -0700'
System info: host: 'MD1N0QGC', ip: '137.223.0.215', os.name: 'Windows 7', os.arch: 'amd64', os.version: '6.1', java.version: '1.8.0_131'
Driver info: driver.version: RemoteWebDriver
	at org.openqa.selenium.remote.HttpCommandExecutor.execute(HttpCommandExecutor.java:130)
	at org.openqa.selenium.remote.service.DriverCommandExecutor.execute(DriverCommandExecutor.java:82)
	at org.openqa.selenium.remote.RemoteWebDriver.execute(RemoteWebDriver.java:601)
	at org.openqa.selenium.remote.RemoteWebElement.execute(RemoteWebElement.java:274)
	at org.openqa.selenium.remote.RemoteWebElement.isDisplayed(RemoteWebElement.java:315)
	at automationTestCases.FLTY_2_Elec_Initial_Polarity_Check_At_Meter_Page_Abort_Chrome.main(FLTY_2_Elec_Initial_Polarity_Check_At_Meter_Page_Abort_Chrome.java:146)
	at sun.reflect.NativeMethodAccessorImpl.invoke0(Native Method)
	at sun.reflect.NativeMethodAccessorImpl.invoke(Unknown Source)
	at sun.reflect.DelegatingMethodAccessorImpl.invoke(Unknown Source)
	at java.lang.reflect.Method.invoke(Unknown Source)
	at org.testng.internal.MethodInvocationHelper.invokeMethod(MethodInvocationHelper.java:108)
	at org.testng.internal.Invoker.invokeMethod(Invoker.java:669)
	at org.testng.internal.Invoker.invokeTestMethod(Invoker.java:877)
	at org.testng.internal.Invoker.invokeTestMethods(Invoker.java:1201)
	at org.testng.internal.TestMethodWorker.invokeTestMethods(TestMethodWorker.java:125)
	at org.testng.internal.TestMethodWorker.run(TestMethodWorker.java:109)
	at org.testng.TestRunner.privateRun(TestRunner.java:776)
	at org.testng.TestRunner.run(TestRunner.java:634)
	at org.testng.SuiteRunner.runTest(SuiteRunner.java:425)
	at org.testng.SuiteRunner.runSequentially(SuiteRunner.java:420)
	at org.testng.SuiteRunner.privateRun(SuiteRunner.java:385)
	at org.testng.SuiteRunner.run(SuiteRunner.java:334)
	at org.testng.SuiteRunnerWorker.runSuite(SuiteRunnerWorker.java:52)
	at org.testng.SuiteRunnerWorker.run(SuiteRunnerWorker.java:86)
	at org.testng.TestNG.runSuitesSequentially(TestNG.java:1318)
	at org.testng.TestNG.runSuitesLocally(TestNG.java:1243)
	at org.testng.TestNG.runSuites(TestNG.java:1161)
	at org.testng.TestNG.run(TestNG.java:1129)
	at org.testng.remote.AbstractRemoteTestNG.run(AbstractRemoteTestNG.java:114)
	at org.testng.remote.RemoteTestNG.initAndRun(RemoteTestNG.java:251)
	at org.testng.remote.RemoteTestNG.main(RemoteTestNG.java:77)
</div></td></tr></tbody></table><p class="totop"><a href="file:///C:/MobilityAutomation/test-output/emailable-report.html#summary">back to summary</a></p>
<h3 id="m55">automationTestCases.FLTY_2_Elec_Initial_Risk_Assessment_Page_Abort_Chrome#main</h3><table class="result"><tbody><tr><th>Exception</th></tr><tr><td><div class="stacktrace">org.openqa.selenium.ElementNotVisibleException: element not visible
  (Session info: chrome=60.0.3112.113)
  (Driver info: chromedriver=2.30.477700 (0057494ad8732195794a7b32078424f92a5fce41),platform=Windows NT 6.1.7601 SP1 x86_64) (WARNING: The server did not provide any stacktrace information)
Command duration or timeout: 32 milliseconds
Build info: version: 'unknown', revision: '1969d75', time: '2016-10-18 09:45:56 -0700'
System info: host: 'MD1N0QGC', ip: '137.223.0.215', os.name: 'Windows 7', os.arch: 'amd64', os.version: '6.1', java.version: '1.8.0_131'
Driver info: org.openqa.selenium.chrome.ChromeDriver
Capabilities [{applicationCacheEnabled=false, rotatable=false, mobileEmulationEnabled=false, networkConnectionEnabled=false, chrome={chromedriverVersion=2.30.477700 (0057494ad8732195794a7b32078424f92a5fce41), userDataDir=C:\Users\Z003TD~1.AD0\AppData\Local\Temp\scoped_dir34476_20627}, takesHeapSnapshot=true, pageLoadStrategy=normal, databaseEnabled=false, handlesAlerts=true, hasTouchScreen=false, version=60.0.3112.113, platform=XP, browserConnectionEnabled=false, nativeEvents=true, acceptSslCerts=true, locationContextEnabled=true, webStorageEnabled=true, browserName=chrome, takesScreenshot=true, javascriptEnabled=true, cssSelectorsEnabled=true, unexpectedAlertBehaviour=}]
Session ID: f363f21cc37c8da6de1e265d186579d4
	at sun.reflect.NativeConstructorAccessorImpl.newInstance0(Native Method)
	at sun.reflect.NativeConstructorAccessorImpl.newInstance(Unknown Source)
	at sun.reflect.DelegatingConstructorAccessorImpl.newInstance(Unknown Source)
	at java.lang.reflect.Constructor.newInstance(Unknown Source)
	at org.openqa.selenium.remote.ErrorHandler.createThrowable(ErrorHandler.java:216)
	at org.openqa.selenium.remote.ErrorHandler.throwIfResponseFailed(ErrorHandler.java:168)
	at org.openqa.selenium.remote.RemoteWebDriver.execute(RemoteWebDriver.java:635)
	at org.openqa.selenium.remote.RemoteWebElement.execute(RemoteWebElement.java:274)
	at org.openqa.selenium.remote.RemoteWebElement.click(RemoteWebElement.java:84)
	at webModule.Methods_Electricity_Meter_Initial_Risk_Assessment.addAbortValues(Methods_Electricity_Meter_Initial_Risk_Assessment.java:167)
	at automationTestCases.FLTY_2_Elec_Initial_Risk_Assessment_Page_Abort_Chrome.main(FLTY_2_Elec_Initial_Risk_Assessment_Page_Abort_Chrome.java:138)
	at sun.reflect.NativeMethodAccessorImpl.invoke0(Native Method)
	at sun.reflect.NativeMethodAccessorImpl.invoke(Unknown Source)
	at sun.reflect.DelegatingMethodAccessorImpl.invoke(Unknown Source)
	at java.lang.reflect.Method.invoke(Unknown Source)
	at org.testng.internal.MethodInvocationHelper.invokeMethod(MethodInvocationHelper.java:108)
	at org.testng.internal.Invoker.invokeMethod(Invoker.java:669)
	at org.testng.internal.Invoker.invokeTestMethod(Invoker.java:877)
	at org.testng.internal.Invoker.invokeTestMethods(Invoker.java:1201)
	at org.testng.internal.TestMethodWorker.invokeTestMethods(TestMethodWorker.java:125)
	at org.testng.internal.TestMethodWorker.run(TestMethodWorker.java:109)
	at org.testng.TestRunner.privateRun(TestRunner.java:776)
	at org.testng.TestRunner.run(TestRunner.java:634)
	at org.testng.SuiteRunner.runTest(SuiteRunner.java:425)
	at org.testng.SuiteRunner.runSequentially(SuiteRunner.java:420)
	at org.testng.SuiteRunner.privateRun(SuiteRunner.java:385)
	at org.testng.SuiteRunner.run(SuiteRunner.java:334)
	at org.testng.SuiteRunnerWorker.runSuite(SuiteRunnerWorker.java:52)
	at org.testng.SuiteRunnerWorker.run(SuiteRunnerWorker.java:86)
	at org.testng.TestNG.runSuitesSequentially(TestNG.java:1318)
	at org.testng.TestNG.runSuitesLocally(TestNG.java:1243)
	at org.testng.TestNG.runSuites(TestNG.java:1161)
	at org.testng.TestNG.run(TestNG.java:1129)
	at org.testng.remote.AbstractRemoteTestNG.run(AbstractRemoteTestNG.java:114)
	at org.testng.remote.RemoteTestNG.initAndRun(RemoteTestNG.java:251)
	at org.testng.remote.RemoteTestNG.main(RemoteTestNG.java:77)
</div></td></tr></tbody></table><p class="totop"><a href="file:///C:/MobilityAutomation/test-output/emailable-report.html#summary">back to summary</a></p>
<h3 id="m56">automationTestCases.FLTY_2_Elec_Risk_Assessment_Page_Abort_Chrome#main</h3><table class="result"><tbody><tr><th>Exception</th></tr><tr><td><div class="stacktrace">org.openqa.selenium.NoSuchSessionException: Session ID is null. Using WebDriver after calling quit()?
Build info: version: 'unknown', revision: '1969d75', time: '2016-10-18 09:45:56 -0700'
System info: host: 'MD1N0QGC', ip: '137.223.0.215', os.name: 'Windows 7', os.arch: 'amd64', os.version: '6.1', java.version: '1.8.0_131'
Driver info: driver.version: RemoteWebDriver
	at org.openqa.selenium.remote.HttpCommandExecutor.execute(HttpCommandExecutor.java:130)
	at org.openqa.selenium.remote.service.DriverCommandExecutor.execute(DriverCommandExecutor.java:82)
	at org.openqa.selenium.remote.RemoteWebDriver.execute(RemoteWebDriver.java:601)
	at org.openqa.selenium.remote.RemoteWebElement.execute(RemoteWebElement.java:274)
	at org.openqa.selenium.remote.RemoteWebElement.isDisplayed(RemoteWebElement.java:315)
	at automationTestCases.FLTY_2_Elec_Risk_Assessment_Page_Abort_Chrome.main(FLTY_2_Elec_Risk_Assessment_Page_Abort_Chrome.java:141)
	at sun.reflect.NativeMethodAccessorImpl.invoke0(Native Method)
	at sun.reflect.NativeMethodAccessorImpl.invoke(Unknown Source)
	at sun.reflect.DelegatingMethodAccessorImpl.invoke(Unknown Source)
	at java.lang.reflect.Method.invoke(Unknown Source)
	at org.testng.internal.MethodInvocationHelper.invokeMethod(MethodInvocationHelper.java:108)
	at org.testng.internal.Invoker.invokeMethod(Invoker.java:669)
	at org.testng.internal.Invoker.invokeTestMethod(Invoker.java:877)
	at org.testng.internal.Invoker.invokeTestMethods(Invoker.java:1201)
	at org.testng.internal.TestMethodWorker.invokeTestMethods(TestMethodWorker.java:125)
	at org.testng.internal.TestMethodWorker.run(TestMethodWorker.java:109)
	at org.testng.TestRunner.privateRun(TestRunner.java:776)
	at org.testng.TestRunner.run(TestRunner.java:634)
	at org.testng.SuiteRunner.runTest(SuiteRunner.java:425)
	at org.testng.SuiteRunner.runSequentially(SuiteRunner.java:420)
	at org.testng.SuiteRunner.privateRun(SuiteRunner.java:385)
	at org.testng.SuiteRunner.run(SuiteRunner.java:334)
	at org.testng.SuiteRunnerWorker.runSuite(SuiteRunnerWorker.java:52)
	at org.testng.SuiteRunnerWorker.run(SuiteRunnerWorker.java:86)
	at org.testng.TestNG.runSuitesSequentially(TestNG.java:1318)
	at org.testng.TestNG.runSuitesLocally(TestNG.java:1243)
	at org.testng.TestNG.runSuites(TestNG.java:1161)
	at org.testng.TestNG.run(TestNG.java:1129)
	at org.testng.remote.AbstractRemoteTestNG.run(AbstractRemoteTestNG.java:114)
	at org.testng.remote.RemoteTestNG.initAndRun(RemoteTestNG.java:251)
	at org.testng.remote.RemoteTestNG.main(RemoteTestNG.java:77)
</div></td></tr></tbody></table><p class="totop"><a href="file:///C:/MobilityAutomation/test-output/emailable-report.html#summary">back to summary</a></p>
<h3 id="m57">automationTestCases.FLTY_2_End_To_End_Chrome#main</h3><table class="result"><tbody><tr><th>Exception</th></tr><tr><td><div class="stacktrace">org.openqa.selenium.NoSuchSessionException: Session ID is null. Using WebDriver after calling quit()?
Build info: version: 'unknown', revision: '1969d75', time: '2016-10-18 09:45:56 -0700'
System info: host: 'MD1N0QGC', ip: '137.223.0.215', os.name: 'Windows 7', os.arch: 'amd64', os.version: '6.1', java.version: '1.8.0_131'
Driver info: driver.version: RemoteWebDriver
	at org.openqa.selenium.remote.HttpCommandExecutor.execute(HttpCommandExecutor.java:130)
	at org.openqa.selenium.remote.service.DriverCommandExecutor.execute(DriverCommandExecutor.java:82)
	at org.openqa.selenium.remote.RemoteWebDriver.execute(RemoteWebDriver.java:601)
	at org.openqa.selenium.remote.RemoteWebElement.execute(RemoteWebElement.java:274)
	at org.openqa.selenium.remote.RemoteWebElement.isDisplayed(RemoteWebElement.java:315)
	at automationTestCases.FLTY_2_End_To_End_Chrome.main(FLTY_2_End_To_End_Chrome.java:157)
	at sun.reflect.NativeMethodAccessorImpl.invoke0(Native Method)
	at sun.reflect.NativeMethodAccessorImpl.invoke(Unknown Source)
	at sun.reflect.DelegatingMethodAccessorImpl.invoke(Unknown Source)
	at java.lang.reflect.Method.invoke(Unknown Source)
	at org.testng.internal.MethodInvocationHelper.invokeMethod(MethodInvocationHelper.java:108)
	at org.testng.internal.Invoker.invokeMethod(Invoker.java:669)
	at org.testng.internal.Invoker.invokeTestMethod(Invoker.java:877)
	at org.testng.internal.Invoker.invokeTestMethods(Invoker.java:1201)
	at org.testng.internal.TestMethodWorker.invokeTestMethods(TestMethodWorker.java:125)
	at org.testng.internal.TestMethodWorker.run(TestMethodWorker.java:109)
	at org.testng.TestRunner.privateRun(TestRunner.java:776)
	at org.testng.TestRunner.run(TestRunner.java:634)
	at org.testng.SuiteRunner.runTest(SuiteRunner.java:425)
	at org.testng.SuiteRunner.runSequentially(SuiteRunner.java:420)
	at org.testng.SuiteRunner.privateRun(SuiteRunner.java:385)
	at org.testng.SuiteRunner.run(SuiteRunner.java:334)
	at org.testng.SuiteRunnerWorker.runSuite(SuiteRunnerWorker.java:52)
	at org.testng.SuiteRunnerWorker.run(SuiteRunnerWorker.java:86)
	at org.testng.TestNG.runSuitesSequentially(TestNG.java:1318)
	at org.testng.TestNG.runSuitesLocally(TestNG.java:1243)
	at org.testng.TestNG.runSuites(TestNG.java:1161)
	at org.testng.TestNG.run(TestNG.java:1129)
	at org.testng.remote.AbstractRemoteTestNG.run(AbstractRemoteTestNG.java:114)
	at org.testng.remote.RemoteTestNG.initAndRun(RemoteTestNG.java:251)
	at org.testng.remote.RemoteTestNG.main(RemoteTestNG.java:77)
</div></td></tr></tbody></table><p class="totop"><a href="file:///C:/MobilityAutomation/test-output/emailable-report.html#summary">back to summary</a></p>
<h3 id="m58">automationTestCases.INST_5_Appointment_Details_Page_Abort_No_Access_Chrome#main</h3><table class="result"><tbody><tr><th>Exception</th></tr><tr><td><div class="stacktrace">org.openqa.selenium.NoSuchSessionException: Session ID is null. Using WebDriver after calling quit()?
Build info: version: 'unknown', revision: '1969d75', time: '2016-10-18 09:45:56 -0700'
System info: host: 'MD1N0QGC', ip: '137.223.0.215', os.name: 'Windows 7', os.arch: 'amd64', os.version: '6.1', java.version: '1.8.0_131'
Driver info: driver.version: RemoteWebDriver
	at org.openqa.selenium.remote.HttpCommandExecutor.execute(HttpCommandExecutor.java:130)
	at org.openqa.selenium.remote.service.DriverCommandExecutor.execute(DriverCommandExecutor.java:82)
	at org.openqa.selenium.remote.RemoteWebDriver.execute(RemoteWebDriver.java:601)
	at org.openqa.selenium.remote.RemoteWebElement.execute(RemoteWebElement.java:274)
	at org.openqa.selenium.remote.RemoteWebElement.isDisplayed(RemoteWebElement.java:315)
	at automationTestCases.INST_5_Appointment_Details_Page_Abort_No_Access_Chrome.main(INST_5_Appointment_Details_Page_Abort_No_Access_Chrome.java:121)
	at sun.reflect.NativeMethodAccessorImpl.invoke0(Native Method)
	at sun.reflect.NativeMethodAccessorImpl.invoke(Unknown Source)
	at sun.reflect.DelegatingMethodAccessorImpl.invoke(Unknown Source)
	at java.lang.reflect.Method.invoke(Unknown Source)
	at org.testng.internal.MethodInvocationHelper.invokeMethod(MethodInvocationHelper.java:108)
	at org.testng.internal.Invoker.invokeMethod(Invoker.java:669)
	at org.testng.internal.Invoker.invokeTestMethod(Invoker.java:877)
	at org.testng.internal.Invoker.invokeTestMethods(Invoker.java:1201)
	at org.testng.internal.TestMethodWorker.invokeTestMethods(TestMethodWorker.java:125)
	at org.testng.internal.TestMethodWorker.run(TestMethodWorker.java:109)
	at org.testng.TestRunner.privateRun(TestRunner.java:776)
	at org.testng.TestRunner.run(TestRunner.java:634)
	at org.testng.SuiteRunner.runTest(SuiteRunner.java:425)
	at org.testng.SuiteRunner.runSequentially(SuiteRunner.java:420)
	at org.testng.SuiteRunner.privateRun(SuiteRunner.java:385)
	at org.testng.SuiteRunner.run(SuiteRunner.java:334)
	at org.testng.SuiteRunnerWorker.runSuite(SuiteRunnerWorker.java:52)
	at org.testng.SuiteRunnerWorker.run(SuiteRunnerWorker.java:86)
	at org.testng.TestNG.runSuitesSequentially(TestNG.java:1318)
	at org.testng.TestNG.runSuitesLocally(TestNG.java:1243)
	at org.testng.TestNG.runSuites(TestNG.java:1161)
	at org.testng.TestNG.run(TestNG.java:1129)
	at org.testng.remote.AbstractRemoteTestNG.run(AbstractRemoteTestNG.java:114)
	at org.testng.remote.RemoteTestNG.initAndRun(RemoteTestNG.java:251)
	at org.testng.remote.RemoteTestNG.main(RemoteTestNG.java:77)
</div></td></tr></tbody></table><p class="totop"><a href="file:///C:/MobilityAutomation/test-output/emailable-report.html#summary">back to summary</a></p>
<h3 id="m59">automationTestCases.INST_5_Elec_Initial_Polarity_Check_At_Meter_Page_Abort_Chrome#main</h3><table class="result"><tbody><tr><th>Exception</th></tr><tr><td><div class="stacktrace">java.lang.NullPointerException
	at automationTestCases.INST_5_Elec_Initial_Polarity_Check_At_Meter_Page_Abort_Chrome.main(INST_5_Elec_Initial_Polarity_Check_At_Meter_Page_Abort_Chrome.java:159)
	at sun.reflect.NativeMethodAccessorImpl.invoke0(Native Method)
	at sun.reflect.NativeMethodAccessorImpl.invoke(Unknown Source)
	at sun.reflect.DelegatingMethodAccessorImpl.invoke(Unknown Source)
	at java.lang.reflect.Method.invoke(Unknown Source)
	at org.testng.internal.MethodInvocationHelper.invokeMethod(MethodInvocationHelper.java:108)
	at org.testng.internal.Invoker.invokeMethod(Invoker.java:669)
	at org.testng.internal.Invoker.invokeTestMethod(Invoker.java:877)
	at org.testng.internal.Invoker.invokeTestMethods(Invoker.java:1201)
	at org.testng.internal.TestMethodWorker.invokeTestMethods(TestMethodWorker.java:125)
	at org.testng.internal.TestMethodWorker.run(TestMethodWorker.java:109)
	at org.testng.TestRunner.privateRun(TestRunner.java:776)
	at org.testng.TestRunner.run(TestRunner.java:634)
	at org.testng.SuiteRunner.runTest(SuiteRunner.java:425)
	at org.testng.SuiteRunner.runSequentially(SuiteRunner.java:420)
	at org.testng.SuiteRunner.privateRun(SuiteRunner.java:385)
	at org.testng.SuiteRunner.run(SuiteRunner.java:334)
	at org.testng.SuiteRunnerWorker.runSuite(SuiteRunnerWorker.java:52)
	at org.testng.SuiteRunnerWorker.run(SuiteRunnerWorker.java:86)
	at org.testng.TestNG.runSuitesSequentially(TestNG.java:1318)
	at org.testng.TestNG.runSuitesLocally(TestNG.java:1243)
	at org.testng.TestNG.runSuites(TestNG.java:1161)
	at org.testng.TestNG.run(TestNG.java:1129)
	at org.testng.remote.AbstractRemoteTestNG.run(AbstractRemoteTestNG.java:114)
	at org.testng.remote.RemoteTestNG.initAndRun(RemoteTestNG.java:251)
	at org.testng.remote.RemoteTestNG.main(RemoteTestNG.java:77)
</div></td></tr></tbody></table><p class="totop"><a href="file:///C:/MobilityAutomation/test-output/emailable-report.html#summary">back to summary</a></p>
<h3 id="m60">automationTestCases.INST_5_End_To_End_Chrome#main</h3><table class="result"><tbody><tr><th>Exception</th></tr><tr><td><div class="stacktrace">java.lang.NullPointerException
	at automationTestCases.INST_5_End_To_End_Chrome.main(INST_5_End_To_End_Chrome.java:167)
	at sun.reflect.NativeMethodAccessorImpl.invoke0(Native Method)
	at sun.reflect.NativeMethodAccessorImpl.invoke(Unknown Source)
	at sun.reflect.DelegatingMethodAccessorImpl.invoke(Unknown Source)
	at java.lang.reflect.Method.invoke(Unknown Source)
	at org.testng.internal.MethodInvocationHelper.invokeMethod(MethodInvocationHelper.java:108)
	at org.testng.internal.Invoker.invokeMethod(Invoker.java:669)
	at org.testng.internal.Invoker.invokeTestMethod(Invoker.java:877)
	at org.testng.internal.Invoker.invokeTestMethods(Invoker.java:1201)
	at org.testng.internal.TestMethodWorker.invokeTestMethods(TestMethodWorker.java:125)
	at org.testng.internal.TestMethodWorker.run(TestMethodWorker.java:109)
	at org.testng.TestRunner.privateRun(TestRunner.java:776)
	at org.testng.TestRunner.run(TestRunner.java:634)
	at org.testng.SuiteRunner.runTest(SuiteRunner.java:425)
	at org.testng.SuiteRunner.runSequentially(SuiteRunner.java:420)
	at org.testng.SuiteRunner.privateRun(SuiteRunner.java:385)
	at org.testng.SuiteRunner.run(SuiteRunner.java:334)
	at org.testng.SuiteRunnerWorker.runSuite(SuiteRunnerWorker.java:52)
	at org.testng.SuiteRunnerWorker.run(SuiteRunnerWorker.java:86)
	at org.testng.TestNG.runSuitesSequentially(TestNG.java:1318)
	at org.testng.TestNG.runSuitesLocally(TestNG.java:1243)
	at org.testng.TestNG.runSuites(TestNG.java:1161)
	at org.testng.TestNG.run(TestNG.java:1129)
	at org.testng.remote.AbstractRemoteTestNG.run(AbstractRemoteTestNG.java:114)
	at org.testng.remote.RemoteTestNG.initAndRun(RemoteTestNG.java:251)
	at org.testng.remote.RemoteTestNG.main(RemoteTestNG.java:77)
</div></td></tr></tbody></table><p class="totop"><a href="file:///C:/MobilityAutomation/test-output/emailable-report.html#summary">back to summary</a></p>
<h3 id="m61">automationTestCases.NMEX_5_Appointment_Details_Page_Abort_No_Access_Chrome#main</h3><table class="result"><tbody><tr><th>Exception</th></tr><tr><td><div class="stacktrace">org.openqa.selenium.NoSuchSessionException: Session ID is null. Using WebDriver after calling quit()?
Build info: version: 'unknown', revision: '1969d75', time: '2016-10-18 09:45:56 -0700'
System info: host: 'MD1N0QGC', ip: '137.223.0.215', os.name: 'Windows 7', os.arch: 'amd64', os.version: '6.1', java.version: '1.8.0_131'
Driver info: driver.version: RemoteWebDriver
	at org.openqa.selenium.remote.HttpCommandExecutor.execute(HttpCommandExecutor.java:130)
	at org.openqa.selenium.remote.service.DriverCommandExecutor.execute(DriverCommandExecutor.java:82)
	at org.openqa.selenium.remote.RemoteWebDriver.execute(RemoteWebDriver.java:601)
	at org.openqa.selenium.remote.RemoteWebElement.execute(RemoteWebElement.java:274)
	at org.openqa.selenium.remote.RemoteWebElement.isDisplayed(RemoteWebElement.java:315)
	at automationTestCases.NMEX_5_Appointment_Details_Page_Abort_No_Access_Chrome.main(NMEX_5_Appointment_Details_Page_Abort_No_Access_Chrome.java:121)
	at sun.reflect.NativeMethodAccessorImpl.invoke0(Native Method)
	at sun.reflect.NativeMethodAccessorImpl.invoke(Unknown Source)
	at sun.reflect.DelegatingMethodAccessorImpl.invoke(Unknown Source)
	at java.lang.reflect.Method.invoke(Unknown Source)
	at org.testng.internal.MethodInvocationHelper.invokeMethod(MethodInvocationHelper.java:108)
	at org.testng.internal.Invoker.invokeMethod(Invoker.java:669)
	at org.testng.internal.Invoker.invokeTestMethod(Invoker.java:877)
	at org.testng.internal.Invoker.invokeTestMethods(Invoker.java:1201)
	at org.testng.internal.TestMethodWorker.invokeTestMethods(TestMethodWorker.java:125)
	at org.testng.internal.TestMethodWorker.run(TestMethodWorker.java:109)
	at org.testng.TestRunner.privateRun(TestRunner.java:776)
	at org.testng.TestRunner.run(TestRunner.java:634)
	at org.testng.SuiteRunner.runTest(SuiteRunner.java:425)
	at org.testng.SuiteRunner.runSequentially(SuiteRunner.java:420)
	at org.testng.SuiteRunner.privateRun(SuiteRunner.java:385)
	at org.testng.SuiteRunner.run(SuiteRunner.java:334)
	at org.testng.SuiteRunnerWorker.runSuite(SuiteRunnerWorker.java:52)
	at org.testng.SuiteRunnerWorker.run(SuiteRunnerWorker.java:86)
	at org.testng.TestNG.runSuitesSequentially(TestNG.java:1318)
	at org.testng.TestNG.runSuitesLocally(TestNG.java:1243)
	at org.testng.TestNG.runSuites(TestNG.java:1161)
	at org.testng.TestNG.run(TestNG.java:1129)
	at org.testng.remote.AbstractRemoteTestNG.run(AbstractRemoteTestNG.java:114)
	at org.testng.remote.RemoteTestNG.initAndRun(RemoteTestNG.java:251)
	at org.testng.remote.RemoteTestNG.main(RemoteTestNG.java:77)
</div></td></tr></tbody></table><p class="totop"><a href="file:///C:/MobilityAutomation/test-output/emailable-report.html#summary">back to summary</a></p>
<h3 id="m62">automationTestCases.NMEX_5_Elec_Initial_Risk_Assessment_Page_Abort_Chrome#main</h3><table class="result"><tbody><tr><th>Exception</th></tr><tr><td><div class="stacktrace">org.openqa.selenium.ElementNotVisibleException: element not visible
  (Session info: chrome=60.0.3112.113)
  (Driver info: chromedriver=2.30.477700 (0057494ad8732195794a7b32078424f92a5fce41),platform=Windows NT 6.1.7601 SP1 x86_64) (WARNING: The server did not provide any stacktrace information)
Command duration or timeout: 51 milliseconds
Build info: version: 'unknown', revision: '1969d75', time: '2016-10-18 09:45:56 -0700'
System info: host: 'MD1N0QGC', ip: '137.223.0.215', os.name: 'Windows 7', os.arch: 'amd64', os.version: '6.1', java.version: '1.8.0_131'
Driver info: org.openqa.selenium.chrome.ChromeDriver
Capabilities [{applicationCacheEnabled=false, rotatable=false, mobileEmulationEnabled=false, networkConnectionEnabled=false, chrome={chromedriverVersion=2.30.477700 (0057494ad8732195794a7b32078424f92a5fce41), userDataDir=C:\Users\Z003TD~1.AD0\AppData\Local\Temp\scoped_dir35672_24522}, takesHeapSnapshot=true, pageLoadStrategy=normal, databaseEnabled=false, handlesAlerts=true, hasTouchScreen=false, version=60.0.3112.113, platform=XP, browserConnectionEnabled=false, nativeEvents=true, acceptSslCerts=true, locationContextEnabled=true, webStorageEnabled=true, browserName=chrome, takesScreenshot=true, javascriptEnabled=true, cssSelectorsEnabled=true, unexpectedAlertBehaviour=}]
Session ID: 10a4ebeaf7cdb9ba7106448bbf01abb0
	at sun.reflect.NativeConstructorAccessorImpl.newInstance0(Native Method)
	at sun.reflect.NativeConstructorAccessorImpl.newInstance(Unknown Source)
	at sun.reflect.DelegatingConstructorAccessorImpl.newInstance(Unknown Source)
	at java.lang.reflect.Constructor.newInstance(Unknown Source)
	at org.openqa.selenium.remote.ErrorHandler.createThrowable(ErrorHandler.java:216)
	at org.openqa.selenium.remote.ErrorHandler.throwIfResponseFailed(ErrorHandler.java:168)
	at org.openqa.selenium.remote.RemoteWebDriver.execute(RemoteWebDriver.java:635)
	at org.openqa.selenium.remote.RemoteWebElement.execute(RemoteWebElement.java:274)
	at org.openqa.selenium.remote.RemoteWebElement.click(RemoteWebElement.java:84)
	at webModule.Methods_Electricity_Meter_Initial_Risk_Assessment.addAbortValues(Methods_Electricity_Meter_Initial_Risk_Assessment.java:167)
	at automationTestCases.NMEX_5_Elec_Initial_Risk_Assessment_Page_Abort_Chrome.main(NMEX_5_Elec_Initial_Risk_Assessment_Page_Abort_Chrome.java:138)
	at sun.reflect.NativeMethodAccessorImpl.invoke0(Native Method)
	at sun.reflect.NativeMethodAccessorImpl.invoke(Unknown Source)
	at sun.reflect.DelegatingMethodAccessorImpl.invoke(Unknown Source)
	at java.lang.reflect.Method.invoke(Unknown Source)
	at org.testng.internal.MethodInvocationHelper.invokeMethod(MethodInvocationHelper.java:108)
	at org.testng.internal.Invoker.invokeMethod(Invoker.java:669)
	at org.testng.internal.Invoker.invokeTestMethod(Invoker.java:877)
	at org.testng.internal.Invoker.invokeTestMethods(Invoker.java:1201)
	at org.testng.internal.TestMethodWorker.invokeTestMethods(TestMethodWorker.java:125)
	at org.testng.internal.TestMethodWorker.run(TestMethodWorker.java:109)
	at org.testng.TestRunner.privateRun(TestRunner.java:776)
	at org.testng.TestRunner.run(TestRunner.java:634)
	at org.testng.SuiteRunner.runTest(SuiteRunner.java:425)
	at org.testng.SuiteRunner.runSequentially(SuiteRunner.java:420)
	at org.testng.SuiteRunner.privateRun(SuiteRunner.java:385)
	at org.testng.SuiteRunner.run(SuiteRunner.java:334)
	at org.testng.SuiteRunnerWorker.runSuite(SuiteRunnerWorker.java:52)
	at org.testng.SuiteRunnerWorker.run(SuiteRunnerWorker.java:86)
	at org.testng.TestNG.runSuitesSequentially(TestNG.java:1318)
	at org.testng.TestNG.runSuitesLocally(TestNG.java:1243)
	at org.testng.TestNG.runSuites(TestNG.java:1161)
	at org.testng.TestNG.run(TestNG.java:1129)
	at org.testng.remote.AbstractRemoteTestNG.run(AbstractRemoteTestNG.java:114)
	at org.testng.remote.RemoteTestNG.initAndRun(RemoteTestNG.java:251)
	at org.testng.remote.RemoteTestNG.main(RemoteTestNG.java:77)
</div></td></tr></tbody></table><p class="totop"><a href="file:///C:/MobilityAutomation/test-output/emailable-report.html#summary">back to summary</a></p>
<h3 id="m63">automationTestCases.NMEX_5_Elec_Risk_Assessment_Page_Abort_Chrome#main</h3><table class="result"><tbody><tr><th>Exception</th></tr><tr><td><div class="stacktrace">org.openqa.selenium.NoSuchSessionException: Session ID is null. Using WebDriver after calling quit()?
Build info: version: 'unknown', revision: '1969d75', time: '2016-10-18 09:45:56 -0700'
System info: host: 'MD1N0QGC', ip: '137.223.0.215', os.name: 'Windows 7', os.arch: 'amd64', os.version: '6.1', java.version: '1.8.0_131'
Driver info: driver.version: RemoteWebDriver
	at org.openqa.selenium.remote.HttpCommandExecutor.execute(HttpCommandExecutor.java:130)
	at org.openqa.selenium.remote.service.DriverCommandExecutor.execute(DriverCommandExecutor.java:82)
	at org.openqa.selenium.remote.RemoteWebDriver.execute(RemoteWebDriver.java:601)
	at org.openqa.selenium.remote.RemoteWebElement.execute(RemoteWebElement.java:274)
	at org.openqa.selenium.remote.RemoteWebElement.isDisplayed(RemoteWebElement.java:315)
	at automationTestCases.NMEX_5_Elec_Risk_Assessment_Page_Abort_Chrome.main(NMEX_5_Elec_Risk_Assessment_Page_Abort_Chrome.java:141)
	at sun.reflect.NativeMethodAccessorImpl.invoke0(Native Method)
	at sun.reflect.NativeMethodAccessorImpl.invoke(Unknown Source)
	at sun.reflect.DelegatingMethodAccessorImpl.invoke(Unknown Source)
	at java.lang.reflect.Method.invoke(Unknown Source)
	at org.testng.internal.MethodInvocationHelper.invokeMethod(MethodInvocationHelper.java:108)
	at org.testng.internal.Invoker.invokeMethod(Invoker.java:669)
	at org.testng.internal.Invoker.invokeTestMethod(Invoker.java:877)
	at org.testng.internal.Invoker.invokeTestMethods(Invoker.java:1201)
	at org.testng.internal.TestMethodWorker.invokeTestMethods(TestMethodWorker.java:125)
	at org.testng.internal.TestMethodWorker.run(TestMethodWorker.java:109)
	at org.testng.TestRunner.privateRun(TestRunner.java:776)
	at org.testng.TestRunner.run(TestRunner.java:634)
	at org.testng.SuiteRunner.runTest(SuiteRunner.java:425)
	at org.testng.SuiteRunner.runSequentially(SuiteRunner.java:420)
	at org.testng.SuiteRunner.privateRun(SuiteRunner.java:385)
	at org.testng.SuiteRunner.run(SuiteRunner.java:334)
	at org.testng.SuiteRunnerWorker.runSuite(SuiteRunnerWorker.java:52)
	at org.testng.SuiteRunnerWorker.run(SuiteRunnerWorker.java:86)
	at org.testng.TestNG.runSuitesSequentially(TestNG.java:1318)
	at org.testng.TestNG.runSuitesLocally(TestNG.java:1243)
	at org.testng.TestNG.runSuites(TestNG.java:1161)
	at org.testng.TestNG.run(TestNG.java:1129)
	at org.testng.remote.AbstractRemoteTestNG.run(AbstractRemoteTestNG.java:114)
	at org.testng.remote.RemoteTestNG.initAndRun(RemoteTestNG.java:251)
	at org.testng.remote.RemoteTestNG.main(RemoteTestNG.java:77)
</div></td></tr></tbody></table><p class="totop"><a href="file:///C:/MobilityAutomation/test-output/emailable-report.html#summary">back to summary</a></p>
<h3 id="m64">automationTestCases.NMEX_5_End_To_End_Chrome#main</h3><table class="result"><tbody><tr><th>Exception</th></tr><tr><td><div class="stacktrace">org.openqa.selenium.NoSuchSessionException: Session ID is null. Using WebDriver after calling quit()?
Build info: version: 'unknown', revision: '1969d75', time: '2016-10-18 09:45:56 -0700'
System info: host: 'MD1N0QGC', ip: '137.223.0.215', os.name: 'Windows 7', os.arch: 'amd64', os.version: '6.1', java.version: '1.8.0_131'
Driver info: driver.version: RemoteWebDriver
	at org.openqa.selenium.remote.HttpCommandExecutor.execute(HttpCommandExecutor.java:130)
	at org.openqa.selenium.remote.service.DriverCommandExecutor.execute(DriverCommandExecutor.java:82)
	at org.openqa.selenium.remote.RemoteWebDriver.execute(RemoteWebDriver.java:601)
	at org.openqa.selenium.remote.RemoteWebElement.execute(RemoteWebElement.java:274)
	at org.openqa.selenium.remote.RemoteWebElement.isDisplayed(RemoteWebElement.java:315)
	at automationTestCases.NMEX_5_End_To_End_Chrome.main(NMEX_5_End_To_End_Chrome.java:147)
	at sun.reflect.NativeMethodAccessorImpl.invoke0(Native Method)
	at sun.reflect.NativeMethodAccessorImpl.invoke(Unknown Source)
	at sun.reflect.DelegatingMethodAccessorImpl.invoke(Unknown Source)
	at java.lang.reflect.Method.invoke(Unknown Source)
	at org.testng.internal.MethodInvocationHelper.invokeMethod(MethodInvocationHelper.java:108)
	at org.testng.internal.Invoker.invokeMethod(Invoker.java:669)
	at org.testng.internal.Invoker.invokeTestMethod(Invoker.java:877)
	at org.testng.internal.Invoker.invokeTestMethods(Invoker.java:1201)
	at org.testng.internal.TestMethodWorker.invokeTestMethods(TestMethodWorker.java:125)
	at org.testng.internal.TestMethodWorker.run(TestMethodWorker.java:109)
	at org.testng.TestRunner.privateRun(TestRunner.java:776)
	at org.testng.TestRunner.run(TestRunner.java:634)
	at org.testng.SuiteRunner.runTest(SuiteRunner.java:425)
	at org.testng.SuiteRunner.runSequentially(SuiteRunner.java:420)
	at org.testng.SuiteRunner.privateRun(SuiteRunner.java:385)
	at org.testng.SuiteRunner.run(SuiteRunner.java:334)
	at org.testng.SuiteRunnerWorker.runSuite(SuiteRunnerWorker.java:52)
	at org.testng.SuiteRunnerWorker.run(SuiteRunnerWorker.java:86)
	at org.testng.TestNG.runSuitesSequentially(TestNG.java:1318)
	at org.testng.TestNG.runSuitesLocally(TestNG.java:1243)
	at org.testng.TestNG.runSuites(TestNG.java:1161)
	at org.testng.TestNG.run(TestNG.java:1129)
	at org.testng.remote.AbstractRemoteTestNG.run(AbstractRemoteTestNG.java:114)
	at org.testng.remote.RemoteTestNG.initAndRun(RemoteTestNG.java:251)
	at org.testng.remote.RemoteTestNG.main(RemoteTestNG.java:77)
</div></td></tr></tbody></table><p class="totop"><a href="file:///C:/MobilityAutomation/test-output/emailable-report.html#summary">back to summary</a></p>
<h3 id="m65">automationTestCases.RMVE_1_Appointment_Details_Page_Abort_No_Access_Chrome#main</h3><table class="result"><tbody><tr><th>Exception</th></tr><tr><td><div class="stacktrace">org.openqa.selenium.NoSuchSessionException: Session ID is null. Using WebDriver after calling quit()?
Build info: version: 'unknown', revision: '1969d75', time: '2016-10-18 09:45:56 -0700'
System info: host: 'MD1N0QGC', ip: '137.223.0.215', os.name: 'Windows 7', os.arch: 'amd64', os.version: '6.1', java.version: '1.8.0_131'
Driver info: driver.version: RemoteWebDriver
	at org.openqa.selenium.remote.HttpCommandExecutor.execute(HttpCommandExecutor.java:130)
	at org.openqa.selenium.remote.service.DriverCommandExecutor.execute(DriverCommandExecutor.java:82)
	at org.openqa.selenium.remote.RemoteWebDriver.execute(RemoteWebDriver.java:601)
	at org.openqa.selenium.remote.RemoteWebElement.execute(RemoteWebElement.java:274)
	at org.openqa.selenium.remote.RemoteWebElement.isDisplayed(RemoteWebElement.java:315)
	at automationTestCases.RMVE_1_Appointment_Details_Page_Abort_No_Access_Chrome.main(RMVE_1_Appointment_Details_Page_Abort_No_Access_Chrome.java:121)
	at sun.reflect.NativeMethodAccessorImpl.invoke0(Native Method)
	at sun.reflect.NativeMethodAccessorImpl.invoke(Unknown Source)
	at sun.reflect.DelegatingMethodAccessorImpl.invoke(Unknown Source)
	at java.lang.reflect.Method.invoke(Unknown Source)
	at org.testng.internal.MethodInvocationHelper.invokeMethod(MethodInvocationHelper.java:108)
	at org.testng.internal.Invoker.invokeMethod(Invoker.java:669)
	at org.testng.internal.Invoker.invokeTestMethod(Invoker.java:877)
	at org.testng.internal.Invoker.invokeTestMethods(Invoker.java:1201)
	at org.testng.internal.TestMethodWorker.invokeTestMethods(TestMethodWorker.java:125)
	at org.testng.internal.TestMethodWorker.run(TestMethodWorker.java:109)
	at org.testng.TestRunner.privateRun(TestRunner.java:776)
	at org.testng.TestRunner.run(TestRunner.java:634)
	at org.testng.SuiteRunner.runTest(SuiteRunner.java:425)
	at org.testng.SuiteRunner.runSequentially(SuiteRunner.java:420)
	at org.testng.SuiteRunner.privateRun(SuiteRunner.java:385)
	at org.testng.SuiteRunner.run(SuiteRunner.java:334)
	at org.testng.SuiteRunnerWorker.runSuite(SuiteRunnerWorker.java:52)
	at org.testng.SuiteRunnerWorker.run(SuiteRunnerWorker.java:86)
	at org.testng.TestNG.runSuitesSequentially(TestNG.java:1318)
	at org.testng.TestNG.runSuitesLocally(TestNG.java:1243)
	at org.testng.TestNG.runSuites(TestNG.java:1161)
	at org.testng.TestNG.run(TestNG.java:1129)
	at org.testng.remote.AbstractRemoteTestNG.run(AbstractRemoteTestNG.java:114)
	at org.testng.remote.RemoteTestNG.initAndRun(RemoteTestNG.java:251)
	at org.testng.remote.RemoteTestNG.main(RemoteTestNG.java:77)
</div></td></tr></tbody></table><p class="totop"><a href="file:///C:/MobilityAutomation/test-output/emailable-report.html#summary">back to summary</a></p>
<h3 id="m66">automationTestCases.RMVE_1_End_To_End_Chrome#main</h3><table class="result"><tbody><tr><th>Exception</th></tr><tr><td><div class="stacktrace">java.lang.NullPointerException
	at automationTestCases.RMVE_1_End_To_End_Chrome.main(RMVE_1_End_To_End_Chrome.java:140)
	at sun.reflect.NativeMethodAccessorImpl.invoke0(Native Method)
	at sun.reflect.NativeMethodAccessorImpl.invoke(Unknown Source)
	at sun.reflect.DelegatingMethodAccessorImpl.invoke(Unknown Source)
	at java.lang.reflect.Method.invoke(Unknown Source)
	at org.testng.internal.MethodInvocationHelper.invokeMethod(MethodInvocationHelper.java:108)
	at org.testng.internal.Invoker.invokeMethod(Invoker.java:669)
	at org.testng.internal.Invoker.invokeTestMethod(Invoker.java:877)
	at org.testng.internal.Invoker.invokeTestMethods(Invoker.java:1201)
	at org.testng.internal.TestMethodWorker.invokeTestMethods(TestMethodWorker.java:125)
	at org.testng.internal.TestMethodWorker.run(TestMethodWorker.java:109)
	at org.testng.TestRunner.privateRun(TestRunner.java:776)
	at org.testng.TestRunner.run(TestRunner.java:634)
	at org.testng.SuiteRunner.runTest(SuiteRunner.java:425)
	at org.testng.SuiteRunner.runSequentially(SuiteRunner.java:420)
	at org.testng.SuiteRunner.privateRun(SuiteRunner.java:385)
	at org.testng.SuiteRunner.run(SuiteRunner.java:334)
	at org.testng.SuiteRunnerWorker.runSuite(SuiteRunnerWorker.java:52)
	at org.testng.SuiteRunnerWorker.run(SuiteRunnerWorker.java:86)
	at org.testng.TestNG.runSuitesSequentially(TestNG.java:1318)
	at org.testng.TestNG.runSuitesLocally(TestNG.java:1243)
	at org.testng.TestNG.runSuites(TestNG.java:1161)
	at org.testng.TestNG.run(TestNG.java:1129)
	at org.testng.remote.AbstractRemoteTestNG.run(AbstractRemoteTestNG.java:114)
	at org.testng.remote.RemoteTestNG.initAndRun(RemoteTestNG.java:251)
	at org.testng.remote.RemoteTestNG.main(RemoteTestNG.java:77)
</div></td></tr></tbody></table><p class="totop"><a href="file:///C:/MobilityAutomation/test-output/emailable-report.html#summary">back to summary</a></p>
<h3 id="m67">automationTestCases.RMVE_1_Gas_Meter_Initial_Risk_Assessment_Gas_Abort_Chrome#main</h3><table class="result"><tbody><tr><th>Exception</th></tr><tr><td><div class="stacktrace">java.lang.NullPointerException
	at automationTestCases.RMVE_1_Gas_Meter_Initial_Risk_Assessment_Gas_Abort_Chrome.main(RMVE_1_Gas_Meter_Initial_Risk_Assessment_Gas_Abort_Chrome.java:134)
	at sun.reflect.NativeMethodAccessorImpl.invoke0(Native Method)
	at sun.reflect.NativeMethodAccessorImpl.invoke(Unknown Source)
	at sun.reflect.DelegatingMethodAccessorImpl.invoke(Unknown Source)
	at java.lang.reflect.Method.invoke(Unknown Source)
	at org.testng.internal.MethodInvocationHelper.invokeMethod(MethodInvocationHelper.java:108)
	at org.testng.internal.Invoker.invokeMethod(Invoker.java:669)
	at org.testng.internal.Invoker.invokeTestMethod(Invoker.java:877)
	at org.testng.internal.Invoker.invokeTestMethods(Invoker.java:1201)
	at org.testng.internal.TestMethodWorker.invokeTestMethods(TestMethodWorker.java:125)
	at org.testng.internal.TestMethodWorker.run(TestMethodWorker.java:109)
	at org.testng.TestRunner.privateRun(TestRunner.java:776)
	at org.testng.TestRunner.run(TestRunner.java:634)
	at org.testng.SuiteRunner.runTest(SuiteRunner.java:425)
	at org.testng.SuiteRunner.runSequentially(SuiteRunner.java:420)
	at org.testng.SuiteRunner.privateRun(SuiteRunner.java:385)
	at org.testng.SuiteRunner.run(SuiteRunner.java:334)
	at org.testng.SuiteRunnerWorker.runSuite(SuiteRunnerWorker.java:52)
	at org.testng.SuiteRunnerWorker.run(SuiteRunnerWorker.java:86)
	at org.testng.TestNG.runSuitesSequentially(TestNG.java:1318)
	at org.testng.TestNG.runSuitesLocally(TestNG.java:1243)
	at org.testng.TestNG.runSuites(TestNG.java:1161)
	at org.testng.TestNG.run(TestNG.java:1129)
	at org.testng.remote.AbstractRemoteTestNG.run(AbstractRemoteTestNG.java:114)
	at org.testng.remote.RemoteTestNG.initAndRun(RemoteTestNG.java:251)
	at org.testng.remote.RemoteTestNG.main(RemoteTestNG.java:77)
</div></td></tr></tbody></table><p class="totop"><a href="file:///C:/MobilityAutomation/test-output/emailable-report.html#summary">back to summary</a></p>
<h3 id="m68">automationTestCases.RMVE_1_Gas_Risk_Assessment_Gas_Abort_Low_Pressure_Chrome#main</h3><table class="result"><tbody><tr><th>Exception</th></tr><tr><td><div class="stacktrace">java.lang.NullPointerException
	at automationTestCases.RMVE_1_Gas_Risk_Assessment_Gas_Abort_Low_Pressure_Chrome.main(RMVE_1_Gas_Risk_Assessment_Gas_Abort_Low_Pressure_Chrome.java:135)
	at sun.reflect.NativeMethodAccessorImpl.invoke0(Native Method)
	at sun.reflect.NativeMethodAccessorImpl.invoke(Unknown Source)
	at sun.reflect.DelegatingMethodAccessorImpl.invoke(Unknown Source)
	at java.lang.reflect.Method.invoke(Unknown Source)
	at org.testng.internal.MethodInvocationHelper.invokeMethod(MethodInvocationHelper.java:108)
	at org.testng.internal.Invoker.invokeMethod(Invoker.java:669)
	at org.testng.internal.Invoker.invokeTestMethod(Invoker.java:877)
	at org.testng.internal.Invoker.invokeTestMethods(Invoker.java:1201)
	at org.testng.internal.TestMethodWorker.invokeTestMethods(TestMethodWorker.java:125)
	at org.testng.internal.TestMethodWorker.run(TestMethodWorker.java:109)
	at org.testng.TestRunner.privateRun(TestRunner.java:776)
	at org.testng.TestRunner.run(TestRunner.java:634)
	at org.testng.SuiteRunner.runTest(SuiteRunner.java:425)
	at org.testng.SuiteRunner.runSequentially(SuiteRunner.java:420)
	at org.testng.SuiteRunner.privateRun(SuiteRunner.java:385)
	at org.testng.SuiteRunner.run(SuiteRunner.java:334)
	at org.testng.SuiteRunnerWorker.runSuite(SuiteRunnerWorker.java:52)
	at org.testng.SuiteRunnerWorker.run(SuiteRunnerWorker.java:86)
	at org.testng.TestNG.runSuitesSequentially(TestNG.java:1318)
	at org.testng.TestNG.runSuitesLocally(TestNG.java:1243)
	at org.testng.TestNG.runSuites(TestNG.java:1161)
	at org.testng.TestNG.run(TestNG.java:1129)
	at org.testng.remote.AbstractRemoteTestNG.run(AbstractRemoteTestNG.java:114)
	at org.testng.remote.RemoteTestNG.initAndRun(RemoteTestNG.java:251)
	at org.testng.remote.RemoteTestNG.main(RemoteTestNG.java:77)
</div></td></tr></tbody></table><p class="totop"><a href="file:///C:/MobilityAutomation/test-output/emailable-report.html#summary">back to summary</a></p>
<h3 id="m69">automationTestCases.RMVE_1_Gas_Risk_Assessment_Gas_Abort_Med_Pressure_Chrome#main</h3><table class="result"><tbody><tr><th>Exception</th></tr><tr><td><div class="stacktrace">java.lang.NullPointerException
	at automationTestCases.RMVE_1_Gas_Risk_Assessment_Gas_Abort_Med_Pressure_Chrome.main(RMVE_1_Gas_Risk_Assessment_Gas_Abort_Med_Pressure_Chrome.java:135)
	at sun.reflect.NativeMethodAccessorImpl.invoke0(Native Method)
	at sun.reflect.NativeMethodAccessorImpl.invoke(Unknown Source)
	at sun.reflect.DelegatingMethodAccessorImpl.invoke(Unknown Source)
	at java.lang.reflect.Method.invoke(Unknown Source)
	at org.testng.internal.MethodInvocationHelper.invokeMethod(MethodInvocationHelper.java:108)
	at org.testng.internal.Invoker.invokeMethod(Invoker.java:669)
	at org.testng.internal.Invoker.invokeTestMethod(Invoker.java:877)
	at org.testng.internal.Invoker.invokeTestMethods(Invoker.java:1201)
	at org.testng.internal.TestMethodWorker.invokeTestMethods(TestMethodWorker.java:125)
	at org.testng.internal.TestMethodWorker.run(TestMethodWorker.java:109)
	at org.testng.TestRunner.privateRun(TestRunner.java:776)
	at org.testng.TestRunner.run(TestRunner.java:634)
	at org.testng.SuiteRunner.runTest(SuiteRunner.java:425)
	at org.testng.SuiteRunner.runSequentially(SuiteRunner.java:420)
	at org.testng.SuiteRunner.privateRun(SuiteRunner.java:385)
	at org.testng.SuiteRunner.run(SuiteRunner.java:334)
	at org.testng.SuiteRunnerWorker.runSuite(SuiteRunnerWorker.java:52)
	at org.testng.SuiteRunnerWorker.run(SuiteRunnerWorker.java:86)
	at org.testng.TestNG.runSuitesSequentially(TestNG.java:1318)
	at org.testng.TestNG.runSuitesLocally(TestNG.java:1243)
	at org.testng.TestNG.runSuites(TestNG.java:1161)
	at org.testng.TestNG.run(TestNG.java:1129)
	at org.testng.remote.AbstractRemoteTestNG.run(AbstractRemoteTestNG.java:114)
	at org.testng.remote.RemoteTestNG.initAndRun(RemoteTestNG.java:251)
	at org.testng.remote.RemoteTestNG.main(RemoteTestNG.java:77)
</div></td></tr></tbody></table><p class="totop"><a href="file:///C:/MobilityAutomation/test-output/emailable-report.html#summary">back to summary</a></p>
<h3 id="m70">automationTestCases.Exchange_9_Gas_Initial_Risk_Assessment_Gas_Abort_Chrome#afterMethod</h3><table class="result"><tbody><tr><th class="invisible"></th></tr></tbody></table><p class="totop"><a href="file:///C:/MobilityAutomation/test-output/emailable-report.html#summary">back to summary</a></p>
<h3 id="m71">automationTestCases.Exchange_9_Gas_Initial_Risk_Assessment_Gas_Abort_Chrome#main</h3><table class="result"><tbody><tr><th>Exception</th></tr><tr><td><div class="stacktrace">org.openqa.selenium.NoSuchSessionException: Session ID is null. Using WebDriver after calling quit()?
Build info: version: 'unknown', revision: '1969d75', time: '2016-10-18 09:45:56 -0700'
System info: host: 'MD1N0QGC', ip: '137.223.0.215', os.name: 'Windows 7', os.arch: 'amd64', os.version: '6.1', java.version: '1.8.0_131'
Driver info: driver.version: RemoteWebDriver
	at org.openqa.selenium.remote.HttpCommandExecutor.execute(HttpCommandExecutor.java:130)
	at org.openqa.selenium.remote.service.DriverCommandExecutor.execute(DriverCommandExecutor.java:82)
	at org.openqa.selenium.remote.RemoteWebDriver.execute(RemoteWebDriver.java:601)
	at org.openqa.selenium.remote.RemoteWebElement.execute(RemoteWebElement.java:274)
	at org.openqa.selenium.remote.RemoteWebElement.isDisplayed(RemoteWebElement.java:315)
	at automationTestCases.Exchange_9_Gas_Initial_Risk_Assessment_Gas_Abort_Chrome.beforeMethod(Exchange_9_Gas_Initial_Risk_Assessment_Gas_Abort_Chrome.java:82)
	at sun.reflect.NativeMethodAccessorImpl.invoke0(Native Method)
	at sun.reflect.NativeMethodAccessorImpl.invoke(Unknown Source)
	at sun.reflect.DelegatingMethodAccessorImpl.invoke(Unknown Source)
	at java.lang.reflect.Method.invoke(Unknown Source)
	at org.testng.internal.MethodInvocationHelper.invokeMethod(MethodInvocationHelper.java:108)
	at org.testng.internal.Invoker.invokeConfigurationMethod(Invoker.java:523)
	at org.testng.internal.Invoker.invokeConfigurations(Invoker.java:224)
	at org.testng.internal.Invoker.invokeMethod(Invoker.java:599)
	at org.testng.internal.Invoker.invokeTestMethod(Invoker.java:877)
	at org.testng.internal.Invoker.invokeTestMethods(Invoker.java:1201)
	at org.testng.internal.TestMethodWorker.invokeTestMethods(TestMethodWorker.java:125)
	at org.testng.internal.TestMethodWorker.run(TestMethodWorker.java:109)
	at org.testng.TestRunner.privateRun(TestRunner.java:776)
	at org.testng.TestRunner.run(TestRunner.java:634)
	at org.testng.SuiteRunner.runTest(SuiteRunner.java:425)
	at org.testng.SuiteRunner.runSequentially(SuiteRunner.java:420)
	at org.testng.SuiteRunner.privateRun(SuiteRunner.java:385)
	at org.testng.SuiteRunner.run(SuiteRunner.java:334)
	at org.testng.SuiteRunnerWorker.runSuite(SuiteRunnerWorker.java:52)
	at org.testng.SuiteRunnerWorker.run(SuiteRunnerWorker.java:86)
	at org.testng.TestNG.runSuitesSequentially(TestNG.java:1318)
	at org.testng.TestNG.runSuitesLocally(TestNG.java:1243)
	at org.testng.TestNG.runSuites(TestNG.java:1161)
	at org.testng.TestNG.run(TestNG.java:1129)
	at org.testng.remote.AbstractRemoteTestNG.run(AbstractRemoteTestNG.java:114)
	at org.testng.remote.RemoteTestNG.initAndRun(RemoteTestNG.java:251)
	at org.testng.remote.RemoteTestNG.main(RemoteTestNG.java:77)
</div></td></tr></tbody></table><p class="totop"><a href="file:///C:/MobilityAutomation/test-output/emailable-report.html#summary">back to summary</a></p>
<h3 id="m72">automationTestCases.Asset_Management_Add_Assets_Chrome#main</h3><table class="result"><tbody><tr><th class="invisible"></th></tr></tbody></table><p class="totop"><a href="file:///C:/MobilityAutomation/test-output/emailable-report.html#summary">back to summary</a></p>
<h3 id="m73">automationTestCases.Asset_Management_Stock_Take_Chrome#main</h3><table class="result"><tbody><tr><th class="invisible"></th></tr></tbody></table><p class="totop"><a href="file:///C:/MobilityAutomation/test-output/emailable-report.html#summary">back to summary</a></p>
<h3 id="m74">automationTestCases.Exchange_11_Doorstep_Protocol_Page_Abort_Doorstep_Procedure_Fail_Chrome#main</h3><table class="result"><tbody><tr><th class="invisible"></th></tr></tbody></table><p class="totop"><a href="file:///C:/MobilityAutomation/test-output/emailable-report.html#summary">back to summary</a></p>
<h3 id="m75">automationTestCases.Exchange_11_Elec_Initial_Risk_Assessment_Page_Abort_Chrome#main</h3><table class="result"><tbody><tr><th class="invisible"></th></tr></tbody></table><p class="totop"><a href="file:///C:/MobilityAutomation/test-output/emailable-report.html#summary">back to summary</a></p>
<h3 id="m76">automationTestCases.Exchange_11_Elec_Risk_Assessment_Page_Abort_Chrome#main</h3><table class="result"><tbody><tr><th class="invisible"></th></tr></tbody></table><p class="totop"><a href="file:///C:/MobilityAutomation/test-output/emailable-report.html#summary">back to summary</a></p>
<h3 id="m77">automationTestCases.Exchange_1_Doorstep_Protocol_Page_Abort_Doorstep_Procedure_Fail_Chrome#main</h3><table class="result"><tbody><tr><th class="invisible"></th></tr></tbody></table><p class="totop"><a href="file:///C:/MobilityAutomation/test-output/emailable-report.html#summary">back to summary</a></p>
<h3 id="m78">automationTestCases.Exchange_2_Doorstep_Protocol_Page_Abort_Doorstep_Procedure_Fail_Chrome#main</h3><table class="result"><tbody><tr><th class="invisible"></th></tr></tbody></table><p class="totop"><a href="file:///C:/MobilityAutomation/test-output/emailable-report.html#summary">back to summary</a></p>
<h3 id="m79">automationTestCases.Exchange_2_Elec_Initial_Risk_Assessment_Page_Abort_Chrome#main</h3><table class="result"><tbody><tr><th class="invisible"></th></tr></tbody></table><p class="totop"><a href="file:///C:/MobilityAutomation/test-output/emailable-report.html#summary">back to summary</a></p>
<h3 id="m80">automationTestCases.Exchange_2_Elec_Risk_Assessment_Page_Abort_Chrome#main</h3><table class="result"><tbody><tr><th class="invisible"></th></tr></tbody></table><p class="totop"><a href="file:///C:/MobilityAutomation/test-output/emailable-report.html#summary">back to summary</a></p>
<h3 id="m81">automationTestCases.Exchange_3_Doorstep_Protocol_Page_Abort_Doorstep_Procedure_Fail_Chrome#main</h3><table class="result"><tbody><tr><th class="invisible"></th></tr></tbody></table><p class="totop"><a href="file:///C:/MobilityAutomation/test-output/emailable-report.html#summary">back to summary</a></p>
<h3 id="m82">automationTestCases.Exchange_3_Elec_Initial_Risk_Assessment_Page_Abort_Chrome#main</h3><table class="result"><tbody><tr><th class="invisible"></th></tr></tbody></table><p class="totop"><a href="file:///C:/MobilityAutomation/test-output/emailable-report.html#summary">back to summary</a></p>
<h3 id="m83">automationTestCases.Exchange_3_Elec_Risk_Assessment_Page_Abort_Chrome#main</h3><table class="result"><tbody><tr><th class="invisible"></th></tr></tbody></table><p class="totop"><a href="file:///C:/MobilityAutomation/test-output/emailable-report.html#summary">back to summary</a></p>
<h3 id="m84">automationTestCases.Exchange_3_Elec_Suitable_For_Smart_Installation_Page_Abort_Chrome#main</h3><table class="result"><tbody><tr><th class="invisible"></th></tr></tbody></table><p class="totop"><a href="file:///C:/MobilityAutomation/test-output/emailable-report.html#summary">back to summary</a></p>
<h3 id="m85">automationTestCases.Exchange_3_Return_To_Appointments_List_Page_From_Appointment_Details_Page_Chrome#main</h3><table class="result"><tbody><tr><th class="invisible"></th></tr></tbody></table><p class="totop"><a href="file:///C:/MobilityAutomation/test-output/emailable-report.html#summary">back to summary</a></p>
<h3 id="m86">automationTestCases.Exchange_5_Elec_Risk_Assessment_Page_Abort_Chrome#main</h3><table class="result"><tbody><tr><th class="invisible"></th></tr></tbody></table><p class="totop"><a href="file:///C:/MobilityAutomation/test-output/emailable-report.html#summary">back to summary</a></p>
<h3 id="m87">automationTestCases.Exchange_9_Doorstep_Protocol_Page_Abort_Doorstep_Procedure_Fail_Chrome#main</h3><table class="result"><tbody><tr><th class="invisible"></th></tr></tbody></table><p class="totop"><a href="file:///C:/MobilityAutomation/test-output/emailable-report.html#summary">back to summary</a></p>
<h3 id="m88">automationTestCases.Exchange_9_Elec_Initial_Risk_Assessment_Page_Abort_Chrome#main</h3><table class="result"><tbody><tr><th class="invisible"></th></tr></tbody></table><p class="totop"><a href="file:///C:/MobilityAutomation/test-output/emailable-report.html#summary">back to summary</a></p>
<h3 id="m89">automationTestCases.Exchange_9_Elec_Risk_Assessment_Page_Abort_Chrome#main</h3><table class="result"><tbody><tr><th class="invisible"></th></tr></tbody></table><p class="totop"><a href="file:///C:/MobilityAutomation/test-output/emailable-report.html#summary">back to summary</a></p>
<h3 id="m90">automationTestCases.FLTY_17_Doorstep_Protocol_Page_Abort_Doorstep_Procedure_Fail_Chrome#main</h3><table class="result"><tbody><tr><th class="invisible"></th></tr></tbody></table><p class="totop"><a href="file:///C:/MobilityAutomation/test-output/emailable-report.html#summary">back to summary</a></p>
<h3 id="m91">automationTestCases.FLTY_17_Elec_Initial_Risk_Assessment_Page_Abort_Chrome#main</h3><table class="result"><tbody><tr><th class="invisible"></th></tr></tbody></table><p class="totop"><a href="file:///C:/MobilityAutomation/test-output/emailable-report.html#summary">back to summary</a></p>
<h3 id="m92">automationTestCases.FLTY_17_Elec_Risk_Assessment_Page_Abort_Chrome#main</h3><table class="result"><tbody><tr><th class="invisible"></th></tr></tbody></table><p class="totop"><a href="file:///C:/MobilityAutomation/test-output/emailable-report.html#summary">back to summary</a></p>
<h3 id="m93">automationTestCases.FLTY_2_Doorstep_Protocol_Page_Abort_Doorstep_Procedure_Fail_Chrome#main</h3><table class="result"><tbody><tr><th class="invisible"></th></tr></tbody></table><p class="totop"><a href="file:///C:/MobilityAutomation/test-output/emailable-report.html#summary">back to summary</a></p>
<h3 id="m94">automationTestCases.INST_5_Doorstep_Protocol_Page_Abort_Doorstep_Procedure_Fail_Chrome#main</h3><table class="result"><tbody><tr><th class="invisible"></th></tr></tbody></table><p class="totop"><a href="file:///C:/MobilityAutomation/test-output/emailable-report.html#summary">back to summary</a></p>
<h3 id="m95">automationTestCases.INST_5_Elec_Initial_Risk_Assessment_Page_Abort_Chrome#main</h3><table class="result"><tbody><tr><th class="invisible"></th></tr></tbody></table><p class="totop"><a href="file:///C:/MobilityAutomation/test-output/emailable-report.html#summary">back to summary</a></p>
<h3 id="m96">automationTestCases.INST_5_Elec_Risk_Assessment_Page_Abort_Chrome#main</h3><table class="result"><tbody><tr><th class="invisible"></th></tr></tbody></table><p class="totop"><a href="file:///C:/MobilityAutomation/test-output/emailable-report.html#summary">back to summary</a></p>
<h3 id="m97">automationTestCases.NMEX_5_Doorstep_Protocol_Page_Abort_Doorstep_Procedure_Fail_Chrome#main</h3><table class="result"><tbody><tr><th class="invisible"></th></tr></tbody></table><p class="totop"><a href="file:///C:/MobilityAutomation/test-output/emailable-report.html#summary">back to summary</a></p>
<h3 id="m98">automationTestCases.RMVE_1_Doorstep_Protocol_Page_Abort_Doorstep_Procedure_Fail_Chrome#main</h3><table class="result"><tbody><tr><th class="invisible"></th></tr></tbody></table><p class="totop"><a href="file:///C:/MobilityAutomation/test-output/emailable-report.html#summary">back to summary</a></p>


</body></html>